{"/Users/mauricio/Projects/lugo4ts/src/core.ts": {"path":"/Users/mauricio/Projects/lugo4ts/src/core.ts","all":false,"statementMap":{"0":{"start":{"line":1,"column":0},"end":{"line":1,"column":32}},"1":{"start":{"line":2,"column":0},"end":{"line":2,"column":31}},"2":{"start":{"line":3,"column":0},"end":{"line":3,"column":32}},"3":{"start":{"line":4,"column":0},"end":{"line":4,"column":33}},"4":{"start":{"line":5,"column":0},"end":{"line":5,"column":35}},"5":{"start":{"line":6,"column":0},"end":{"line":6,"column":31}},"6":{"start":{"line":7,"column":0},"end":{"line":7,"column":31}},"7":{"start":{"line":8,"column":0},"end":{"line":8,"column":37}},"8":{"start":{"line":9,"column":0},"end":{"line":9,"column":33}},"9":{"start":{"line":10,"column":0},"end":{"line":10,"column":31}},"11":{"start":{"line":12,"column":0},"end":{"line":12,"column":33}},"12":{"start":{"line":13,"column":0},"end":{"line":13,"column":33}},"14":{"start":{"line":15,"column":0},"end":{"line":15,"column":40}},"15":{"start":{"line":16,"column":0},"end":{"line":16,"column":41}},"17":{"start":{"line":18,"column":0},"end":{"line":18,"column":37}},"18":{"start":{"line":19,"column":0},"end":{"line":19,"column":30}},"19":{"start":{"line":20,"column":0},"end":{"line":20,"column":33}},"21":{"start":{"line":22,"column":0},"end":{"line":22,"column":34}},"23":{"start":{"line":24,"column":0},"end":{"line":24,"column":34}},"24":{"start":{"line":25,"column":0},"end":{"line":25,"column":30}},"25":{"start":{"line":26,"column":0},"end":{"line":26,"column":33}},"26":{"start":{"line":27,"column":0},"end":{"line":27,"column":36}},"27":{"start":{"line":28,"column":0},"end":{"line":28,"column":38}},"29":{"start":{"line":30,"column":0},"end":{"line":30,"column":33}}},"s":{"0":1,"1":1,"2":1,"3":1,"4":1,"5":1,"6":1,"7":1,"8":1,"9":1,"11":1,"12":1,"14":1,"15":1,"17":1,"18":1,"19":1,"21":1,"23":1,"24":1,"25":1,"26":1,"27":1,"29":1},"branchMap":{},"b":{},"fnMap":{},"f":{}}
,"/Users/mauricio/Projects/lugo4ts/src/errors.ts": {"path":"/Users/mauricio/Projects/lugo4ts/src/errors.ts","all":false,"statementMap":{"0":{"start":{"line":1,"column":0},"end":{"line":1,"column":45}},"2":{"start":{"line":3,"column":0},"end":{"line":3,"column":46}},"3":{"start":{"line":4,"column":0},"end":{"line":4,"column":16}},"4":{"start":{"line":5,"column":0},"end":{"line":5,"column":26}},"5":{"start":{"line":6,"column":0},"end":{"line":6,"column":29}},"6":{"start":{"line":7,"column":0},"end":{"line":7,"column":7}},"7":{"start":{"line":8,"column":0},"end":{"line":8,"column":80}},"8":{"start":{"line":9,"column":0},"end":{"line":9,"column":40}},"9":{"start":{"line":10,"column":0},"end":{"line":10,"column":65}},"10":{"start":{"line":11,"column":0},"end":{"line":11,"column":5}},"11":{"start":{"line":12,"column":0},"end":{"line":12,"column":1}},"13":{"start":{"line":14,"column":0},"end":{"line":14,"column":44}},"14":{"start":{"line":15,"column":0},"end":{"line":15,"column":19}},"15":{"start":{"line":16,"column":0},"end":{"line":16,"column":32}},"16":{"start":{"line":17,"column":0},"end":{"line":17,"column":38}},"17":{"start":{"line":18,"column":0},"end":{"line":18,"column":63}},"18":{"start":{"line":19,"column":0},"end":{"line":19,"column":5}},"19":{"start":{"line":20,"column":0},"end":{"line":20,"column":1}},"21":{"start":{"line":22,"column":0},"end":{"line":22,"column":48}},"22":{"start":{"line":23,"column":0},"end":{"line":23,"column":19}},"23":{"start":{"line":24,"column":0},"end":{"line":24,"column":37}},"24":{"start":{"line":25,"column":0},"end":{"line":25,"column":42}},"25":{"start":{"line":26,"column":0},"end":{"line":26,"column":67}},"26":{"start":{"line":27,"column":0},"end":{"line":27,"column":5}},"27":{"start":{"line":28,"column":0},"end":{"line":28,"column":1}},"29":{"start":{"line":30,"column":0},"end":{"line":30,"column":48}},"30":{"start":{"line":31,"column":0},"end":{"line":31,"column":19}},"31":{"start":{"line":32,"column":0},"end":{"line":32,"column":37}},"32":{"start":{"line":33,"column":0},"end":{"line":33,"column":42}},"33":{"start":{"line":34,"column":0},"end":{"line":34,"column":67}},"34":{"start":{"line":35,"column":0},"end":{"line":35,"column":5}},"35":{"start":{"line":36,"column":0},"end":{"line":36,"column":1}},"37":{"start":{"line":38,"column":0},"end":{"line":38,"column":49}},"38":{"start":{"line":39,"column":0},"end":{"line":39,"column":19}},"39":{"start":{"line":40,"column":0},"end":{"line":40,"column":47}},"40":{"start":{"line":41,"column":0},"end":{"line":41,"column":43}},"41":{"start":{"line":42,"column":0},"end":{"line":42,"column":68}},"42":{"start":{"line":43,"column":0},"end":{"line":43,"column":5}},"43":{"start":{"line":44,"column":0},"end":{"line":44,"column":1}},"45":{"start":{"line":46,"column":0},"end":{"line":46,"column":49}},"46":{"start":{"line":47,"column":0},"end":{"line":47,"column":19}},"47":{"start":{"line":48,"column":0},"end":{"line":48,"column":47}},"48":{"start":{"line":49,"column":0},"end":{"line":49,"column":43}},"49":{"start":{"line":50,"column":0},"end":{"line":50,"column":68}},"50":{"start":{"line":51,"column":0},"end":{"line":51,"column":5}},"51":{"start":{"line":52,"column":0},"end":{"line":52,"column":1}},"53":{"start":{"line":54,"column":0},"end":{"line":54,"column":49}},"54":{"start":{"line":55,"column":0},"end":{"line":55,"column":19}},"55":{"start":{"line":56,"column":0},"end":{"line":56,"column":47}},"56":{"start":{"line":57,"column":0},"end":{"line":57,"column":43}},"57":{"start":{"line":58,"column":0},"end":{"line":58,"column":68}},"58":{"start":{"line":59,"column":0},"end":{"line":59,"column":5}},"59":{"start":{"line":60,"column":0},"end":{"line":60,"column":1}},"63":{"start":{"line":64,"column":0},"end":{"line":64,"column":48}},"64":{"start":{"line":65,"column":0},"end":{"line":65,"column":36}},"65":{"start":{"line":66,"column":0},"end":{"line":66,"column":99}},"66":{"start":{"line":67,"column":0},"end":{"line":67,"column":42}},"67":{"start":{"line":68,"column":0},"end":{"line":68,"column":67}},"68":{"start":{"line":69,"column":0},"end":{"line":69,"column":5}},"69":{"start":{"line":70,"column":0},"end":{"line":70,"column":1}},"73":{"start":{"line":74,"column":0},"end":{"line":74,"column":44}},"74":{"start":{"line":75,"column":0},"end":{"line":75,"column":19}},"75":{"start":{"line":76,"column":0},"end":{"line":76,"column":63}},"76":{"start":{"line":77,"column":0},"end":{"line":77,"column":38}},"77":{"start":{"line":78,"column":0},"end":{"line":78,"column":63}},"78":{"start":{"line":79,"column":0},"end":{"line":79,"column":5}},"79":{"start":{"line":80,"column":0},"end":{"line":80,"column":1}},"81":{"start":{"line":82,"column":0},"end":{"line":82,"column":65}},"82":{"start":{"line":83,"column":0},"end":{"line":83,"column":39}},"83":{"start":{"line":84,"column":0},"end":{"line":84,"column":71}},"84":{"start":{"line":85,"column":0},"end":{"line":85,"column":59}},"85":{"start":{"line":86,"column":0},"end":{"line":86,"column":84}},"86":{"start":{"line":87,"column":0},"end":{"line":87,"column":5}},"87":{"start":{"line":88,"column":0},"end":{"line":88,"column":1}},"89":{"start":{"line":90,"column":0},"end":{"line":90,"column":60}},"90":{"start":{"line":91,"column":0},"end":{"line":91,"column":39}},"91":{"start":{"line":92,"column":0},"end":{"line":92,"column":61}},"92":{"start":{"line":93,"column":0},"end":{"line":93,"column":54}},"93":{"start":{"line":94,"column":0},"end":{"line":94,"column":79}},"94":{"start":{"line":95,"column":0},"end":{"line":95,"column":5}},"95":{"start":{"line":96,"column":0},"end":{"line":96,"column":1}},"97":{"start":{"line":98,"column":0},"end":{"line":98,"column":51}},"98":{"start":{"line":99,"column":0},"end":{"line":99,"column":30}},"99":{"start":{"line":100,"column":0},"end":{"line":100,"column":107}},"100":{"start":{"line":101,"column":0},"end":{"line":101,"column":45}},"101":{"start":{"line":102,"column":0},"end":{"line":102,"column":70}},"102":{"start":{"line":103,"column":0},"end":{"line":103,"column":5}},"103":{"start":{"line":104,"column":0},"end":{"line":104,"column":1}},"105":{"start":{"line":106,"column":0},"end":{"line":106,"column":56}},"106":{"start":{"line":107,"column":0},"end":{"line":107,"column":39}},"107":{"start":{"line":108,"column":0},"end":{"line":108,"column":99}},"108":{"start":{"line":109,"column":0},"end":{"line":109,"column":50}},"109":{"start":{"line":110,"column":0},"end":{"line":110,"column":75}},"110":{"start":{"line":111,"column":0},"end":{"line":111,"column":5}},"111":{"start":{"line":112,"column":0},"end":{"line":112,"column":1}},"113":{"start":{"line":114,"column":0},"end":{"line":114,"column":52}},"114":{"start":{"line":115,"column":0},"end":{"line":115,"column":31}},"115":{"start":{"line":116,"column":0},"end":{"line":116,"column":56}},"116":{"start":{"line":117,"column":0},"end":{"line":117,"column":46}},"117":{"start":{"line":118,"column":0},"end":{"line":118,"column":71}},"118":{"start":{"line":119,"column":0},"end":{"line":119,"column":5}},"119":{"start":{"line":120,"column":0},"end":{"line":120,"column":1}},"123":{"start":{"line":124,"column":0},"end":{"line":124,"column":52}},"124":{"start":{"line":125,"column":0},"end":{"line":125,"column":65}},"125":{"start":{"line":126,"column":0},"end":{"line":126,"column":95}},"126":{"start":{"line":127,"column":0},"end":{"line":127,"column":48}},"127":{"start":{"line":128,"column":0},"end":{"line":128,"column":71}},"128":{"start":{"line":129,"column":0},"end":{"line":129,"column":5}},"129":{"start":{"line":130,"column":0},"end":{"line":130,"column":1}},"131":{"start":{"line":132,"column":0},"end":{"line":132,"column":52}},"132":{"start":{"line":133,"column":0},"end":{"line":133,"column":65}},"133":{"start":{"line":134,"column":0},"end":{"line":134,"column":94}},"134":{"start":{"line":135,"column":0},"end":{"line":135,"column":48}},"135":{"start":{"line":136,"column":0},"end":{"line":136,"column":71}},"136":{"start":{"line":137,"column":0},"end":{"line":137,"column":5}},"137":{"start":{"line":138,"column":0},"end":{"line":138,"column":1}},"139":{"start":{"line":140,"column":0},"end":{"line":140,"column":52}},"140":{"start":{"line":141,"column":0},"end":{"line":141,"column":64}},"141":{"start":{"line":142,"column":0},"end":{"line":142,"column":92}},"142":{"start":{"line":143,"column":0},"end":{"line":143,"column":46}},"143":{"start":{"line":144,"column":0},"end":{"line":144,"column":71}},"144":{"start":{"line":145,"column":0},"end":{"line":145,"column":5}},"145":{"start":{"line":146,"column":0},"end":{"line":146,"column":1}},"147":{"start":{"line":148,"column":0},"end":{"line":148,"column":52}},"148":{"start":{"line":149,"column":0},"end":{"line":149,"column":64}},"149":{"start":{"line":150,"column":0},"end":{"line":150,"column":93}},"150":{"start":{"line":151,"column":0},"end":{"line":151,"column":46}},"151":{"start":{"line":152,"column":0},"end":{"line":152,"column":71}},"152":{"start":{"line":153,"column":0},"end":{"line":153,"column":5}},"153":{"start":{"line":154,"column":0},"end":{"line":154,"column":1}},"157":{"start":{"line":158,"column":0},"end":{"line":158,"column":43}},"158":{"start":{"line":159,"column":0},"end":{"line":159,"column":41}},"159":{"start":{"line":160,"column":0},"end":{"line":160,"column":64}},"160":{"start":{"line":161,"column":0},"end":{"line":161,"column":37}},"161":{"start":{"line":162,"column":0},"end":{"line":162,"column":62}},"162":{"start":{"line":163,"column":0},"end":{"line":163,"column":5}},"163":{"start":{"line":164,"column":0},"end":{"line":164,"column":1}},"167":{"start":{"line":168,"column":0},"end":{"line":168,"column":50}},"168":{"start":{"line":169,"column":0},"end":{"line":169,"column":41}},"169":{"start":{"line":170,"column":0},"end":{"line":170,"column":69}},"170":{"start":{"line":171,"column":0},"end":{"line":171,"column":44}},"171":{"start":{"line":172,"column":0},"end":{"line":172,"column":69}},"172":{"start":{"line":173,"column":0},"end":{"line":173,"column":5}},"173":{"start":{"line":174,"column":0},"end":{"line":174,"column":1}},"176":{"start":{"line":177,"column":0},"end":{"line":177,"column":47}},"177":{"start":{"line":178,"column":0},"end":{"line":178,"column":45}},"178":{"start":{"line":179,"column":0},"end":{"line":179,"column":83}},"179":{"start":{"line":180,"column":0},"end":{"line":180,"column":41}},"180":{"start":{"line":181,"column":0},"end":{"line":181,"column":66}},"181":{"start":{"line":182,"column":0},"end":{"line":182,"column":5}},"182":{"start":{"line":183,"column":0},"end":{"line":183,"column":1}},"184":{"start":{"line":185,"column":0},"end":{"line":185,"column":51}},"185":{"start":{"line":186,"column":0},"end":{"line":186,"column":39}},"186":{"start":{"line":187,"column":0},"end":{"line":187,"column":60}},"187":{"start":{"line":188,"column":0},"end":{"line":188,"column":45}},"188":{"start":{"line":189,"column":0},"end":{"line":189,"column":70}},"189":{"start":{"line":190,"column":0},"end":{"line":190,"column":5}},"190":{"start":{"line":191,"column":0},"end":{"line":191,"column":1}},"192":{"start":{"line":193,"column":0},"end":{"line":193,"column":48}},"193":{"start":{"line":194,"column":0},"end":{"line":194,"column":32}},"194":{"start":{"line":195,"column":0},"end":{"line":195,"column":82}},"195":{"start":{"line":196,"column":0},"end":{"line":196,"column":42}},"196":{"start":{"line":197,"column":0},"end":{"line":197,"column":67}},"197":{"start":{"line":198,"column":0},"end":{"line":198,"column":5}},"198":{"start":{"line":199,"column":0},"end":{"line":199,"column":1}},"200":{"start":{"line":201,"column":0},"end":{"line":201,"column":41}},"201":{"start":{"line":202,"column":0},"end":{"line":202,"column":19}},"202":{"start":{"line":203,"column":0},"end":{"line":203,"column":48}},"203":{"start":{"line":204,"column":0},"end":{"line":204,"column":35}},"204":{"start":{"line":205,"column":0},"end":{"line":205,"column":60}},"205":{"start":{"line":206,"column":0},"end":{"line":206,"column":5}},"206":{"start":{"line":207,"column":0},"end":{"line":207,"column":1}},"209":{"start":{"line":210,"column":0},"end":{"line":210,"column":55}},"210":{"start":{"line":211,"column":0},"end":{"line":211,"column":33}},"211":{"start":{"line":212,"column":0},"end":{"line":212,"column":85}},"212":{"start":{"line":213,"column":0},"end":{"line":213,"column":49}},"213":{"start":{"line":214,"column":0},"end":{"line":214,"column":74}},"214":{"start":{"line":215,"column":0},"end":{"line":215,"column":5}},"215":{"start":{"line":216,"column":0},"end":{"line":216,"column":1}},"218":{"start":{"line":219,"column":0},"end":{"line":219,"column":54}},"219":{"start":{"line":220,"column":0},"end":{"line":220,"column":47}},"220":{"start":{"line":221,"column":0},"end":{"line":221,"column":62}},"221":{"start":{"line":222,"column":0},"end":{"line":222,"column":48}},"222":{"start":{"line":223,"column":0},"end":{"line":223,"column":73}},"223":{"start":{"line":224,"column":0},"end":{"line":224,"column":5}},"224":{"start":{"line":225,"column":0},"end":{"line":225,"column":1}}},"s":{"0":1,"2":1,"3":1,"4":3,"5":3,"6":3,"7":3,"8":3,"9":3,"10":3,"11":1,"13":1,"14":1,"15":0,"16":0,"17":0,"18":0,"19":1,"21":1,"22":1,"23":0,"24":0,"25":0,"26":0,"27":1,"29":1,"30":1,"31":0,"32":0,"33":0,"34":0,"35":1,"37":1,"38":1,"39":6,"40":6,"41":6,"42":6,"43":1,"45":1,"46":1,"47":4,"48":4,"49":4,"50":4,"51":1,"53":1,"54":1,"55":1,"56":1,"57":1,"58":1,"59":1,"63":1,"64":1,"65":3,"66":3,"67":3,"68":3,"69":1,"73":1,"74":1,"75":1,"76":1,"77":1,"78":1,"79":1,"81":1,"82":1,"83":0,"84":0,"85":0,"86":0,"87":1,"89":1,"90":1,"91":0,"92":0,"93":0,"94":0,"95":1,"97":1,"98":1,"99":0,"100":0,"101":0,"102":0,"103":1,"105":1,"106":1,"107":0,"108":0,"109":0,"110":0,"111":1,"113":1,"114":1,"115":0,"116":0,"117":0,"118":0,"119":1,"123":1,"124":1,"125":2,"126":2,"127":2,"128":2,"129":1,"131":1,"132":1,"133":2,"134":2,"135":2,"136":2,"137":1,"139":1,"140":1,"141":2,"142":2,"143":2,"144":2,"145":1,"147":1,"148":1,"149":2,"150":2,"151":2,"152":2,"153":1,"157":1,"158":1,"159":0,"160":0,"161":0,"162":0,"163":1,"167":1,"168":1,"169":0,"170":0,"171":0,"172":0,"173":1,"176":1,"177":1,"178":4,"179":4,"180":4,"181":4,"182":1,"184":1,"185":1,"186":4,"187":4,"188":4,"189":4,"190":1,"192":1,"193":1,"194":2,"195":2,"196":2,"197":2,"198":1,"200":1,"201":1,"202":2,"203":2,"204":2,"205":2,"206":1,"209":1,"210":1,"211":2,"212":2,"213":2,"214":2,"215":1,"218":1,"219":1,"220":2,"221":2,"222":2,"223":2,"224":1},"branchMap":{"0":{"type":"branch","line":4,"loc":{"start":{"line":4,"column":4},"end":{"line":11,"column":5}},"locations":[{"start":{"line":4,"column":4},"end":{"line":11,"column":5}}]},"1":{"type":"branch","line":39,"loc":{"start":{"line":39,"column":4},"end":{"line":43,"column":5}},"locations":[{"start":{"line":39,"column":4},"end":{"line":43,"column":5}}]},"2":{"type":"branch","line":47,"loc":{"start":{"line":47,"column":4},"end":{"line":51,"column":5}},"locations":[{"start":{"line":47,"column":4},"end":{"line":51,"column":5}}]},"3":{"type":"branch","line":55,"loc":{"start":{"line":55,"column":4},"end":{"line":59,"column":5}},"locations":[{"start":{"line":55,"column":4},"end":{"line":59,"column":5}}]},"4":{"type":"branch","line":65,"loc":{"start":{"line":65,"column":4},"end":{"line":69,"column":5}},"locations":[{"start":{"line":65,"column":4},"end":{"line":69,"column":5}}]},"5":{"type":"branch","line":75,"loc":{"start":{"line":75,"column":4},"end":{"line":79,"column":5}},"locations":[{"start":{"line":75,"column":4},"end":{"line":79,"column":5}}]},"6":{"type":"branch","line":125,"loc":{"start":{"line":125,"column":4},"end":{"line":129,"column":5}},"locations":[{"start":{"line":125,"column":4},"end":{"line":129,"column":5}}]},"7":{"type":"branch","line":133,"loc":{"start":{"line":133,"column":4},"end":{"line":137,"column":5}},"locations":[{"start":{"line":133,"column":4},"end":{"line":137,"column":5}}]},"8":{"type":"branch","line":141,"loc":{"start":{"line":141,"column":4},"end":{"line":145,"column":5}},"locations":[{"start":{"line":141,"column":4},"end":{"line":145,"column":5}}]},"9":{"type":"branch","line":149,"loc":{"start":{"line":149,"column":4},"end":{"line":153,"column":5}},"locations":[{"start":{"line":149,"column":4},"end":{"line":153,"column":5}}]},"10":{"type":"branch","line":178,"loc":{"start":{"line":178,"column":4},"end":{"line":182,"column":5}},"locations":[{"start":{"line":178,"column":4},"end":{"line":182,"column":5}}]},"11":{"type":"branch","line":186,"loc":{"start":{"line":186,"column":4},"end":{"line":190,"column":5}},"locations":[{"start":{"line":186,"column":4},"end":{"line":190,"column":5}}]},"12":{"type":"branch","line":194,"loc":{"start":{"line":194,"column":4},"end":{"line":198,"column":5}},"locations":[{"start":{"line":194,"column":4},"end":{"line":198,"column":5}}]},"13":{"type":"branch","line":202,"loc":{"start":{"line":202,"column":4},"end":{"line":206,"column":5}},"locations":[{"start":{"line":202,"column":4},"end":{"line":206,"column":5}}]},"14":{"type":"branch","line":211,"loc":{"start":{"line":211,"column":4},"end":{"line":215,"column":5}},"locations":[{"start":{"line":211,"column":4},"end":{"line":215,"column":5}}]},"15":{"type":"branch","line":220,"loc":{"start":{"line":220,"column":4},"end":{"line":224,"column":5}},"locations":[{"start":{"line":220,"column":4},"end":{"line":224,"column":5}}]}},"b":{"0":[3],"1":[6],"2":[4],"3":[1],"4":[3],"5":[1],"6":[2],"7":[2],"8":[2],"9":[2],"10":[4],"11":[4],"12":[2],"13":[2],"14":[2],"15":[2]},"fnMap":{"0":{"name":"ErrPlayerNotFound","decl":{"start":{"line":4,"column":4},"end":{"line":11,"column":5}},"loc":{"start":{"line":4,"column":4},"end":{"line":11,"column":5}},"line":4},"1":{"name":"ErrBallNotFound","decl":{"start":{"line":15,"column":4},"end":{"line":19,"column":5}},"loc":{"start":{"line":15,"column":4},"end":{"line":19,"column":5}},"line":15},"2":{"name":"ErrHomeTeamNotFound","decl":{"start":{"line":23,"column":4},"end":{"line":27,"column":5}},"loc":{"start":{"line":23,"column":4},"end":{"line":27,"column":5}},"line":23},"3":{"name":"ErrAwayTeamNotFound","decl":{"start":{"line":31,"column":4},"end":{"line":35,"column":5}},"loc":{"start":{"line":31,"column":4},"end":{"line":35,"column":5}},"line":31},"4":{"name":"ErrMoveZeroDirection","decl":{"start":{"line":39,"column":4},"end":{"line":43,"column":5}},"loc":{"start":{"line":39,"column":4},"end":{"line":43,"column":5}},"line":39},"5":{"name":"ErrKickZeroDirection","decl":{"start":{"line":47,"column":4},"end":{"line":51,"column":5}},"loc":{"start":{"line":47,"column":4},"end":{"line":51,"column":5}},"line":47},"6":{"name":"ErrJumpZeroDirection","decl":{"start":{"line":55,"column":4},"end":{"line":59,"column":5}},"loc":{"start":{"line":55,"column":4},"end":{"line":59,"column":5}},"line":55},"7":{"name":"ErrBotInvalidNumber","decl":{"start":{"line":65,"column":4},"end":{"line":69,"column":5}},"loc":{"start":{"line":65,"column":4},"end":{"line":69,"column":5}},"line":65},"8":{"name":"ErrEnvNeedToken","decl":{"start":{"line":75,"column":4},"end":{"line":79,"column":5}},"loc":{"start":{"line":75,"column":4},"end":{"line":79,"column":5}},"line":75},"9":{"name":"ErrFormationPlayerPositionNotDefined","decl":{"start":{"line":83,"column":4},"end":{"line":87,"column":5}},"loc":{"start":{"line":83,"column":4},"end":{"line":87,"column":5}},"line":83},"10":{"name":"ErrFormationInvalidPlayerNumber","decl":{"start":{"line":91,"column":4},"end":{"line":95,"column":5}},"loc":{"start":{"line":91,"column":4},"end":{"line":95,"column":5}},"line":91},"11":{"name":"ErrFormationInvalidKey","decl":{"start":{"line":99,"column":4},"end":{"line":103,"column":5}},"loc":{"start":{"line":99,"column":4},"end":{"line":103,"column":5}},"line":99},"12":{"name":"ErrFormationInvalidPosition","decl":{"start":{"line":107,"column":4},"end":{"line":111,"column":5}},"loc":{"start":{"line":107,"column":4},"end":{"line":111,"column":5}},"line":107},"13":{"name":"ErrFormationInvalidType","decl":{"start":{"line":115,"column":4},"end":{"line":119,"column":5}},"loc":{"start":{"line":115,"column":4},"end":{"line":119,"column":5}},"line":115},"14":{"name":"ErrMapperColsOutOfRange","decl":{"start":{"line":125,"column":4},"end":{"line":129,"column":5}},"loc":{"start":{"line":125,"column":4},"end":{"line":129,"column":5}},"line":125},"15":{"name":"ErrMapperRowsOutOfRange","decl":{"start":{"line":133,"column":4},"end":{"line":137,"column":5}},"loc":{"start":{"line":133,"column":4},"end":{"line":137,"column":5}},"line":133},"16":{"name":"ErrMapperRowOutOfMapped","decl":{"start":{"line":141,"column":4},"end":{"line":145,"column":5}},"loc":{"start":{"line":141,"column":4},"end":{"line":145,"column":5}},"line":141},"17":{"name":"ErrMapperColOutOfMapped","decl":{"start":{"line":149,"column":4},"end":{"line":153,"column":5}},"loc":{"start":{"line":149,"column":4},"end":{"line":153,"column":5}},"line":149},"18":{"name":"ErrSideInvalid","decl":{"start":{"line":159,"column":4},"end":{"line":163,"column":5}},"loc":{"start":{"line":159,"column":4},"end":{"line":163,"column":5}},"line":159},"19":{"name":"ErrPlayerInvalidState","decl":{"start":{"line":169,"column":4},"end":{"line":173,"column":5}},"loc":{"start":{"line":169,"column":4},"end":{"line":173,"column":5}},"line":169},"20":{"name":"ErrTeamInvalidSide","decl":{"start":{"line":178,"column":4},"end":{"line":182,"column":5}},"loc":{"start":{"line":178,"column":4},"end":{"line":182,"column":5}},"line":178},"21":{"name":"ErrTeamDuplicatePlayer","decl":{"start":{"line":186,"column":4},"end":{"line":190,"column":5}},"loc":{"start":{"line":186,"column":4},"end":{"line":190,"column":5}},"line":186},"22":{"name":"ErrTeamInvalidScore","decl":{"start":{"line":194,"column":4},"end":{"line":198,"column":5}},"loc":{"start":{"line":194,"column":4},"end":{"line":198,"column":5}},"line":194},"23":{"name":"ErrTeamEmpty","decl":{"start":{"line":202,"column":4},"end":{"line":206,"column":5}},"loc":{"start":{"line":202,"column":4},"end":{"line":206,"column":5}},"line":202},"24":{"name":"ErrMathInterpolationFactor","decl":{"start":{"line":211,"column":4},"end":{"line":215,"column":5}},"loc":{"start":{"line":211,"column":4},"end":{"line":215,"column":5}},"line":211},"25":{"name":"ErrGameInvalidPlayerState","decl":{"start":{"line":220,"column":4},"end":{"line":224,"column":5}},"loc":{"start":{"line":220,"column":4},"end":{"line":224,"column":5}},"line":220}},"f":{"0":3,"1":0,"2":0,"3":0,"4":6,"5":4,"6":1,"7":3,"8":1,"9":0,"10":0,"11":0,"12":0,"13":0,"14":2,"15":2,"16":2,"17":2,"18":0,"19":0,"20":4,"21":4,"22":2,"23":2,"24":2,"25":2}}
,"/Users/mauricio/Projects/lugo4ts/src/interfaces.ts": {"path":"/Users/mauricio/Projects/lugo4ts/src/interfaces.ts","all":false,"statementMap":{"0":{"start":{"line":1,"column":0},"end":{"line":1,"column":37}},"1":{"start":{"line":2,"column":0},"end":{"line":2,"column":36}},"2":{"start":{"line":3,"column":0},"end":{"line":3,"column":39}},"3":{"start":{"line":4,"column":0},"end":{"line":4,"column":43}},"4":{"start":{"line":5,"column":0},"end":{"line":5,"column":36}},"5":{"start":{"line":6,"column":0},"end":{"line":6,"column":42}},"6":{"start":{"line":7,"column":0},"end":{"line":7,"column":47}},"7":{"start":{"line":8,"column":0},"end":{"line":8,"column":46}},"8":{"start":{"line":9,"column":0},"end":{"line":9,"column":37}},"9":{"start":{"line":10,"column":0},"end":{"line":10,"column":44}},"10":{"start":{"line":11,"column":0},"end":{"line":11,"column":44}},"11":{"start":{"line":12,"column":0},"end":{"line":12,"column":36}},"12":{"start":{"line":13,"column":0},"end":{"line":13,"column":39}},"13":{"start":{"line":14,"column":0},"end":{"line":14,"column":39}},"14":{"start":{"line":15,"column":0},"end":{"line":15,"column":45}},"15":{"start":{"line":16,"column":0},"end":{"line":16,"column":39}},"16":{"start":{"line":17,"column":0},"end":{"line":17,"column":43}},"17":{"start":{"line":18,"column":0},"end":{"line":18,"column":37}},"18":{"start":{"line":19,"column":0},"end":{"line":19,"column":41}}},"s":{"0":1,"1":1,"2":1,"3":1,"4":1,"5":1,"6":1,"7":1,"8":1,"9":1,"10":1,"11":1,"12":1,"13":1,"14":1,"15":1,"16":1,"17":1,"18":1},"branchMap":{},"b":{},"fnMap":{},"f":{}}
,"/Users/mauricio/Projects/lugo4ts/src/lugo.ts": {"path":"/Users/mauricio/Projects/lugo4ts/src/lugo.ts","all":false,"statementMap":{"0":{"start":{"line":1,"column":0},"end":{"line":1,"column":108}},"1":{"start":{"line":2,"column":0},"end":{"line":2,"column":8}},"11":{"start":{"line":12,"column":0},"end":{"line":12,"column":8}},"23":{"start":{"line":24,"column":0},"end":{"line":24,"column":112}},"25":{"start":{"line":26,"column":0},"end":{"line":26,"column":66}},"31":{"start":{"line":32,"column":0},"end":{"line":32,"column":60}},"32":{"start":{"line":33,"column":0},"end":{"line":33,"column":47}},"33":{"start":{"line":34,"column":0},"end":{"line":34,"column":1}},"35":{"start":{"line":36,"column":0},"end":{"line":36,"column":55}},"36":{"start":{"line":37,"column":0},"end":{"line":37,"column":90}},"37":{"start":{"line":38,"column":0},"end":{"line":38,"column":1}},"39":{"start":{"line":40,"column":0},"end":{"line":40,"column":66}},"40":{"start":{"line":41,"column":0},"end":{"line":41,"column":52}},"41":{"start":{"line":42,"column":0},"end":{"line":42,"column":1}},"43":{"start":{"line":44,"column":0},"end":{"line":44,"column":61}},"44":{"start":{"line":45,"column":0},"end":{"line":45,"column":69}},"45":{"start":{"line":46,"column":0},"end":{"line":46,"column":1}},"47":{"start":{"line":48,"column":0},"end":{"line":48,"column":72}},"48":{"start":{"line":49,"column":0},"end":{"line":49,"column":119}},"49":{"start":{"line":50,"column":0},"end":{"line":50,"column":1}},"51":{"start":{"line":52,"column":0},"end":{"line":52,"column":67}},"52":{"start":{"line":53,"column":0},"end":{"line":53,"column":32}},"53":{"start":{"line":54,"column":0},"end":{"line":54,"column":57}},"54":{"start":{"line":55,"column":0},"end":{"line":55,"column":35}},"55":{"start":{"line":56,"column":0},"end":{"line":56,"column":7}},"56":{"start":{"line":57,"column":0},"end":{"line":57,"column":1}},"58":{"start":{"line":59,"column":0},"end":{"line":59,"column":64}},"59":{"start":{"line":60,"column":0},"end":{"line":60,"column":22}},"60":{"start":{"line":61,"column":0},"end":{"line":61,"column":26}},"61":{"start":{"line":62,"column":0},"end":{"line":62,"column":29}},"62":{"start":{"line":63,"column":0},"end":{"line":63,"column":71}},"63":{"start":{"line":64,"column":0},"end":{"line":64,"column":65}},"64":{"start":{"line":65,"column":0},"end":{"line":65,"column":69}},"65":{"start":{"line":66,"column":0},"end":{"line":66,"column":70}},"66":{"start":{"line":67,"column":0},"end":{"line":67,"column":6}},"67":{"start":{"line":68,"column":0},"end":{"line":68,"column":1}},"69":{"start":{"line":70,"column":0},"end":{"line":70,"column":59}},"70":{"start":{"line":71,"column":0},"end":{"line":71,"column":30}},"71":{"start":{"line":72,"column":0},"end":{"line":72,"column":35}},"72":{"start":{"line":73,"column":0},"end":{"line":73,"column":41}},"73":{"start":{"line":74,"column":0},"end":{"line":74,"column":50}},"74":{"start":{"line":75,"column":0},"end":{"line":75,"column":52}},"75":{"start":{"line":76,"column":0},"end":{"line":76,"column":60}},"76":{"start":{"line":77,"column":0},"end":{"line":77,"column":55}},"77":{"start":{"line":78,"column":0},"end":{"line":78,"column":7}},"78":{"start":{"line":79,"column":0},"end":{"line":79,"column":1}},"80":{"start":{"line":81,"column":0},"end":{"line":81,"column":56}},"81":{"start":{"line":82,"column":0},"end":{"line":82,"column":20}},"82":{"start":{"line":83,"column":0},"end":{"line":83,"column":117}},"83":{"start":{"line":84,"column":0},"end":{"line":84,"column":83}},"84":{"start":{"line":85,"column":0},"end":{"line":85,"column":64}},"85":{"start":{"line":86,"column":0},"end":{"line":86,"column":6}},"86":{"start":{"line":87,"column":0},"end":{"line":87,"column":1}},"88":{"start":{"line":89,"column":0},"end":{"line":89,"column":51}},"89":{"start":{"line":90,"column":0},"end":{"line":90,"column":28}},"90":{"start":{"line":91,"column":0},"end":{"line":91,"column":50}},"91":{"start":{"line":92,"column":0},"end":{"line":92,"column":53}},"92":{"start":{"line":93,"column":0},"end":{"line":93,"column":79}},"93":{"start":{"line":94,"column":0},"end":{"line":94,"column":7}},"94":{"start":{"line":95,"column":0},"end":{"line":95,"column":1}},"96":{"start":{"line":97,"column":0},"end":{"line":97,"column":72}},"97":{"start":{"line":98,"column":0},"end":{"line":98,"column":107}},"98":{"start":{"line":99,"column":0},"end":{"line":99,"column":1}},"100":{"start":{"line":101,"column":0},"end":{"line":101,"column":67}},"101":{"start":{"line":102,"column":0},"end":{"line":102,"column":33}},"102":{"start":{"line":103,"column":0},"end":{"line":103,"column":51}},"103":{"start":{"line":104,"column":0},"end":{"line":104,"column":58}},"104":{"start":{"line":105,"column":0},"end":{"line":105,"column":7}},"105":{"start":{"line":106,"column":0},"end":{"line":106,"column":1}},"107":{"start":{"line":108,"column":0},"end":{"line":108,"column":56}},"108":{"start":{"line":109,"column":0},"end":{"line":109,"column":48}},"110":{"start":{"line":111,"column":0},"end":{"line":111,"column":20}},"111":{"start":{"line":112,"column":0},"end":{"line":112,"column":28}},"112":{"start":{"line":113,"column":0},"end":{"line":113,"column":28}},"113":{"start":{"line":114,"column":0},"end":{"line":114,"column":38}},"114":{"start":{"line":115,"column":0},"end":{"line":115,"column":80}},"115":{"start":{"line":116,"column":0},"end":{"line":116,"column":6}},"116":{"start":{"line":117,"column":0},"end":{"line":117,"column":1}},"118":{"start":{"line":119,"column":0},"end":{"line":119,"column":51}},"119":{"start":{"line":120,"column":0},"end":{"line":120,"column":28}},"120":{"start":{"line":121,"column":0},"end":{"line":121,"column":29}},"121":{"start":{"line":122,"column":0},"end":{"line":122,"column":31}},"122":{"start":{"line":123,"column":0},"end":{"line":123,"column":40}},"123":{"start":{"line":124,"column":0},"end":{"line":124,"column":73}},"124":{"start":{"line":125,"column":0},"end":{"line":125,"column":7}},"125":{"start":{"line":126,"column":0},"end":{"line":126,"column":1}},"127":{"start":{"line":128,"column":0},"end":{"line":128,"column":75}},"128":{"start":{"line":129,"column":0},"end":{"line":129,"column":20}},"129":{"start":{"line":130,"column":0},"end":{"line":130,"column":40}},"130":{"start":{"line":131,"column":0},"end":{"line":131,"column":39}},"131":{"start":{"line":132,"column":0},"end":{"line":132,"column":42}},"132":{"start":{"line":133,"column":0},"end":{"line":133,"column":37}},"133":{"start":{"line":134,"column":0},"end":{"line":134,"column":42}},"134":{"start":{"line":135,"column":0},"end":{"line":135,"column":41}},"135":{"start":{"line":136,"column":0},"end":{"line":136,"column":40}},"136":{"start":{"line":137,"column":0},"end":{"line":137,"column":39}},"137":{"start":{"line":138,"column":0},"end":{"line":138,"column":41}},"138":{"start":{"line":139,"column":0},"end":{"line":139,"column":40}},"139":{"start":{"line":140,"column":0},"end":{"line":140,"column":37}},"140":{"start":{"line":141,"column":0},"end":{"line":141,"column":36}},"141":{"start":{"line":142,"column":0},"end":{"line":142,"column":16}},"142":{"start":{"line":143,"column":0},"end":{"line":143,"column":60}},"143":{"start":{"line":144,"column":0},"end":{"line":144,"column":5}},"144":{"start":{"line":145,"column":0},"end":{"line":145,"column":1}},"146":{"start":{"line":147,"column":0},"end":{"line":147,"column":73}},"147":{"start":{"line":148,"column":0},"end":{"line":148,"column":20}},"148":{"start":{"line":149,"column":0},"end":{"line":149,"column":33}},"149":{"start":{"line":150,"column":0},"end":{"line":150,"column":46}},"150":{"start":{"line":151,"column":0},"end":{"line":151,"column":31}},"151":{"start":{"line":152,"column":0},"end":{"line":152,"column":48}},"152":{"start":{"line":153,"column":0},"end":{"line":153,"column":35}},"153":{"start":{"line":154,"column":0},"end":{"line":154,"column":48}},"154":{"start":{"line":155,"column":0},"end":{"line":155,"column":33}},"155":{"start":{"line":156,"column":0},"end":{"line":156,"column":46}},"156":{"start":{"line":157,"column":0},"end":{"line":157,"column":34}},"157":{"start":{"line":158,"column":0},"end":{"line":158,"column":47}},"158":{"start":{"line":159,"column":0},"end":{"line":159,"column":30}},"159":{"start":{"line":160,"column":0},"end":{"line":160,"column":43}},"160":{"start":{"line":161,"column":0},"end":{"line":161,"column":16}},"161":{"start":{"line":162,"column":0},"end":{"line":162,"column":62}},"162":{"start":{"line":163,"column":0},"end":{"line":163,"column":5}},"163":{"start":{"line":164,"column":0},"end":{"line":164,"column":1}},"165":{"start":{"line":166,"column":0},"end":{"line":166,"column":80}},"166":{"start":{"line":167,"column":0},"end":{"line":167,"column":28}},"167":{"start":{"line":168,"column":0},"end":{"line":168,"column":42}},"168":{"start":{"line":169,"column":0},"end":{"line":169,"column":22}},"169":{"start":{"line":170,"column":0},"end":{"line":170,"column":72}},"170":{"start":{"line":171,"column":0},"end":{"line":171,"column":72}},"171":{"start":{"line":172,"column":0},"end":{"line":172,"column":64}},"172":{"start":{"line":173,"column":0},"end":{"line":173,"column":37}},"173":{"start":{"line":174,"column":0},"end":{"line":174,"column":78}},"174":{"start":{"line":175,"column":0},"end":{"line":175,"column":6}},"175":{"start":{"line":176,"column":0},"end":{"line":176,"column":1}},"177":{"start":{"line":178,"column":0},"end":{"line":178,"column":79}},"178":{"start":{"line":179,"column":0},"end":{"line":179,"column":36}},"179":{"start":{"line":180,"column":0},"end":{"line":180,"column":52}},"180":{"start":{"line":181,"column":0},"end":{"line":181,"column":33}},"181":{"start":{"line":182,"column":0},"end":{"line":182,"column":90}},"182":{"start":{"line":183,"column":0},"end":{"line":183,"column":90}},"183":{"start":{"line":184,"column":0},"end":{"line":184,"column":78}},"184":{"start":{"line":185,"column":0},"end":{"line":185,"column":63}},"185":{"start":{"line":186,"column":0},"end":{"line":186,"column":99}},"186":{"start":{"line":187,"column":0},"end":{"line":187,"column":7}},"187":{"start":{"line":188,"column":0},"end":{"line":188,"column":1}}},"s":{"0":1,"1":1,"11":1,"23":1,"25":1,"31":1,"32":3,"33":3,"35":1,"36":3,"37":3,"39":1,"40":0,"41":0,"43":1,"44":67,"45":67,"47":1,"48":0,"49":0,"51":1,"52":41,"53":41,"54":41,"55":41,"56":41,"58":1,"59":0,"60":0,"61":0,"62":0,"63":0,"64":0,"65":0,"66":0,"67":0,"69":1,"70":0,"71":0,"72":0,"73":0,"74":0,"75":0,"76":0,"77":0,"78":0,"80":1,"81":0,"82":0,"83":0,"84":0,"85":0,"86":0,"88":1,"89":0,"90":0,"91":0,"92":0,"93":0,"94":0,"96":1,"97":0,"98":0,"100":1,"101":0,"102":0,"103":0,"104":0,"105":0,"107":1,"108":0,"110":0,"111":0,"112":0,"113":0,"114":0,"115":0,"116":0,"118":1,"119":0,"120":0,"121":0,"122":0,"123":0,"124":0,"125":0,"127":1,"128":0,"129":0,"130":0,"131":0,"132":0,"133":0,"134":0,"135":0,"136":0,"137":0,"138":0,"139":0,"140":0,"141":0,"142":0,"143":0,"144":0,"146":1,"147":0,"148":0,"149":0,"150":0,"151":0,"152":0,"153":0,"154":0,"155":0,"156":0,"157":0,"158":0,"159":0,"160":0,"161":0,"162":0,"163":0,"165":1,"166":0,"167":0,"168":0,"169":0,"170":0,"171":0,"172":0,"173":0,"174":0,"175":0,"177":1,"178":0,"179":0,"180":0,"181":0,"182":0,"183":0,"184":0,"185":0,"186":0,"187":0},"branchMap":{"0":{"type":"branch","line":32,"loc":{"start":{"line":32,"column":7},"end":{"line":34,"column":1}},"locations":[{"start":{"line":32,"column":7},"end":{"line":34,"column":1}}]},"1":{"type":"branch","line":36,"loc":{"start":{"line":36,"column":7},"end":{"line":38,"column":1}},"locations":[{"start":{"line":36,"column":7},"end":{"line":38,"column":1}}]},"2":{"type":"branch","line":44,"loc":{"start":{"line":44,"column":7},"end":{"line":46,"column":1}},"locations":[{"start":{"line":44,"column":7},"end":{"line":46,"column":1}}]},"3":{"type":"branch","line":52,"loc":{"start":{"line":52,"column":7},"end":{"line":57,"column":1}},"locations":[{"start":{"line":52,"column":7},"end":{"line":57,"column":1}}]}},"b":{"0":[3],"1":[3],"2":[67],"3":[41]},"fnMap":{"0":{"name":"fromLugoPoint","decl":{"start":{"line":32,"column":7},"end":{"line":34,"column":1}},"loc":{"start":{"line":32,"column":7},"end":{"line":34,"column":1}},"line":32},"1":{"name":"toLugoPoint","decl":{"start":{"line":36,"column":7},"end":{"line":38,"column":1}},"loc":{"start":{"line":36,"column":7},"end":{"line":38,"column":1}},"line":36},"2":{"name":"fromLugoVector","decl":{"start":{"line":40,"column":7},"end":{"line":42,"column":1}},"loc":{"start":{"line":40,"column":7},"end":{"line":42,"column":1}},"line":40},"3":{"name":"toLugoVector","decl":{"start":{"line":44,"column":7},"end":{"line":46,"column":1}},"loc":{"start":{"line":44,"column":7},"end":{"line":46,"column":1}},"line":44},"4":{"name":"fromLugoVelocity","decl":{"start":{"line":48,"column":7},"end":{"line":50,"column":1}},"loc":{"start":{"line":48,"column":7},"end":{"line":50,"column":1}},"line":48},"5":{"name":"toLugoVelocity","decl":{"start":{"line":52,"column":7},"end":{"line":57,"column":1}},"loc":{"start":{"line":52,"column":7},"end":{"line":57,"column":1}},"line":52},"6":{"name":"fromLugoPlayer","decl":{"start":{"line":59,"column":7},"end":{"line":68,"column":1}},"loc":{"start":{"line":59,"column":7},"end":{"line":68,"column":1}},"line":59},"7":{"name":"toLugoPlayer","decl":{"start":{"line":70,"column":7},"end":{"line":79,"column":1}},"loc":{"start":{"line":70,"column":7},"end":{"line":79,"column":1}},"line":70},"8":{"name":"fromLugoBall","decl":{"start":{"line":81,"column":7},"end":{"line":87,"column":1}},"loc":{"start":{"line":81,"column":7},"end":{"line":87,"column":1}},"line":81},"9":{"name":"toLugoBall","decl":{"start":{"line":89,"column":7},"end":{"line":95,"column":1}},"loc":{"start":{"line":89,"column":7},"end":{"line":95,"column":1}},"line":89},"10":{"name":"fromLugoShotClock","decl":{"start":{"line":97,"column":7},"end":{"line":99,"column":1}},"loc":{"start":{"line":97,"column":7},"end":{"line":99,"column":1}},"line":97},"11":{"name":"toLugoShotClock","decl":{"start":{"line":101,"column":7},"end":{"line":106,"column":1}},"loc":{"start":{"line":101,"column":7},"end":{"line":106,"column":1}},"line":101},"12":{"name":"fromLugoTeam","decl":{"start":{"line":108,"column":7},"end":{"line":117,"column":1}},"loc":{"start":{"line":108,"column":7},"end":{"line":117,"column":1}},"line":108},"13":{"name":"toLugoTeam","decl":{"start":{"line":119,"column":7},"end":{"line":126,"column":1}},"loc":{"start":{"line":119,"column":7},"end":{"line":126,"column":1}},"line":119},"14":{"name":"fromLugoGameState","decl":{"start":{"line":128,"column":7},"end":{"line":145,"column":1}},"loc":{"start":{"line":128,"column":7},"end":{"line":145,"column":1}},"line":128},"15":{"name":"toLugoGameState","decl":{"start":{"line":147,"column":7},"end":{"line":164,"column":1}},"loc":{"start":{"line":147,"column":7},"end":{"line":164,"column":1}},"line":147},"16":{"name":"fromLugoGameSnapshot","decl":{"start":{"line":166,"column":7},"end":{"line":176,"column":1}},"loc":{"start":{"line":166,"column":7},"end":{"line":176,"column":1}},"line":166},"17":{"name":"toLugoGameSnapshot","decl":{"start":{"line":178,"column":7},"end":{"line":188,"column":1}},"loc":{"start":{"line":178,"column":7},"end":{"line":188,"column":1}},"line":178}},"f":{"0":3,"1":3,"2":0,"3":67,"4":0,"5":41,"6":0,"7":0,"8":0,"9":0,"10":0,"11":0,"12":0,"13":0,"14":0,"15":0,"16":0,"17":0}}
,"/Users/mauricio/Projects/lugo4ts/src/playground.ts": {"path":"/Users/mauricio/Projects/lugo4ts/src/playground.ts","all":false,"statementMap":{"0":{"start":{"line":1,"column":0},"end":{"line":1,"column":47}},"1":{"start":{"line":2,"column":0},"end":{"line":2,"column":47}},"2":{"start":{"line":3,"column":0},"end":{"line":3,"column":47}}},"s":{"0":1,"1":1,"2":1},"branchMap":{},"b":{},"fnMap":{},"f":{}}
,"/Users/mauricio/Projects/lugo4ts/src/utils.ts": {"path":"/Users/mauricio/Projects/lugo4ts/src/utils.ts","all":false,"statementMap":{"0":{"start":{"line":1,"column":0},"end":{"line":1,"column":32}},"1":{"start":{"line":2,"column":0},"end":{"line":2,"column":33}},"2":{"start":{"line":3,"column":0},"end":{"line":3,"column":37}},"3":{"start":{"line":4,"column":0},"end":{"line":4,"column":32}},"4":{"start":{"line":5,"column":0},"end":{"line":5,"column":42}},"5":{"start":{"line":6,"column":0},"end":{"line":6,"column":41}},"6":{"start":{"line":7,"column":0},"end":{"line":7,"column":34}},"7":{"start":{"line":8,"column":0},"end":{"line":8,"column":32}},"8":{"start":{"line":9,"column":0},"end":{"line":9,"column":34}},"9":{"start":{"line":10,"column":0},"end":{"line":10,"column":33}},"10":{"start":{"line":11,"column":0},"end":{"line":11,"column":34}},"11":{"start":{"line":12,"column":0},"end":{"line":12,"column":38}},"12":{"start":{"line":13,"column":0},"end":{"line":13,"column":32}},"13":{"start":{"line":14,"column":0},"end":{"line":14,"column":32}},"14":{"start":{"line":15,"column":0},"end":{"line":15,"column":32}},"15":{"start":{"line":16,"column":0},"end":{"line":16,"column":34}},"16":{"start":{"line":17,"column":0},"end":{"line":17,"column":36}}},"s":{"0":1,"1":1,"2":1,"3":1,"4":1,"5":1,"6":1,"7":1,"8":1,"9":1,"10":1,"11":1,"12":1,"13":1,"14":1,"15":1,"16":1},"branchMap":{},"b":{},"fnMap":{},"f":{}}
,"/Users/mauricio/Projects/lugo4ts/src/core/ball.ts": {"path":"/Users/mauricio/Projects/lugo4ts/src/core/ball.ts","all":false,"statementMap":{"2":{"start":{"line":3,"column":0},"end":{"line":3,"column":40}},"3":{"start":{"line":4,"column":0},"end":{"line":4,"column":40}},"5":{"start":{"line":6,"column":0},"end":{"line":6,"column":53}},"7":{"start":{"line":8,"column":0},"end":{"line":8,"column":36}},"8":{"start":{"line":9,"column":0},"end":{"line":9,"column":29}},"9":{"start":{"line":10,"column":0},"end":{"line":10,"column":32}},"11":{"start":{"line":12,"column":0},"end":{"line":12,"column":16}},"12":{"start":{"line":13,"column":0},"end":{"line":13,"column":32}},"13":{"start":{"line":14,"column":0},"end":{"line":14,"column":35}},"14":{"start":{"line":15,"column":0},"end":{"line":15,"column":38}},"15":{"start":{"line":16,"column":0},"end":{"line":16,"column":7}},"16":{"start":{"line":17,"column":0},"end":{"line":17,"column":90}},"17":{"start":{"line":18,"column":0},"end":{"line":18,"column":53}},"18":{"start":{"line":19,"column":0},"end":{"line":19,"column":5}},"20":{"start":{"line":21,"column":0},"end":{"line":21,"column":46}},"21":{"start":{"line":22,"column":0},"end":{"line":22,"column":62}},"22":{"start":{"line":23,"column":0},"end":{"line":23,"column":20}},"23":{"start":{"line":24,"column":0},"end":{"line":24,"column":5}},"25":{"start":{"line":26,"column":0},"end":{"line":26,"column":35}},"26":{"start":{"line":27,"column":0},"end":{"line":27,"column":54}},"27":{"start":{"line":28,"column":0},"end":{"line":28,"column":20}},"28":{"start":{"line":29,"column":0},"end":{"line":29,"column":5}},"30":{"start":{"line":31,"column":0},"end":{"line":31,"column":27}},"31":{"start":{"line":32,"column":0},"end":{"line":32,"column":29}},"32":{"start":{"line":33,"column":0},"end":{"line":33,"column":5}},"34":{"start":{"line":35,"column":0},"end":{"line":35,"column":41}},"35":{"start":{"line":36,"column":0},"end":{"line":36,"column":33}},"36":{"start":{"line":37,"column":0},"end":{"line":37,"column":20}},"37":{"start":{"line":38,"column":0},"end":{"line":38,"column":5}},"39":{"start":{"line":40,"column":0},"end":{"line":40,"column":30}},"40":{"start":{"line":41,"column":0},"end":{"line":41,"column":29}},"41":{"start":{"line":42,"column":0},"end":{"line":42,"column":5}},"43":{"start":{"line":44,"column":0},"end":{"line":44,"column":44}},"44":{"start":{"line":45,"column":0},"end":{"line":45,"column":33}},"45":{"start":{"line":46,"column":0},"end":{"line":46,"column":20}},"46":{"start":{"line":47,"column":0},"end":{"line":47,"column":5}},"48":{"start":{"line":49,"column":0},"end":{"line":49,"column":31}},"49":{"start":{"line":50,"column":0},"end":{"line":50,"column":49}},"50":{"start":{"line":51,"column":0},"end":{"line":51,"column":5}},"52":{"start":{"line":53,"column":0},"end":{"line":53,"column":24}},"53":{"start":{"line":54,"column":0},"end":{"line":54,"column":45}},"54":{"start":{"line":55,"column":0},"end":{"line":55,"column":5}},"56":{"start":{"line":57,"column":0},"end":{"line":57,"column":26}},"57":{"start":{"line":58,"column":0},"end":{"line":58,"column":29}},"58":{"start":{"line":59,"column":0},"end":{"line":59,"column":5}},"60":{"start":{"line":61,"column":0},"end":{"line":61,"column":33}},"61":{"start":{"line":62,"column":0},"end":{"line":62,"column":27}},"62":{"start":{"line":63,"column":0},"end":{"line":63,"column":5}},"64":{"start":{"line":65,"column":0},"end":{"line":65,"column":45}},"65":{"start":{"line":66,"column":0},"end":{"line":66,"column":29}},"66":{"start":{"line":67,"column":0},"end":{"line":67,"column":20}},"67":{"start":{"line":68,"column":0},"end":{"line":68,"column":5}},"69":{"start":{"line":70,"column":0},"end":{"line":70,"column":40}},"70":{"start":{"line":71,"column":0},"end":{"line":71,"column":39}},"71":{"start":{"line":72,"column":0},"end":{"line":72,"column":116}},"72":{"start":{"line":73,"column":0},"end":{"line":73,"column":5}},"74":{"start":{"line":75,"column":0},"end":{"line":75,"column":51}},"75":{"start":{"line":76,"column":0},"end":{"line":76,"column":68}},"76":{"start":{"line":77,"column":0},"end":{"line":77,"column":5}},"78":{"start":{"line":79,"column":0},"end":{"line":79,"column":48}},"79":{"start":{"line":80,"column":0},"end":{"line":80,"column":53}},"80":{"start":{"line":81,"column":0},"end":{"line":81,"column":5}},"82":{"start":{"line":83,"column":0},"end":{"line":83,"column":51}},"83":{"start":{"line":84,"column":0},"end":{"line":84,"column":66}},"84":{"start":{"line":85,"column":0},"end":{"line":85,"column":5}},"86":{"start":{"line":87,"column":0},"end":{"line":87,"column":47}},"87":{"start":{"line":88,"column":0},"end":{"line":88,"column":67}},"88":{"start":{"line":89,"column":0},"end":{"line":89,"column":5}},"90":{"start":{"line":91,"column":0},"end":{"line":91,"column":44}},"91":{"start":{"line":92,"column":0},"end":{"line":92,"column":52}},"92":{"start":{"line":93,"column":0},"end":{"line":93,"column":5}},"94":{"start":{"line":95,"column":0},"end":{"line":95,"column":47}},"95":{"start":{"line":96,"column":0},"end":{"line":96,"column":65}},"96":{"start":{"line":97,"column":0},"end":{"line":97,"column":5}},"97":{"start":{"line":98,"column":0},"end":{"line":98,"column":1}}},"s":{"2":1,"3":1,"5":1,"7":1,"8":195,"9":195,"11":195,"12":195,"13":195,"14":195,"15":195,"16":195,"17":195,"18":195,"20":195,"21":0,"22":0,"23":0,"25":195,"26":0,"27":0,"28":0,"30":195,"31":130,"32":130,"34":195,"35":1,"36":1,"37":1,"39":195,"40":52,"41":52,"43":195,"44":1,"45":1,"46":1,"48":195,"49":3,"50":3,"52":195,"53":3,"54":3,"56":195,"57":3,"58":3,"60":195,"61":150,"62":150,"64":195,"65":0,"66":0,"67":0,"69":195,"70":2,"71":2,"72":2,"74":195,"75":1,"76":1,"78":195,"79":1,"80":1,"82":195,"83":1,"84":1,"86":195,"87":1,"88":1,"90":195,"91":1,"92":1,"94":195,"95":1,"96":1,"97":195},"branchMap":{"0":{"type":"branch","line":8,"loc":{"start":{"line":8,"column":35},"end":{"line":98,"column":1}},"locations":[{"start":{"line":8,"column":35},"end":{"line":98,"column":1}}]},"1":{"type":"branch","line":12,"loc":{"start":{"line":12,"column":4},"end":{"line":19,"column":5}},"locations":[{"start":{"line":12,"column":4},"end":{"line":19,"column":5}}]},"2":{"type":"branch","line":17,"loc":{"start":{"line":17,"column":24},"end":{"line":17,"column":90}},"locations":[{"start":{"line":17,"column":24},"end":{"line":17,"column":90}}]},"3":{"type":"branch","line":18,"loc":{"start":{"line":18,"column":24},"end":{"line":18,"column":53}},"locations":[{"start":{"line":18,"column":24},"end":{"line":18,"column":53}}]},"4":{"type":"branch","line":31,"loc":{"start":{"line":31,"column":4},"end":{"line":33,"column":5}},"locations":[{"start":{"line":31,"column":4},"end":{"line":33,"column":5}}]},"5":{"type":"branch","line":35,"loc":{"start":{"line":35,"column":4},"end":{"line":38,"column":5}},"locations":[{"start":{"line":35,"column":4},"end":{"line":38,"column":5}}]},"6":{"type":"branch","line":40,"loc":{"start":{"line":40,"column":4},"end":{"line":42,"column":5}},"locations":[{"start":{"line":40,"column":4},"end":{"line":42,"column":5}}]},"7":{"type":"branch","line":44,"loc":{"start":{"line":44,"column":4},"end":{"line":47,"column":5}},"locations":[{"start":{"line":44,"column":4},"end":{"line":47,"column":5}}]},"8":{"type":"branch","line":49,"loc":{"start":{"line":49,"column":4},"end":{"line":51,"column":5}},"locations":[{"start":{"line":49,"column":4},"end":{"line":51,"column":5}}]},"9":{"type":"branch","line":53,"loc":{"start":{"line":53,"column":4},"end":{"line":55,"column":5}},"locations":[{"start":{"line":53,"column":4},"end":{"line":55,"column":5}}]},"10":{"type":"branch","line":57,"loc":{"start":{"line":57,"column":4},"end":{"line":59,"column":5}},"locations":[{"start":{"line":57,"column":4},"end":{"line":59,"column":5}}]},"11":{"type":"branch","line":61,"loc":{"start":{"line":61,"column":4},"end":{"line":63,"column":5}},"locations":[{"start":{"line":61,"column":4},"end":{"line":63,"column":5}}]},"12":{"type":"branch","line":70,"loc":{"start":{"line":70,"column":4},"end":{"line":73,"column":5}},"locations":[{"start":{"line":70,"column":4},"end":{"line":73,"column":5}}]},"13":{"type":"branch","line":71,"loc":{"start":{"line":71,"column":26},"end":{"line":71,"column":39}},"locations":[{"start":{"line":71,"column":26},"end":{"line":71,"column":39}}]},"14":{"type":"branch","line":72,"loc":{"start":{"line":72,"column":60},"end":{"line":72,"column":116}},"locations":[{"start":{"line":72,"column":60},"end":{"line":72,"column":116}}]},"15":{"type":"branch","line":75,"loc":{"start":{"line":75,"column":4},"end":{"line":77,"column":5}},"locations":[{"start":{"line":75,"column":4},"end":{"line":77,"column":5}}]},"16":{"type":"branch","line":79,"loc":{"start":{"line":79,"column":4},"end":{"line":81,"column":5}},"locations":[{"start":{"line":79,"column":4},"end":{"line":81,"column":5}}]},"17":{"type":"branch","line":83,"loc":{"start":{"line":83,"column":4},"end":{"line":85,"column":5}},"locations":[{"start":{"line":83,"column":4},"end":{"line":85,"column":5}}]},"18":{"type":"branch","line":87,"loc":{"start":{"line":87,"column":4},"end":{"line":89,"column":5}},"locations":[{"start":{"line":87,"column":4},"end":{"line":89,"column":5}}]},"19":{"type":"branch","line":91,"loc":{"start":{"line":91,"column":4},"end":{"line":93,"column":5}},"locations":[{"start":{"line":91,"column":4},"end":{"line":93,"column":5}}]},"20":{"type":"branch","line":95,"loc":{"start":{"line":95,"column":4},"end":{"line":97,"column":5}},"locations":[{"start":{"line":95,"column":4},"end":{"line":97,"column":5}}]}},"b":{"0":[195],"1":[195],"2":[0],"3":[0],"4":[130],"5":[1],"6":[52],"7":[1],"8":[3],"9":[3],"10":[3],"11":[150],"12":[2],"13":[0],"14":[1],"15":[1],"16":[1],"17":[1],"18":[1],"19":[1],"20":[1]},"fnMap":{"0":{"name":"<instance_members_initializer>","decl":{"start":{"line":8,"column":35},"end":{"line":98,"column":1}},"loc":{"start":{"line":8,"column":35},"end":{"line":98,"column":1}},"line":8},"1":{"name":"Ball","decl":{"start":{"line":12,"column":4},"end":{"line":19,"column":5}},"loc":{"start":{"line":12,"column":4},"end":{"line":19,"column":5}},"line":12},"2":{"name":"setDirection","decl":{"start":{"line":21,"column":4},"end":{"line":24,"column":5}},"loc":{"start":{"line":21,"column":4},"end":{"line":24,"column":5}},"line":21},"3":{"name":"setSpeed","decl":{"start":{"line":26,"column":4},"end":{"line":29,"column":5}},"loc":{"start":{"line":26,"column":4},"end":{"line":29,"column":5}},"line":26},"4":{"name":"getPosition","decl":{"start":{"line":31,"column":4},"end":{"line":33,"column":5}},"loc":{"start":{"line":31,"column":4},"end":{"line":33,"column":5}},"line":31},"5":{"name":"setPosition","decl":{"start":{"line":35,"column":4},"end":{"line":38,"column":5}},"loc":{"start":{"line":35,"column":4},"end":{"line":38,"column":5}},"line":35},"6":{"name":"getVelocity","decl":{"start":{"line":40,"column":4},"end":{"line":42,"column":5}},"loc":{"start":{"line":40,"column":4},"end":{"line":42,"column":5}},"line":40},"7":{"name":"setVelocity","decl":{"start":{"line":44,"column":4},"end":{"line":47,"column":5}},"loc":{"start":{"line":44,"column":4},"end":{"line":47,"column":5}},"line":44},"8":{"name":"getDirection","decl":{"start":{"line":49,"column":4},"end":{"line":51,"column":5}},"loc":{"start":{"line":49,"column":4},"end":{"line":51,"column":5}},"line":49},"9":{"name":"getSpeed","decl":{"start":{"line":53,"column":4},"end":{"line":55,"column":5}},"loc":{"start":{"line":53,"column":4},"end":{"line":55,"column":5}},"line":53},"10":{"name":"hasHolder","decl":{"start":{"line":57,"column":4},"end":{"line":59,"column":5}},"loc":{"start":{"line":57,"column":4},"end":{"line":59,"column":5}},"line":57},"11":{"name":"getHolder","decl":{"start":{"line":61,"column":4},"end":{"line":63,"column":5}},"loc":{"start":{"line":61,"column":4},"end":{"line":63,"column":5}},"line":61},"12":{"name":"setHolder","decl":{"start":{"line":65,"column":4},"end":{"line":68,"column":5}},"loc":{"start":{"line":65,"column":4},"end":{"line":68,"column":5}},"line":65},"13":{"name":"holderIs","decl":{"start":{"line":70,"column":4},"end":{"line":73,"column":5}},"loc":{"start":{"line":70,"column":4},"end":{"line":73,"column":5}},"line":70},"14":{"name":"directionToPlayer","decl":{"start":{"line":75,"column":4},"end":{"line":77,"column":5}},"loc":{"start":{"line":75,"column":4},"end":{"line":77,"column":5}},"line":75},"15":{"name":"directionToPoint","decl":{"start":{"line":79,"column":4},"end":{"line":81,"column":5}},"loc":{"start":{"line":79,"column":4},"end":{"line":81,"column":5}},"line":79},"16":{"name":"directionToRegion","decl":{"start":{"line":83,"column":4},"end":{"line":85,"column":5}},"loc":{"start":{"line":83,"column":4},"end":{"line":85,"column":5}},"line":83},"17":{"name":"distanceToPlayer","decl":{"start":{"line":87,"column":4},"end":{"line":89,"column":5}},"loc":{"start":{"line":87,"column":4},"end":{"line":89,"column":5}},"line":87},"18":{"name":"distanceToPoint","decl":{"start":{"line":91,"column":4},"end":{"line":93,"column":5}},"loc":{"start":{"line":91,"column":4},"end":{"line":93,"column":5}},"line":91},"19":{"name":"distanceToRegion","decl":{"start":{"line":95,"column":4},"end":{"line":97,"column":5}},"loc":{"start":{"line":95,"column":4},"end":{"line":97,"column":5}},"line":95}},"f":{"0":195,"1":195,"2":0,"3":0,"4":130,"5":1,"6":52,"7":1,"8":3,"9":3,"10":3,"11":150,"12":0,"13":2,"14":1,"15":1,"16":1,"17":1,"18":1,"19":1}}
,"/Users/mauricio/Projects/lugo4ts/src/core/client.ts": {"path":"/Users/mauricio/Projects/lugo4ts/src/core/client.ts","all":false,"statementMap":{"0":{"start":{"line":1,"column":0},"end":{"line":1,"column":46}},"2":{"start":{"line":3,"column":0},"end":{"line":3,"column":57}},"3":{"start":{"line":4,"column":0},"end":{"line":4,"column":44}},"4":{"start":{"line":5,"column":0},"end":{"line":5,"column":60}},"6":{"start":{"line":7,"column":0},"end":{"line":7,"column":58}},"7":{"start":{"line":8,"column":0},"end":{"line":8,"column":90}},"9":{"start":{"line":10,"column":0},"end":{"line":10,"column":62}},"15":{"start":{"line":16,"column":0},"end":{"line":16,"column":40}},"16":{"start":{"line":17,"column":0},"end":{"line":17,"column":32}},"17":{"start":{"line":18,"column":0},"end":{"line":18,"column":32}},"19":{"start":{"line":20,"column":0},"end":{"line":20,"column":16}},"20":{"start":{"line":21,"column":0},"end":{"line":21,"column":34}},"21":{"start":{"line":22,"column":0},"end":{"line":22,"column":30}},"22":{"start":{"line":23,"column":0},"end":{"line":23,"column":27}},"23":{"start":{"line":24,"column":0},"end":{"line":24,"column":31}},"24":{"start":{"line":25,"column":0},"end":{"line":25,"column":36}},"25":{"start":{"line":26,"column":0},"end":{"line":26,"column":8}},"27":{"start":{"line":28,"column":0},"end":{"line":28,"column":68}},"32":{"start":{"line":33,"column":0},"end":{"line":33,"column":45}},"33":{"start":{"line":34,"column":0},"end":{"line":34,"column":33}},"34":{"start":{"line":35,"column":0},"end":{"line":35,"column":61}},"35":{"start":{"line":36,"column":0},"end":{"line":36,"column":28}},"36":{"start":{"line":37,"column":0},"end":{"line":37,"column":82}},"37":{"start":{"line":38,"column":0},"end":{"line":38,"column":14}},"38":{"start":{"line":39,"column":0},"end":{"line":39,"column":11}},"45":{"start":{"line":46,"column":0},"end":{"line":46,"column":48}},"47":{"start":{"line":48,"column":0},"end":{"line":48,"column":20}},"48":{"start":{"line":49,"column":0},"end":{"line":49,"column":141}},"49":{"start":{"line":50,"column":0},"end":{"line":50,"column":10}},"51":{"start":{"line":52,"column":0},"end":{"line":52,"column":46}},"52":{"start":{"line":53,"column":0},"end":{"line":53,"column":30}},"53":{"start":{"line":54,"column":0},"end":{"line":54,"column":37}},"54":{"start":{"line":55,"column":0},"end":{"line":55,"column":43}},"55":{"start":{"line":56,"column":0},"end":{"line":56,"column":32}},"56":{"start":{"line":57,"column":0},"end":{"line":57,"column":57}},"57":{"start":{"line":58,"column":0},"end":{"line":58,"column":11}},"59":{"start":{"line":60,"column":0},"end":{"line":60,"column":73}},"61":{"start":{"line":62,"column":0},"end":{"line":62,"column":72}},"62":{"start":{"line":63,"column":0},"end":{"line":63,"column":26}},"63":{"start":{"line":64,"column":0},"end":{"line":64,"column":159}},"64":{"start":{"line":65,"column":0},"end":{"line":65,"column":14}},"66":{"start":{"line":67,"column":0},"end":{"line":67,"column":39}},"67":{"start":{"line":68,"column":0},"end":{"line":68,"column":11}},"69":{"start":{"line":70,"column":0},"end":{"line":70,"column":43}},"70":{"start":{"line":71,"column":0},"end":{"line":71,"column":109}},"71":{"start":{"line":72,"column":0},"end":{"line":72,"column":11}},"73":{"start":{"line":74,"column":0},"end":{"line":74,"column":87}},"77":{"start":{"line":78,"column":0},"end":{"line":78,"column":66}},"78":{"start":{"line":79,"column":0},"end":{"line":79,"column":107}},"79":{"start":{"line":80,"column":0},"end":{"line":80,"column":39}},"80":{"start":{"line":81,"column":0},"end":{"line":81,"column":13}},"86":{"start":{"line":87,"column":0},"end":{"line":87,"column":66}},"88":{"start":{"line":89,"column":0},"end":{"line":89,"column":107}},"89":{"start":{"line":90,"column":0},"end":{"line":90,"column":55}},"90":{"start":{"line":91,"column":0},"end":{"line":91,"column":13}},"94":{"start":{"line":95,"column":0},"end":{"line":95,"column":61}},"95":{"start":{"line":96,"column":0},"end":{"line":96,"column":45}},"96":{"start":{"line":97,"column":0},"end":{"line":97,"column":13}},"100":{"start":{"line":101,"column":0},"end":{"line":101,"column":64}},"101":{"start":{"line":102,"column":0},"end":{"line":102,"column":52}},"102":{"start":{"line":103,"column":0},"end":{"line":103,"column":13}},"108":{"start":{"line":109,"column":0},"end":{"line":109,"column":65}},"109":{"start":{"line":110,"column":0},"end":{"line":110,"column":51}},"110":{"start":{"line":111,"column":0},"end":{"line":111,"column":13}},"115":{"start":{"line":116,"column":0},"end":{"line":116,"column":64}},"116":{"start":{"line":117,"column":0},"end":{"line":117,"column":62}},"117":{"start":{"line":118,"column":0},"end":{"line":118,"column":13}},"118":{"start":{"line":119,"column":0},"end":{"line":119,"column":9}},"119":{"start":{"line":120,"column":0},"end":{"line":120,"column":5}},"121":{"start":{"line":122,"column":0},"end":{"line":122,"column":111}},"126":{"start":{"line":127,"column":0},"end":{"line":127,"column":45}},"127":{"start":{"line":128,"column":0},"end":{"line":128,"column":33}},"128":{"start":{"line":129,"column":0},"end":{"line":129,"column":61}},"129":{"start":{"line":130,"column":0},"end":{"line":130,"column":28}},"130":{"start":{"line":131,"column":0},"end":{"line":131,"column":82}},"131":{"start":{"line":132,"column":0},"end":{"line":132,"column":14}},"132":{"start":{"line":133,"column":0},"end":{"line":133,"column":11}},"139":{"start":{"line":140,"column":0},"end":{"line":140,"column":48}},"141":{"start":{"line":142,"column":0},"end":{"line":142,"column":20}},"142":{"start":{"line":143,"column":0},"end":{"line":143,"column":141}},"143":{"start":{"line":144,"column":0},"end":{"line":144,"column":10}},"145":{"start":{"line":146,"column":0},"end":{"line":146,"column":46}},"146":{"start":{"line":147,"column":0},"end":{"line":147,"column":30}},"147":{"start":{"line":148,"column":0},"end":{"line":148,"column":37}},"148":{"start":{"line":149,"column":0},"end":{"line":149,"column":43}},"149":{"start":{"line":150,"column":0},"end":{"line":150,"column":32}},"150":{"start":{"line":151,"column":0},"end":{"line":151,"column":57}},"151":{"start":{"line":152,"column":0},"end":{"line":152,"column":11}},"153":{"start":{"line":154,"column":0},"end":{"line":154,"column":52}},"155":{"start":{"line":156,"column":0},"end":{"line":156,"column":72}},"156":{"start":{"line":157,"column":0},"end":{"line":157,"column":26}},"157":{"start":{"line":158,"column":0},"end":{"line":158,"column":125}},"158":{"start":{"line":159,"column":0},"end":{"line":159,"column":14}},"159":{"start":{"line":160,"column":0},"end":{"line":160,"column":11}},"161":{"start":{"line":162,"column":0},"end":{"line":162,"column":43}},"162":{"start":{"line":163,"column":0},"end":{"line":163,"column":109}},"163":{"start":{"line":164,"column":0},"end":{"line":164,"column":11}},"165":{"start":{"line":166,"column":0},"end":{"line":166,"column":87}},"169":{"start":{"line":170,"column":0},"end":{"line":170,"column":66}},"170":{"start":{"line":171,"column":0},"end":{"line":171,"column":107}},"171":{"start":{"line":172,"column":0},"end":{"line":172,"column":42}},"172":{"start":{"line":173,"column":0},"end":{"line":173,"column":13}},"178":{"start":{"line":179,"column":0},"end":{"line":179,"column":66}},"180":{"start":{"line":181,"column":0},"end":{"line":181,"column":107}},"181":{"start":{"line":182,"column":0},"end":{"line":182,"column":57}},"182":{"start":{"line":183,"column":0},"end":{"line":183,"column":50}},"183":{"start":{"line":184,"column":0},"end":{"line":184,"column":92}},"184":{"start":{"line":185,"column":0},"end":{"line":185,"column":59}},"185":{"start":{"line":186,"column":0},"end":{"line":186,"column":46}},"186":{"start":{"line":187,"column":0},"end":{"line":187,"column":19}},"187":{"start":{"line":188,"column":0},"end":{"line":188,"column":56}},"188":{"start":{"line":189,"column":0},"end":{"line":189,"column":13}},"192":{"start":{"line":193,"column":0},"end":{"line":193,"column":61}},"193":{"start":{"line":194,"column":0},"end":{"line":194,"column":45}},"194":{"start":{"line":195,"column":0},"end":{"line":195,"column":13}},"198":{"start":{"line":199,"column":0},"end":{"line":199,"column":64}},"199":{"start":{"line":200,"column":0},"end":{"line":200,"column":52}},"200":{"start":{"line":201,"column":0},"end":{"line":201,"column":13}},"206":{"start":{"line":207,"column":0},"end":{"line":207,"column":65}},"207":{"start":{"line":208,"column":0},"end":{"line":208,"column":51}},"208":{"start":{"line":209,"column":0},"end":{"line":209,"column":13}},"213":{"start":{"line":214,"column":0},"end":{"line":214,"column":64}},"214":{"start":{"line":215,"column":0},"end":{"line":215,"column":62}},"215":{"start":{"line":216,"column":0},"end":{"line":216,"column":13}},"216":{"start":{"line":217,"column":0},"end":{"line":217,"column":9}},"217":{"start":{"line":218,"column":0},"end":{"line":218,"column":5}},"219":{"start":{"line":220,"column":0},"end":{"line":220,"column":55}},"220":{"start":{"line":221,"column":0},"end":{"line":221,"column":46}},"221":{"start":{"line":222,"column":0},"end":{"line":222,"column":5}},"223":{"start":{"line":224,"column":0},"end":{"line":224,"column":73}},"224":{"start":{"line":225,"column":0},"end":{"line":225,"column":37}},"226":{"start":{"line":227,"column":0},"end":{"line":227,"column":51}},"227":{"start":{"line":228,"column":0},"end":{"line":228,"column":37}},"229":{"start":{"line":230,"column":0},"end":{"line":230,"column":49}},"231":{"start":{"line":232,"column":0},"end":{"line":232,"column":32}},"232":{"start":{"line":233,"column":0},"end":{"line":233,"column":62}},"233":{"start":{"line":234,"column":0},"end":{"line":234,"column":16}},"234":{"start":{"line":235,"column":0},"end":{"line":235,"column":34}},"235":{"start":{"line":236,"column":0},"end":{"line":236,"column":43}},"236":{"start":{"line":237,"column":0},"end":{"line":237,"column":56}},"237":{"start":{"line":238,"column":0},"end":{"line":238,"column":26}},"238":{"start":{"line":239,"column":0},"end":{"line":239,"column":41}},"239":{"start":{"line":240,"column":0},"end":{"line":240,"column":54}},"240":{"start":{"line":241,"column":0},"end":{"line":241,"column":26}},"241":{"start":{"line":242,"column":0},"end":{"line":242,"column":43}},"242":{"start":{"line":243,"column":0},"end":{"line":243,"column":56}},"243":{"start":{"line":244,"column":0},"end":{"line":244,"column":26}},"244":{"start":{"line":245,"column":0},"end":{"line":245,"column":44}},"245":{"start":{"line":246,"column":0},"end":{"line":246,"column":57}},"246":{"start":{"line":247,"column":0},"end":{"line":247,"column":26}},"247":{"start":{"line":248,"column":0},"end":{"line":248,"column":24}},"248":{"start":{"line":249,"column":0},"end":{"line":249,"column":32}},"249":{"start":{"line":250,"column":0},"end":{"line":250,"column":13}},"250":{"start":{"line":251,"column":0},"end":{"line":251,"column":9}},"252":{"start":{"line":253,"column":0},"end":{"line":253,"column":42}},"253":{"start":{"line":254,"column":0},"end":{"line":254,"column":84}},"254":{"start":{"line":255,"column":0},"end":{"line":255,"column":52}},"255":{"start":{"line":256,"column":0},"end":{"line":256,"column":38}},"256":{"start":{"line":257,"column":0},"end":{"line":257,"column":11}},"258":{"start":{"line":259,"column":0},"end":{"line":259,"column":36}},"260":{"start":{"line":261,"column":0},"end":{"line":261,"column":24}},"261":{"start":{"line":262,"column":0},"end":{"line":262,"column":5}},"263":{"start":{"line":264,"column":0},"end":{"line":264,"column":84}},"264":{"start":{"line":265,"column":0},"end":{"line":265,"column":13}},"265":{"start":{"line":266,"column":0},"end":{"line":266,"column":62}},"267":{"start":{"line":268,"column":0},"end":{"line":268,"column":52}},"269":{"start":{"line":270,"column":0},"end":{"line":270,"column":25}},"270":{"start":{"line":271,"column":0},"end":{"line":271,"column":58}},"271":{"start":{"line":272,"column":0},"end":{"line":272,"column":9}},"272":{"start":{"line":273,"column":0},"end":{"line":273,"column":5}},"274":{"start":{"line":275,"column":0},"end":{"line":275,"column":48}},"275":{"start":{"line":276,"column":0},"end":{"line":276,"column":32}},"276":{"start":{"line":277,"column":0},"end":{"line":277,"column":20}},"277":{"start":{"line":278,"column":0},"end":{"line":278,"column":117}},"278":{"start":{"line":279,"column":0},"end":{"line":279,"column":10}},"280":{"start":{"line":281,"column":0},"end":{"line":281,"column":19}},"281":{"start":{"line":282,"column":0},"end":{"line":282,"column":5}},"283":{"start":{"line":284,"column":0},"end":{"line":284,"column":21}},"284":{"start":{"line":285,"column":0},"end":{"line":285,"column":25}},"285":{"start":{"line":286,"column":0},"end":{"line":286,"column":5}},"287":{"start":{"line":288,"column":0},"end":{"line":288,"column":25}},"288":{"start":{"line":289,"column":0},"end":{"line":289,"column":27}},"289":{"start":{"line":290,"column":0},"end":{"line":290,"column":5}},"290":{"start":{"line":291,"column":0},"end":{"line":291,"column":1}}},"s":{"0":1,"2":1,"3":1,"4":1,"6":1,"7":1,"9":1,"15":1,"16":0,"17":0,"19":0,"20":0,"21":0,"22":0,"23":0,"24":0,"25":0,"27":0,"32":0,"33":0,"34":0,"35":0,"36":0,"37":0,"38":0,"45":0,"47":0,"48":0,"49":0,"51":0,"52":0,"53":0,"54":0,"55":0,"56":0,"57":0,"59":0,"61":0,"62":0,"63":0,"64":0,"66":0,"67":0,"69":0,"70":0,"71":0,"73":0,"77":0,"78":0,"79":0,"80":0,"86":0,"88":0,"89":0,"90":0,"94":0,"95":0,"96":0,"100":0,"101":0,"102":0,"108":0,"109":0,"110":0,"115":0,"116":0,"117":0,"118":0,"119":0,"121":0,"126":0,"127":0,"128":0,"129":0,"130":0,"131":0,"132":0,"139":0,"141":0,"142":0,"143":0,"145":0,"146":0,"147":0,"148":0,"149":0,"150":0,"151":0,"153":0,"155":0,"156":0,"157":0,"158":0,"159":0,"161":0,"162":0,"163":0,"165":0,"169":0,"170":0,"171":0,"172":0,"178":0,"180":0,"181":0,"182":0,"183":0,"184":0,"185":0,"186":0,"187":0,"188":0,"192":0,"193":0,"194":0,"198":0,"199":0,"200":0,"206":0,"207":0,"208":0,"213":0,"214":0,"215":0,"216":0,"217":0,"219":0,"220":0,"221":0,"223":0,"224":0,"226":0,"227":0,"229":0,"231":0,"232":0,"233":0,"234":0,"235":0,"236":0,"237":0,"238":0,"239":0,"240":0,"241":0,"242":0,"243":0,"244":0,"245":0,"246":0,"247":0,"248":0,"249":0,"250":0,"252":0,"253":0,"254":0,"255":0,"256":0,"258":0,"260":0,"261":0,"263":0,"264":0,"265":0,"267":0,"269":0,"270":0,"271":0,"272":0,"274":0,"275":0,"276":0,"277":0,"278":0,"280":0,"281":0,"283":0,"284":0,"285":0,"287":0,"288":0,"289":0,"290":0},"branchMap":{},"b":{},"fnMap":{"0":{"name":"<instance_members_initializer>","decl":{"start":{"line":16,"column":39},"end":{"line":291,"column":1}},"loc":{"start":{"line":16,"column":39},"end":{"line":291,"column":1}},"line":16}},"f":{"0":0}}
,"/Users/mauricio/Projects/lugo4ts/src/core/compass.ts": {"path":"/Users/mauricio/Projects/lugo4ts/src/core/compass.ts","all":false,"statementMap":{"0":{"start":{"line":1,"column":0},"end":{"line":1,"column":44}},"2":{"start":{"line":3,"column":0},"end":{"line":3,"column":22}},"4":{"start":{"line":5,"column":0},"end":{"line":5,"column":49}},"6":{"start":{"line":7,"column":0},"end":{"line":7,"column":52}},"8":{"start":{"line":9,"column":0},"end":{"line":9,"column":52}},"10":{"start":{"line":11,"column":0},"end":{"line":11,"column":51}},"12":{"start":{"line":13,"column":0},"end":{"line":13,"column":53}},"14":{"start":{"line":15,"column":0},"end":{"line":15,"column":52}},"16":{"start":{"line":17,"column":0},"end":{"line":17,"column":50}},"18":{"start":{"line":19,"column":0},"end":{"line":19,"column":53}},"20":{"start":{"line":21,"column":0},"end":{"line":21,"column":53}},"22":{"start":{"line":23,"column":0},"end":{"line":23,"column":52}},"24":{"start":{"line":25,"column":0},"end":{"line":25,"column":54}},"26":{"start":{"line":27,"column":0},"end":{"line":27,"column":53}},"28":{"start":{"line":29,"column":0},"end":{"line":29,"column":51}},"30":{"start":{"line":31,"column":0},"end":{"line":31,"column":53}},"32":{"start":{"line":33,"column":0},"end":{"line":33,"column":53}},"34":{"start":{"line":35,"column":0},"end":{"line":35,"column":52}},"36":{"start":{"line":37,"column":0},"end":{"line":37,"column":54}},"38":{"start":{"line":39,"column":0},"end":{"line":39,"column":53}},"40":{"start":{"line":41,"column":0},"end":{"line":41,"column":51}},"42":{"start":{"line":43,"column":0},"end":{"line":43,"column":53}},"44":{"start":{"line":45,"column":0},"end":{"line":45,"column":53}},"46":{"start":{"line":47,"column":0},"end":{"line":47,"column":52}},"48":{"start":{"line":49,"column":0},"end":{"line":49,"column":54}},"50":{"start":{"line":51,"column":0},"end":{"line":51,"column":53}},"52":{"start":{"line":53,"column":0},"end":{"line":53,"column":40}},"53":{"start":{"line":54,"column":0},"end":{"line":54,"column":58}},"54":{"start":{"line":55,"column":0},"end":{"line":55,"column":48}},"55":{"start":{"line":56,"column":0},"end":{"line":56,"column":5}},"57":{"start":{"line":58,"column":0},"end":{"line":58,"column":57}},"58":{"start":{"line":59,"column":0},"end":{"line":59,"column":42}},"59":{"start":{"line":60,"column":0},"end":{"line":60,"column":87}},"60":{"start":{"line":61,"column":0},"end":{"line":61,"column":5}},"61":{"start":{"line":62,"column":0},"end":{"line":62,"column":1}}},"s":{"0":1,"2":1,"4":30,"6":30,"8":30,"10":30,"12":30,"14":30,"16":30,"18":30,"20":30,"22":30,"24":30,"26":30,"28":30,"30":30,"32":30,"34":30,"36":30,"38":30,"40":30,"42":30,"44":30,"46":30,"48":30,"50":30,"52":30,"53":6,"54":6,"55":6,"57":30,"58":726,"59":726,"60":726,"61":30},"branchMap":{"0":{"type":"branch","line":3,"loc":{"start":{"line":3,"column":21},"end":{"line":62,"column":1}},"locations":[{"start":{"line":3,"column":21},"end":{"line":62,"column":1}}]},"1":{"type":"branch","line":53,"loc":{"start":{"line":53,"column":11},"end":{"line":56,"column":5}},"locations":[{"start":{"line":53,"column":11},"end":{"line":56,"column":5}}]},"2":{"type":"branch","line":58,"loc":{"start":{"line":58,"column":19},"end":{"line":61,"column":5}},"locations":[{"start":{"line":58,"column":19},"end":{"line":61,"column":5}}]}},"b":{"0":[30],"1":[6],"2":[726]},"fnMap":{"0":{"name":"<static_initializer>","decl":{"start":{"line":3,"column":21},"end":{"line":62,"column":1}},"loc":{"start":{"line":3,"column":21},"end":{"line":62,"column":1}},"line":3},"1":{"name":"randomDirection","decl":{"start":{"line":53,"column":11},"end":{"line":56,"column":5}},"loc":{"start":{"line":53,"column":11},"end":{"line":56,"column":5}},"line":53},"2":{"name":"vectorFromDeg","decl":{"start":{"line":58,"column":19},"end":{"line":61,"column":5}},"loc":{"start":{"line":58,"column":19},"end":{"line":61,"column":5}},"line":58}},"f":{"0":30,"1":6,"2":726}}
,"/Users/mauricio/Projects/lugo4ts/src/core/controller.ts": {"path":"/Users/mauricio/Projects/lugo4ts/src/core/controller.ts","all":false,"statementMap":{"0":{"start":{"line":1,"column":0},"end":{"line":1,"column":44}},"1":{"start":{"line":2,"column":0},"end":{"line":2,"column":60}},"3":{"start":{"line":4,"column":0},"end":{"line":4,"column":66}},"5":{"start":{"line":6,"column":0},"end":{"line":6,"column":60}},"6":{"start":{"line":7,"column":0},"end":{"line":7,"column":55}},"7":{"start":{"line":8,"column":0},"end":{"line":8,"column":59}},"11":{"start":{"line":12,"column":0},"end":{"line":12,"column":8}},"25":{"start":{"line":26,"column":0},"end":{"line":26,"column":50}},"27":{"start":{"line":28,"column":0},"end":{"line":28,"column":8}},"36":{"start":{"line":37,"column":0},"end":{"line":37,"column":56}},"37":{"start":{"line":38,"column":0},"end":{"line":38,"column":47}},"38":{"start":{"line":39,"column":0},"end":{"line":39,"column":33}},"39":{"start":{"line":40,"column":0},"end":{"line":40,"column":39}},"41":{"start":{"line":42,"column":0},"end":{"line":42,"column":80}},"42":{"start":{"line":43,"column":0},"end":{"line":43,"column":57}},"44":{"start":{"line":45,"column":0},"end":{"line":45,"column":40}},"45":{"start":{"line":46,"column":0},"end":{"line":46,"column":45}},"46":{"start":{"line":47,"column":0},"end":{"line":47,"column":32}},"47":{"start":{"line":48,"column":0},"end":{"line":48,"column":61}},"48":{"start":{"line":49,"column":0},"end":{"line":49,"column":28}},"49":{"start":{"line":50,"column":0},"end":{"line":50,"column":69}},"50":{"start":{"line":51,"column":0},"end":{"line":51,"column":14}},"51":{"start":{"line":52,"column":0},"end":{"line":52,"column":11}},"53":{"start":{"line":54,"column":0},"end":{"line":54,"column":50}},"54":{"start":{"line":55,"column":0},"end":{"line":55,"column":56}},"55":{"start":{"line":56,"column":0},"end":{"line":56,"column":5}},"57":{"start":{"line":58,"column":0},"end":{"line":58,"column":78}},"58":{"start":{"line":59,"column":0},"end":{"line":59,"column":77}},"59":{"start":{"line":60,"column":0},"end":{"line":60,"column":45}},"60":{"start":{"line":61,"column":0},"end":{"line":61,"column":45}},"61":{"start":{"line":62,"column":0},"end":{"line":62,"column":38}},"62":{"start":{"line":63,"column":0},"end":{"line":63,"column":48}},"63":{"start":{"line":64,"column":0},"end":{"line":64,"column":15}},"64":{"start":{"line":65,"column":0},"end":{"line":65,"column":11}},"65":{"start":{"line":66,"column":0},"end":{"line":66,"column":5}},"67":{"start":{"line":68,"column":0},"end":{"line":68,"column":70}},"68":{"start":{"line":69,"column":0},"end":{"line":69,"column":59}},"69":{"start":{"line":70,"column":0},"end":{"line":70,"column":5}},"71":{"start":{"line":72,"column":0},"end":{"line":72,"column":70}},"72":{"start":{"line":73,"column":0},"end":{"line":73,"column":59}},"73":{"start":{"line":74,"column":0},"end":{"line":74,"column":5}},"75":{"start":{"line":76,"column":0},"end":{"line":76,"column":37}},"76":{"start":{"line":77,"column":0},"end":{"line":77,"column":13}},"77":{"start":{"line":78,"column":0},"end":{"line":78,"column":43}},"78":{"start":{"line":79,"column":0},"end":{"line":79,"column":66}},"79":{"start":{"line":80,"column":0},"end":{"line":80,"column":25}},"80":{"start":{"line":81,"column":0},"end":{"line":81,"column":72}},"81":{"start":{"line":82,"column":0},"end":{"line":82,"column":9}},"82":{"start":{"line":83,"column":0},"end":{"line":83,"column":5}},"84":{"start":{"line":85,"column":0},"end":{"line":85,"column":38}},"85":{"start":{"line":86,"column":0},"end":{"line":86,"column":13}},"86":{"start":{"line":87,"column":0},"end":{"line":87,"column":44}},"87":{"start":{"line":88,"column":0},"end":{"line":88,"column":25}},"88":{"start":{"line":89,"column":0},"end":{"line":89,"column":72}},"89":{"start":{"line":90,"column":0},"end":{"line":90,"column":9}},"90":{"start":{"line":91,"column":0},"end":{"line":91,"column":5}},"92":{"start":{"line":93,"column":0},"end":{"line":93,"column":33}},"93":{"start":{"line":94,"column":0},"end":{"line":94,"column":13}},"94":{"start":{"line":95,"column":0},"end":{"line":95,"column":48}},"95":{"start":{"line":96,"column":0},"end":{"line":96,"column":25}},"96":{"start":{"line":97,"column":0},"end":{"line":97,"column":71}},"97":{"start":{"line":98,"column":0},"end":{"line":98,"column":9}},"98":{"start":{"line":99,"column":0},"end":{"line":99,"column":5}},"100":{"start":{"line":101,"column":0},"end":{"line":101,"column":34}},"101":{"start":{"line":102,"column":0},"end":{"line":102,"column":27}},"102":{"start":{"line":103,"column":0},"end":{"line":103,"column":5}},"104":{"start":{"line":105,"column":0},"end":{"line":105,"column":59}},"105":{"start":{"line":106,"column":0},"end":{"line":106,"column":76}},"106":{"
[...]
,"/Users/mauricio/Projects/lugo4ts/src/utils/shot-clock.ts": {"path":"/Users/mauricio/Projects/lugo4ts/src/utils/shot-clock.ts","all":false,"statementMap":{"2":{"start":{"line":3,"column":0},"end":{"line":3,"column":51}},"4":{"start":{"line":5,"column":0},"end":{"line":5,"column":51}},"14":{"start":{"line":15,"column":0},"end":{"line":15,"column":47}},"15":{"start":{"line":16,"column":0},"end":{"line":16,"column":39}},"16":{"start":{"line":17,"column":0},"end":{"line":17,"column":1}},"18":{"start":{"line":19,"column":0},"end":{"line":19,"column":33}},"19":{"start":{"line":20,"column":0},"end":{"line":20,"column":28}},"20":{"start":{"line":21,"column":0},"end":{"line":21,"column":19}},"21":{"start":{"line":22,"column":0},"end":{"line":22,"column":46}},"22":{"start":{"line":23,"column":0},"end":{"line":23,"column":4}},"26":{"start":{"line":27,"column":0},"end":{"line":27,"column":21}},"27":{"start":{"line":28,"column":0},"end":{"line":28,"column":86}},"28":{"start":{"line":29,"column":0},"end":{"line":29,"column":1}}},"s":{"2":1,"4":1,"14":1,"15":1,"16":1,"18":1,"19":101,"20":101,"21":101,"22":101,"26":101,"27":101,"28":101},"branchMap":{"0":{"type":"branch","line":15,"loc":{"start":{"line":15,"column":7},"end":{"line":17,"column":1}},"locations":[{"start":{"line":15,"column":7},"end":{"line":17,"column":1}}]},"1":{"type":"branch","line":19,"loc":{"start":{"line":19,"column":7},"end":{"line":29,"column":1}},"locations":[{"start":{"line":19,"column":7},"end":{"line":29,"column":1}}]},"2":{"type":"branch","line":28,"loc":{"start":{"line":28,"column":35},"end":{"line":28,"column":84}},"locations":[{"start":{"line":28,"column":35},"end":{"line":28,"column":84}}]}},"b":{"0":[1],"1":[101],"2":[100]},"fnMap":{"0":{"name":"zeroedShotClock","decl":{"start":{"line":15,"column":7},"end":{"line":17,"column":1}},"loc":{"start":{"line":15,"column":7},"end":{"line":17,"column":1}},"line":15},"1":{"name":"randomShotClock","decl":{"start":{"line":19,"column":7},"end":{"line":29,"column":1}},"loc":{"start":{"line":19,"column":7},"end":{"line":29,"column":1}},"line":19}},"f":{"0":1,"1":101}}
,"/Users/mauricio/Projects/lugo4ts/src/utils/side.ts": {"path":"/Users/mauricio/Projects/lugo4ts/src/utils/side.ts","all":false,"statementMap":{"0":{"start":{"line":1,"column":0},"end":{"line":1,"column":33}},"2":{"start":{"line":3,"column":0},"end":{"line":3,"column":47}},"3":{"start":{"line":4,"column":0},"end":{"line":4,"column":46}},"4":{"start":{"line":5,"column":0},"end":{"line":5,"column":1}},"6":{"start":{"line":7,"column":0},"end":{"line":7,"column":50}},"7":{"start":{"line":8,"column":0},"end":{"line":8,"column":56}},"8":{"start":{"line":9,"column":0},"end":{"line":9,"column":56}},"9":{"start":{"line":10,"column":0},"end":{"line":10,"column":45}},"10":{"start":{"line":11,"column":0},"end":{"line":11,"column":1}},"12":{"start":{"line":13,"column":0},"end":{"line":13,"column":44}},"13":{"start":{"line":14,"column":0},"end":{"line":14,"column":54}},"14":{"start":{"line":15,"column":0},"end":{"line":15,"column":1}},"16":{"start":{"line":17,"column":0},"end":{"line":17,"column":47}},"17":{"start":{"line":18,"column":0},"end":{"line":18,"column":38}},"18":{"start":{"line":19,"column":0},"end":{"line":19,"column":1}},"20":{"start":{"line":21,"column":0},"end":{"line":21,"column":36}},"21":{"start":{"line":22,"column":0},"end":{"line":22,"column":55}},"22":{"start":{"line":23,"column":0},"end":{"line":23,"column":1}}},"s":{"0":1,"2":1,"3":2,"4":2,"6":1,"7":13,"8":13,"9":3,"10":3,"12":1,"13":2,"14":2,"16":1,"17":2,"18":2,"20":1,"21":324,"22":324},"branchMap":{"0":{"type":"branch","line":3,"loc":{"start":{"line":3,"column":7},"end":{"line":5,"column":1}},"locations":[{"start":{"line":3,"column":7},"end":{"line":5,"column":1}}]},"1":{"type":"branch","line":4,"loc":{"start":{"line":4,"column":20},"end":{"line":4,"column":36}},"locations":[{"start":{"line":4,"column":20},"end":{"line":4,"column":36}}]},"2":{"type":"branch","line":4,"loc":{"start":{"line":4,"column":29},"end":{"line":4,"column":46}},"locations":[{"start":{"line":4,"column":29},"end":{"line":4,"column":46}}]},"3":{"type":"branch","line":7,"loc":{"start":{"line":7,"column":7},"end":{"line":11,"column":1}},"locations":[{"start":{"line":7,"column":7},"end":{"line":11,"column":1}}]},"4":{"type":"branch","line":8,"loc":{"start":{"line":8,"column":39},"end":{"line":8,"column":56}},"locations":[{"start":{"line":8,"column":39},"end":{"line":8,"column":56}}]},"5":{"type":"branch","line":8,"loc":{"start":{"line":8,"column":51},"end":{"line":9,"column":46}},"locations":[{"start":{"line":8,"column":51},"end":{"line":9,"column":46}}]},"6":{"type":"branch","line":9,"loc":{"start":{"line":9,"column":39},"end":{"line":9,"column":56}},"locations":[{"start":{"line":9,"column":39},"end":{"line":9,"column":56}}]},"7":{"type":"branch","line":9,"loc":{"start":{"line":9,"column":51},"end":{"line":11,"column":1}},"locations":[{"start":{"line":9,"column":51},"end":{"line":11,"column":1}}]},"8":{"type":"branch","line":13,"loc":{"start":{"line":13,"column":7},"end":{"line":15,"column":1}},"locations":[{"start":{"line":13,"column":7},"end":{"line":15,"column":1}}]},"9":{"type":"branch","line":14,"loc":{"start":{"line":14,"column":25},"end":{"line":14,"column":44}},"locations":[{"start":{"line":14,"column":25},"end":{"line":14,"column":44}}]},"10":{"type":"branch","line":14,"loc":{"start":{"line":14,"column":37},"end":{"line":14,"column":54}},"locations":[{"start":{"line":14,"column":37},"end":{"line":14,"column":54}}]},"11":{"type":"branch","line":17,"loc":{"start":{"line":17,"column":7},"end":{"line":19,"column":1}},"locations":[{"start":{"line":17,"column":7},"end":{"line":19,"column":1}}]},"12":{"type":"branch","line":18,"loc":{"start":{"line":18,"column":25},"end":{"line":18,"column":36}},"locations":[{"start":{"line":18,"column":25},"end":{"line":18,"column":36}}]},"13":{"type":"branch","line":18,"loc":{"start":{"line":18,"column":32},"end":{"line":18,"column":38}},"locations":[{"start":{"line":18,"column":32},"end":{"line":18,"column":38}}]},"14":{"type":"branch","line":21,"loc":{"start":{"line":21,"column":7},"end":{"line":23,"column":1}},"locations":[{"start":{"line":21,"column":7},"end":{"line":23,"column":1}}]},"15":{"type":"branch","line":22,"loc":{"start":{"line":22,"column":27},"end":{"line":22,"column":45}},"locations":[{"start":{"line":22,"column":27},"end":{"line":22,"column":45}}]},"16":{"type":"branch","line":22,"loc":{"start":{"line":22,"column":38},"end":{"line":22,"column":55}},"locations":[{"start":{"line":22,"column":38},"end":{"line":22,"column":55}}]}},"b":{"0":[2],"1":[1],"2":[1],"3":[13],"4":[8],"5":[5],"6":[2],"7":[3],"8":[2],"9":[1],"10":[1],"11":[2],"12":[1],"13":[1],"14":[324],"15":[155],"16":[169]},"fnMap":{"0":{"name":"intToSide","decl":{"start":{"line":3,"column":7},"end":{"line":5,"column":1}},"loc":{"start":{"line":3,"column":7},"end":{"line":5,"column":1}},"line":3},"1":{"name":"stringToSide","decl":{"start":{"line":7,"column":7},"end":{"line":11,"column":1}},"loc":{"start":{"line":7,"column":7},"end":{"line":11,"column":1}},"line":7},"2":{"name":"flipSide","decl":{"start":{"line":13,"column":7},"end":{"line":15,"column":1}},"loc":{"start":{"line":13,"column":7},"end":{"line":15,"column":1}},"line":13},"3":{"name":"sideToInt","decl":{"start":{"line":17,"column":7},"end":{"line":19,"column":1}},"loc":{"start":{"line":17,"column":7},"end":{"line":19,"column":1}},"line":17},"4":{"name":"randomSide","decl":{"start":{"line":21,"column":7},"end":{"line":23,"column":1}},"loc":{"start":{"line":21,"column":7},"end":{"line":23,"column":1}},"line":21}},"f":{"0":2,"1":13,"2":2,"3":2,"4":324}}
,"/Users/mauricio/Projects/lugo4ts/src/utils/team.ts": {"path":"/Users/mauricio/Projects/lugo4ts/src/utils/team.ts","all":false,"statementMap":{"2":{"start":{"line":3,"column":0},"end":{"line":3,"column":39}},"4":{"start":{"line":5,"column":0},"end":{"line":5,"column":65}},"6":{"start":{"line":7,"column":0},"end":{"line":7,"column":73}},"16":{"start":{"line":17,"column":0},"end":{"line":17,"column":37}},"17":{"start":{"line":18,"column":0},"end":{"line":18,"column":53}},"18":{"start":{"line":19,"column":0},"end":{"line":19,"column":1}},"20":{"start":{"line":21,"column":0},"end":{"line":21,"column":28}},"21":{"start":{"line":22,"column":0},"end":{"line":22,"column":40}},"22":{"start":{"line":23,"column":0},"end":{"line":23,"column":24}},"23":{"start":{"line":24,"column":0},"end":{"line":24,"column":18}},"24":{"start":{"line":25,"column":0},"end":{"line":25,"column":14}},"25":{"start":{"line":26,"column":0},"end":{"line":26,"column":17}},"26":{"start":{"line":27,"column":0},"end":{"line":27,"column":4}},"32":{"start":{"line":33,"column":0},"end":{"line":33,"column":16}},"33":{"start":{"line":34,"column":0},"end":{"line":34,"column":28}},"34":{"start":{"line":35,"column":0},"end":{"line":35,"column":88}},"35":{"start":{"line":36,"column":0},"end":{"line":36,"column":7}},"37":{"start":{"line":38,"column":0},"end":{"line":38,"column":43}},"38":{"start":{"line":39,"column":0},"end":{"line":39,"column":30}},"39":{"start":{"line":40,"column":0},"end":{"line":40,"column":46}},"40":{"start":{"line":41,"column":0},"end":{"line":41,"column":60}},"41":{"start":{"line":42,"column":0},"end":{"line":42,"column":9}},"42":{"start":{"line":43,"column":0},"end":{"line":43,"column":40}},"43":{"start":{"line":44,"column":0},"end":{"line":44,"column":5}},"45":{"start":{"line":46,"column":0},"end":{"line":46,"column":48}},"47":{"start":{"line":48,"column":0},"end":{"line":48,"column":61}},"48":{"start":{"line":49,"column":0},"end":{"line":49,"column":44}},"49":{"start":{"line":50,"column":0},"end":{"line":50,"column":62}},"50":{"start":{"line":51,"column":0},"end":{"line":51,"column":30}},"51":{"start":{"line":52,"column":0},"end":{"line":52,"column":5}},"53":{"start":{"line":54,"column":0},"end":{"line":54,"column":62}},"55":{"start":{"line":56,"column":0},"end":{"line":56,"column":52}},"56":{"start":{"line":57,"column":0},"end":{"line":57,"column":1}}},"s":{"2":1,"4":1,"6":1,"16":1,"17":1,"18":1,"20":1,"21":341,"22":341,"23":341,"24":341,"25":341,"26":341,"32":341,"33":341,"34":29,"35":341,"37":341,"38":341,"39":26,"40":2,"41":2,"42":24,"43":24,"45":337,"47":341,"48":3657,"49":3637,"50":3637,"51":3637,"53":337,"55":337,"56":337},"branchMap":{"0":{"type":"branch","line":17,"loc":{"start":{"line":17,"column":7},"end":{"line":19,"column":1}},"locations":[{"start":{"line":17,"column":7},"end":{"line":19,"column":1}}]},"1":{"type":"branch","line":21,"loc":{"start":{"line":21,"column":7},"end":{"line":57,"column":1}},"locations":[{"start":{"line":21,"column":7},"end":{"line":57,"column":1}}]},"2":{"type":"branch","line":39,"loc":{"start":{"line":39,"column":29},"end":{"line":44,"column":5}},"locations":[{"start":{"line":39,"column":29},"end":{"line":44,"column":5}}]},"3":{"type":"branch","line":40,"loc":{"start":{"line":40,"column":45},"end":{"line":42,"column":9}},"locations":[{"start":{"line":40,"column":45},"end":{"line":42,"column":9}}]},"4":{"type":"branch","line":42,"loc":{"start":{"line":42,"column":8},"end":{"line":44,"column":5}},"locations":[{"start":{"line":42,"column":8},"end":{"line":44,"column":5}}]},"5":{"type":"branch","line":44,"loc":{"start":{"line":44,"column":4},"end":{"line":48,"column":60}},"locations":[{"start":{"line":44,"column":4},"end":{"line":48,"column":60}}]},"6":{"type":"branch","line":48,"loc":{"start":{"line":48,"column":60},"end":{"line":52,"column":5}},"locations":[{"start":{"line":48,"column":60},"end":{"line":52,"column":5}}]},"7":{"type":"branch","line":49,"loc":{"start":{"line":49,"column":35},"end":{"line":49,"column":44}},"locations":[{"start":{"line":49,"column":35},"end":{"line":49,"column":44}}]},"8":{"type":"branch","line":49,"loc":{"start":{"line":49,"column":35},"end":{"line":52,"column":5}},"locations":[{"start":{"line":49,"column":35},"end":{"line":52,"column":5}}]},"9":{"type":"branch","line":52,"loc":{"start":{"line":52,"column":4},"end":{"line":57,"column":1}},"locations":[{"start":{"line":52,"column":4},"end":{"line":57,"column":1}}]},"10":{"type":"branch","line":34,"loc":{"start":{"line":34,"column":20},"end":{"line":36,"column":5}},"locations":[{"start":{"line":34,"column":20},"end":{"line":36,"column":5}}]},"11":{"type":"branch","line":35,"loc":{"start":{"line":35,"column":38},"end":{"line":35,"column":88}},"locations":[{"start":{"line":35,"column":38},"end":{"line":35,"column":88}}]},"12":{"type":"branch","line":54,"loc":{"start":{"line":54,"column":21},"end":{"line":54,"column":60}},"locations":[{"start":{"line":54,"column":21},"end":{"line":54,"column":60}}]}},"b":{"0":[1],"1":[341],"2":[26],"3":[2],"4":[24],"5":[337],"6":[3657],"7":[20],"8":[3637],"9":[337],"10":[29],"11":[2],"12":[3324]},"fnMap":{"0":{"name":"zeroedTeam","decl":{"start":{"line":17,"column":7},"end":{"line":19,"column":1}},"loc":{"start":{"line":17,"column":7},"end":{"line":19,"column":1}},"line":17},"1":{"name":"randomTeam","decl":{"start":{"line":21,"column":7},"end":{"line":57,"column":1}},"loc":{"start":{"line":21,"column":7},"end":{"line":57,"column":1}},"line":21}},"f":{"0":1,"1":341}}
,"/Users/mauricio/Projects/lugo4ts/src/utils/time.ts": {"path":"/Users/mauricio/Projects/lugo4ts/src/utils/time.ts","all":false,"statementMap":{"0":{"start":{"line":1,"column":0},"end":{"line":1,"column":50}},"1":{"start":{"line":2,"column":0},"end":{"line":2,"column":61}},"2":{"start":{"line":3,"column":0},"end":{"line":3,"column":1}}},"s":{"0":1,"1":1,"2":1},"branchMap":{"0":{"type":"branch","line":1,"loc":{"start":{"line":1,"column":7},"end":{"line":3,"column":1}},"locations":[{"start":{"line":1,"column":7},"end":{"line":3,"column":1}}]},"1":{"type":"branch","line":2,"loc":{"start":{"line":2,"column":23},"end":{"line":2,"column":59}},"locations":[{"start":{"line":2,"column":23},"end":{"line":2,"column":59}}]}},"b":{"0":[1],"1":[1]},"fnMap":{"0":{"name":"sleep","decl":{"start":{"line":1,"column":7},"end":{"line":3,"column":1}},"loc":{"start":{"line":1,"column":7},"end":{"line":3,"column":1}},"line":1}},"f":{"0":1}}
,"/Users/mauricio/Projects/lugo4ts/src/utils/vector.ts": {"path":"/Users/mauricio/Projects/lugo4ts/src/utils/vector.ts","all":false,"statementMap":{"2":{"start":{"line":3,"column":0},"end":{"line":3,"column":37}},"4":{"start":{"line":5,"column":0},"end":{"line":5,"column":41}},"10":{"start":{"line":11,"column":0},"end":{"line":11,"column":60}},"11":{"start":{"line":12,"column":0},"end":{"line":12,"column":54}},"12":{"start":{"line":13,"column":0},"end":{"line":13,"column":1}},"18":{"start":{"line":19,"column":0},"end":{"line":19,"column":43}},"19":{"start":{"line":20,"column":0},"end":{"line":20,"column":30}},"20":{"start":{"line":21,"column":0},"end":{"line":21,"column":1}},"22":{"start":{"line":23,"column":0},"end":{"line":23,"column":44}},"23":{"start":{"line":24,"column":0},"end":{"line":24,"column":33}},"24":{"start":{"line":25,"column":0},"end":{"line":25,"column":33}},"25":{"start":{"line":26,"column":0},"end":{"line":26,"column":42}},"26":{"start":{"line":27,"column":0},"end":{"line":27,"column":1}}},"s":{"2":1,"4":1,"10":1,"11":1,"12":1,"18":1,"19":1,"20":1,"22":1,"23":4131,"24":4131,"25":4131,"26":4131},"branchMap":{"0":{"type":"branch","line":11,"loc":{"start":{"line":11,"column":7},"end":{"line":13,"column":1}},"locations":[{"start":{"line":11,"column":7},"end":{"line":13,"column":1}}]},"1":{"type":"branch","line":19,"loc":{"start":{"line":19,"column":7},"end":{"line":21,"column":1}},"locations":[{"start":{"line":19,"column":7},"end":{"line":21,"column":1}}]},"2":{"type":"branch","line":23,"loc":{"start":{"line":23,"column":7},"end":{"line":27,"column":1}},"locations":[{"start":{"line":23,"column":7},"end":{"line":27,"column":1}}]}},"b":{"0":[1],"1":[1],"2":[4131]},"fnMap":{"0":{"name":"vector2DToPoint","decl":{"start":{"line":11,"column":7},"end":{"line":13,"column":1}},"loc":{"start":{"line":11,"column":7},"end":{"line":13,"column":1}},"line":11},"1":{"name":"zeroedVector","decl":{"start":{"line":19,"column":7},"end":{"line":21,"column":1}},"loc":{"start":{"line":19,"column":7},"end":{"line":21,"column":1}},"line":19},"2":{"name":"randomVector2D","decl":{"start":{"line":23,"column":7},"end":{"line":27,"column":1}},"loc":{"start":{"line":23,"column":7},"end":{"line":27,"column":1}},"line":23}},"f":{"0":1,"1":1,"2":4131}}
,"/Users/mauricio/Projects/lugo4ts/src/utils/velocity.ts": {"path":"/Users/mauricio/Projects/lugo4ts/src/utils/velocity.ts","all":false,"statementMap":{"2":{"start":{"line":3,"column":0},"end":{"line":3,"column":54}},"4":{"start":{"line":5,"column":0},"end":{"line":5,"column":57}},"14":{"start":{"line":15,"column":0},"end":{"line":15,"column":36}},"18":{"start":{"line":19,"column":0},"end":{"line":19,"column":20}},"19":{"start":{"line":20,"column":0},"end":{"line":20,"column":47}},"20":{"start":{"line":21,"column":0},"end":{"line":21,"column":1}},"22":{"start":{"line":23,"column":0},"end":{"line":23,"column":32}},"23":{"start":{"line":24,"column":0},"end":{"line":24,"column":33}},"24":{"start":{"line":25,"column":0},"end":{"line":25,"column":10}},"25":{"start":{"line":26,"column":0},"end":{"line":26,"column":38}},"26":{"start":{"line":27,"column":0},"end":{"line":27,"column":82}},"27":{"start":{"line":28,"column":0},"end":{"line":28,"column":92}},"28":{"start":{"line":29,"column":0},"end":{"line":29,"column":20}},"29":{"start":{"line":30,"column":0},"end":{"line":30,"column":1}}},"s":{"2":1,"4":1,"14":1,"18":5,"19":5,"20":5,"22":1,"23":4031,"24":4031,"25":4031,"26":4031,"27":4031,"28":4031,"29":4031},"branchMap":{"0":{"type":"branch","line":15,"loc":{"start":{"line":15,"column":7},"end":{"line":21,"column":1}},"locations":[{"start":{"line":15,"column":7},"end":{"line":21,"column":1}}]},"1":{"type":"branch","line":23,"loc":{"start":{"line":23,"column":7},"end":{"line":30,"column":1}},"locations":[{"start":{"line":23,"column":7},"end":{"line":30,"column":1}}]},"2":{"type":"branch","line":28,"loc":{"start":{"line":28,"column":57},"end":{"line":28,"column":90}},"locations":[{"start":{"line":28,"column":57},"end":{"line":28,"column":90}}]}},"b":{"0":[5],"1":[4031],"2":[4029]},"fnMap":{"0":{"name":"zeroedVelocity","decl":{"start":{"line":15,"column":7},"end":{"line":21,"column":1}},"loc":{"start":{"line":15,"column":7},"end":{"line":21,"column":1}},"line":15},"1":{"name":"randomVelocity","decl":{"start":{"line":23,"column":7},"end":{"line":30,"column":1}},"loc":{"start":{"line":23,"column":7},"end":{"line":30,"column":1}},"line":23}},"f":{"0":5,"1":4031}}
}
