{"/Users/mauricio/Projects/lugo4ts/src/core.ts": {"path":"/Users/mauricio/Projects/lugo4ts/src/core.ts","all":false,"statementMap":{"0":{"start":{"line":1,"column":0},"end":{"line":1,"column":32}},"1":{"start":{"line":2,"column":0},"end":{"line":2,"column":31}},"2":{"start":{"line":3,"column":0},"end":{"line":3,"column":32}},"3":{"start":{"line":4,"column":0},"end":{"line":4,"column":33}},"4":{"start":{"line":5,"column":0},"end":{"line":5,"column":35}},"5":{"start":{"line":6,"column":0},"end":{"line":6,"column":31}},"6":{"start":{"line":7,"column":0},"end":{"line":7,"column":31}},"7":{"start":{"line":8,"column":0},"end":{"line":8,"column":37}},"8":{"start":{"line":9,"column":0},"end":{"line":9,"column":33}},"9":{"start":{"line":10,"column":0},"end":{"line":10,"column":31}},"11":{"start":{"line":12,"column":0},"end":{"line":12,"column":33}},"12":{"start":{"line":13,"column":0},"end":{"line":13,"column":33}},"14":{"start":{"line":15,"column":0},"end":{"line":15,"column":40}},"15":{"start":{"line":16,"column":0},"end":{"line":16,"column":41}},"17":{"start":{"line":18,"column":0},"end":{"line":18,"column":37}},"18":{"start":{"line":19,"column":0},"end":{"line":19,"column":30}},"19":{"start":{"line":20,"column":0},"end":{"line":20,"column":33}},"21":{"start":{"line":22,"column":0},"end":{"line":22,"column":34}},"23":{"start":{"line":24,"column":0},"end":{"line":24,"column":34}},"24":{"start":{"line":25,"column":0},"end":{"line":25,"column":30}},"25":{"start":{"line":26,"column":0},"end":{"line":26,"column":33}},"26":{"start":{"line":27,"column":0},"end":{"line":27,"column":36}},"27":{"start":{"line":28,"column":0},"end":{"line":28,"column":38}},"29":{"start":{"line":30,"column":0},"end":{"line":30,"column":33}}},"s":{"0":1,"1":1,"2":1,"3":1,"4":1,"5":1,"6":1,"7":1,"8":1,"9":1,"11":1,"12":1,"14":1,"15":1,"17":1,"18":1,"19":1,"21":1,"23":1,"24":1,"25":1,"26":1,"27":1,"29":1},"branchMap":{},"b":{},"fnMap":{},"f":{}}
,"/Users/mauricio/Projects/lugo4ts/src/errors.ts": {"path":"/Users/mauricio/Projects/lugo4ts/src/errors.ts","all":false,"statementMap":{"0":{"start":{"line":1,"column":0},"end":{"line":1,"column":45}},"2":{"start":{"line":3,"column":0},"end":{"line":3,"column":46}},"3":{"start":{"line":4,"column":0},"end":{"line":4,"column":16}},"4":{"start":{"line":5,"column":0},"end":{"line":5,"column":26}},"5":{"start":{"line":6,"column":0},"end":{"line":6,"column":29}},"6":{"start":{"line":7,"column":0},"end":{"line":7,"column":7}},"7":{"start":{"line":8,"column":0},"end":{"line":8,"column":80}},"8":{"start":{"line":9,"column":0},"end":{"line":9,"column":40}},"9":{"start":{"line":10,"column":0},"end":{"line":10,"column":65}},"10":{"start":{"line":11,"column":0},"end":{"line":11,"column":5}},"11":{"start":{"line":12,"column":0},"end":{"line":12,"column":1}},"13":{"start":{"line":14,"column":0},"end":{"line":14,"column":44}},"14":{"start":{"line":15,"column":0},"end":{"line":15,"column":19}},"15":{"start":{"line":16,"column":0},"end":{"line":16,"column":32}},"16":{"start":{"line":17,"column":0},"end":{"line":17,"column":38}},"17":{"start":{"line":18,"column":0},"end":{"line":18,"column":63}},"18":{"start":{"line":19,"column":0},"end":{"line":19,"column":5}},"19":{"start":{"line":20,"column":0},"end":{"line":20,"column":1}},"21":{"start":{"line":22,"column":0},"end":{"line":22,"column":44}},"22":{"start":{"line":23,"column":0},"end":{"line":23,"column":29}},"23":{"start":{"line":24,"column":0},"end":{"line":24,"column":68}},"24":{"start":{"line":25,"column":0},"end":{"line":25,"column":38}},"25":{"start":{"line":26,"column":0},"end":{"line":26,"column":63}},"26":{"start":{"line":27,"column":0},"end":{"line":27,"column":5}},"27":{"start":{"line":28,"column":0},"end":{"line":28,"column":1}},"29":{"start":{"line":30,"column":0},"end":{"line":30,"column":49}},"30":{"start":{"line":31,"column":0},"end":{"line":31,"column":19}},"31":{"start":{"line":32,"column":0},"end":{"line":32,"column":47}},"32":{"start":{"line":33,"column":0},"end":{"line":33,"column":43}},"33":{"start":{"line":34,"column":0},"end":{"line":34,"column":68}},"34":{"start":{"line":35,"column":0},"end":{"line":35,"column":5}},"35":{"start":{"line":36,"column":0},"end":{"line":36,"column":1}},"37":{"start":{"line":38,"column":0},"end":{"line":38,"column":49}},"38":{"start":{"line":39,"column":0},"end":{"line":39,"column":19}},"39":{"start":{"line":40,"column":0},"end":{"line":40,"column":47}},"40":{"start":{"line":41,"column":0},"end":{"line":41,"column":43}},"41":{"start":{"line":42,"column":0},"end":{"line":42,"column":68}},"42":{"start":{"line":43,"column":0},"end":{"line":43,"column":5}},"43":{"start":{"line":44,"column":0},"end":{"line":44,"column":1}},"45":{"start":{"line":46,"column":0},"end":{"line":46,"column":49}},"46":{"start":{"line":47,"column":0},"end":{"line":47,"column":19}},"47":{"start":{"line":48,"column":0},"end":{"line":48,"column":47}},"48":{"start":{"line":49,"column":0},"end":{"line":49,"column":43}},"49":{"start":{"line":50,"column":0},"end":{"line":50,"column":68}},"50":{"start":{"line":51,"column":0},"end":{"line":51,"column":5}},"51":{"start":{"line":52,"column":0},"end":{"line":52,"column":1}},"55":{"start":{"line":56,"column":0},"end":{"line":56,"column":48}},"56":{"start":{"line":57,"column":0},"end":{"line":57,"column":36}},"57":{"start":{"line":58,"column":0},"end":{"line":58,"column":99}},"58":{"start":{"line":59,"column":0},"end":{"line":59,"column":42}},"59":{"start":{"line":60,"column":0},"end":{"line":60,"column":67}},"60":{"start":{"line":61,"column":0},"end":{"line":61,"column":5}},"61":{"start":{"line":62,"column":0},"end":{"line":62,"column":1}},"65":{"start":{"line":66,"column":0},"end":{"line":66,"column":44}},"66":{"start":{"line":67,"column":0},"end":{"line":67,"column":19}},"67":{"start":{"line":68,"column":0},"end":{"line":68,"column":63}},"68":{"start":{"line":69,"column":0},"end":{"line":69,"column":38}},"69":{"start":{"line":70,"column":0},"end":{"line":70,"column":63}},"70":{"start":{"line":71,"column":0},"end":{"line":71,"column":5}},"71":{"start":{"line":72,"column":0},"end":{"line":72,"column":1}},"75":{"start":{"line":76,"column":0},"end":{"line":76,"column":65}},"76":{"start":{"line":77,"column":0},"end":{"line":77,"column":39}},"77":{"start":{"line":78,"column":0},"end":{"line":78,"column":71}},"78":{"start":{"line":79,"column":0},"end":{"line":79,"column":59}},"79":{"start":{"line":80,"column":0},"end":{"line":80,"column":84}},"80":{"start":{"line":81,"column":0},"end":{"line":81,"column":5}},"81":{"start":{"line":82,"column":0},"end":{"line":82,"column":1}},"83":{"start":{"line":84,"column":0},"end":{"line":84,"column":60}},"84":{"start":{"line":85,"column":0},"end":{"line":85,"column":39}},"85":{"start":{"line":86,"column":0},"end":{"line":86,"column":61}},"86":{"start":{"line":87,"column":0},"end":{"line":87,"column":54}},"87":{"start":{"line":88,"column":0},"end":{"line":88,"column":79}},"88":{"start":{"line":89,"column":0},"end":{"line":89,"column":5}},"89":{"start":{"line":90,"column":0},"end":{"line":90,"column":1}},"91":{"start":{"line":92,"column":0},"end":{"line":92,"column":51}},"92":{"start":{"line":93,"column":0},"end":{"line":93,"column":30}},"93":{"start":{"line":94,"column":0},"end":{"line":94,"column":107}},"94":{"start":{"line":95,"column":0},"end":{"line":95,"column":45}},"95":{"start":{"line":96,"column":0},"end":{"line":96,"column":70}},"96":{"start":{"line":97,"column":0},"end":{"line":97,"column":5}},"97":{"start":{"line":98,"column":0},"end":{"line":98,"column":1}},"99":{"start":{"line":100,"column":0},"end":{"line":100,"column":56}},"100":{"start":{"line":101,"column":0},"end":{"line":101,"column":39}},"101":{"start":{"line":102,"column":0},"end":{"line":102,"column":99}},"102":{"start":{"line":103,"column":0},"end":{"line":103,"column":50}},"103":{"start":{"line":104,"column":0},"end":{"line":104,"column":75}},"104":{"start":{"line":105,"column":0},"end":{"line":105,"column":5}},"105":{"start":{"line":106,"column":0},"end":{"line":106,"column":1}},"107":{"start":{"line":108,"column":0},"end":{"line":108,"column":52}},"108":{"start":{"line":109,"column":0},"end":{"line":109,"column":31}},"109":{"start":{"line":110,"column":0},"end":{"line":110,"column":56}},"110":{"start":{"line":111,"column":0},"end":{"line":111,"column":46}},"111":{"start":{"line":112,"column":0},"end":{"line":112,"column":71}},"112":{"start":{"line":113,"column":0},"end":{"line":113,"column":5}},"113":{"start":{"line":114,"column":0},"end":{"line":114,"column":1}},"115":{"start":{"line":116,"column":0},"end":{"line":116,"column":57}},"116":{"start":{"line":117,"column":0},"end":{"line":117,"column":19}},"117":{"start":{"line":118,"column":0},"end":{"line":118,"column":53}},"118":{"start":{"line":119,"column":0},"end":{"line":119,"column":51}},"119":{"start":{"line":120,"column":0},"end":{"line":120,"column":76}},"120":{"start":{"line":121,"column":0},"end":{"line":121,"column":5}},"121":{"start":{"line":122,"column":0},"end":{"line":122,"column":1}},"125":{"start":{"line":126,"column":0},"end":{"line":126,"column":52}},"126":{"start":{"line":127,"column":0},"end":{"line":127,"column":65}},"127":{"start":{"line":128,"column":0},"end":{"line":128,"column":95}},"128":{"start":{"line":129,"column":0},"end":{"line":129,"column":48}},"129":{"start":{"line":130,"column":0},"end":{"line":130,"column":71}},"130":{"start":{"line":131,"column":0},"end":{"line":131,"column":5}},"131":{"start":{"line":132,"column":0},"end":{"line":132,"column":1}},"133":{"start":{"line":134,"column":0},"end":{"line":134,"column":52}},"134":{"start":{"line":135,"column":0},"end":{"line":135,"column":65}},"135":{"start":{"line":136,"column":0},"end":{"line":136,"column":94}},"136":{"start":{"line":137,"column":0},"end":{"line":137,"column":48}},"137":{"start":{"line":138,"column":0},"end":{"line":138,"column":71}},"138":{"start":{"line":139,"column":0},"end":{"line":139,"column":5}},"139":{"start":{"line":140,"column":0},"end":{"line":140,"column":1}},"141":{"start":{"line":142,"column":0},"end":{"line":142,"column":52}},"142":{"start":{"line":143,"column":0},"end":{"line":143,"column":64}},"143":{"start":{"line":144,"column":0},"end":{"line":144,"column":92}},"144":{"start":{"line":145,"column":0},"end":{"line":145,"column":46}},"145":{"start":{"line":146,"column":0},"end":{"line":146,"column":71}},"146":{"start":{"line":147,"column":0},"end":{"line":147,"column":5}},"147":{"start":{"line":148,"column":0},"end":{"line":148,"column":1}},"149":{"start":{"line":150,"column":0},"end":{"line":150,"column":52}},"150":{"start":{"line":151,"column":0},"end":{"line":151,"column":64}},"151":{"start":{"line":152,"column":0},"end":{"line":152,"column":93}},"152":{"start":{"line":153,"column":0},"end":{"line":153,"column":46}},"153":{"start":{"line":154,"column":0},"end":{"line":154,"column":71}},"154":{"start":{"line":155,"column":0},"end":{"line":155,"column":5}},"155":{"start":{"line":156,"column":0},"end":{"line":156,"column":1}},"159":{"start":{"line":160,"column":0},"end":{"line":160,"column":43}},"160":{"start":{"line":161,"column":0},"end":{"line":161,"column":41}},"161":{"start":{"line":162,"column":0},"end":{"line":162,"column":64}},"162":{"start":{"line":163,"column":0},"end":{"line":163,"column":37}},"163":{"start":{"line":164,"column":0},"end":{"line":164,"column":62}},"164":{"start":{"line":165,"column":0},"end":{"line":165,"column":5}},"165":{"start":{"line":166,"column":0},"end":{"line":166,"column":1}},"169":{"start":{"line":170,"column":0},"end":{"line":170,"column":50}},"170":{"start":{"line":171,"column":0},"end":{"line":171,"column":41}},"171":{"start":{"line":172,"column":0},"end":{"line":172,"column":69}},"172":{"start":{"line":173,"column":0},"end":{"line":173,"column":44}},"173":{"start":{"line":174,"column":0},"end":{"line":174,"column":69}},"174":{"start":{"line":175,"column":0},"end":{"line":175,"column":5}},"175":{"start":{"line":176,"column":0},"end":{"line":176,"column":1}},"178":{"start":{"line":179,"column":0},"end":{"line":179,"column":47}},"179":{"start":{"line":180,"column":0},"end":{"line":180,"column":45}},"180":{"start":{"line":181,"column":0},"end":{"line":181,"column":83}},"181":{"start":{"line":182,"column":0},"end":{"line":182,"column":41}},"182":{"start":{"line":183,"column":0},"end":{"line":183,"column":66}},"183":{"start":{"line":184,"column":0},"end":{"line":184,"column":5}},"184":{"start":{"line":185,"column":0},"end":{"line":185,"column":1}},"186":{"start":{"line":187,"column":0},"end":{"line":187,"column":51}},"187":{"start":{"line":188,"column":0},"end":{"line":188,"column":39}},"188":{"start":{"line":189,"column":0},"end":{"line":189,"column":60}},"189":{"start":{"line":190,"column":0},"end":{"line":190,"column":45}},"190":{"start":{"line":191,"column":0},"end":{"line":191,"column":70}},"191":{"start":{"line":192,"column":0},"end":{"line":192,"column":5}},"192":{"start":{"line":193,"column":0},"end":{"line":193,"column":1}},"194":{"start":{"line":195,"column":0},"end":{"line":195,"column":48}},"195":{"start":{"line":196,"column":0},"end":{"line":196,"column":32}},"196":{"start":{"line":197,"column":0},"end":{"line":197,"column":82}},"197":{"start":{"line":198,"column":0},"end":{"line":198,"column":42}},"198":{"start":{"line":199,"column":0},"end":{"line":199,"column":67}},"199":{"start":{"line":200,"column":0},"end":{"line":200,"column":5}},"200":{"start":{"line":201,"column":0},"end":{"line":201,"column":1}},"202":{"start":{"line":203,"column":0},"end":{"line":203,"column":41}},"203":{"start":{"line":204,"column":0},"end":{"line":204,"column":19}},"204":{"start":{"line":205,"column":0},"end":{"line":205,"column":48}},"205":{"start":{"line":206,"column":0},"end":{"line":206,"column":35}},"206":{"start":{"line":207,"column":0},"end":{"line":207,"column":60}},"207":{"start":{"line":208,"column":0},"end":{"line":208,"column":5}},"208":{"start":{"line":209,"column":0},"end":{"line":209,"column":1}},"211":{"start":{"line":212,"column":0},"end":{"line":212,"column":55}},"212":{"start":{"line":213,"column":0},"end":{"line":213,"column":33}},"213":{"start":{"line":214,"column":0},"end":{"line":214,"column":85}},"214":{"start":{"line":215,"column":0},"end":{"line":215,"column":49}},"215":{"start":{"line":216,"column":0},"end":{"line":216,"column":74}},"216":{"start":{"line":217,"column":0},"end":{"line":217,"column":5}},"217":{"start":{"line":218,"column":0},"end":{"line":218,"column":1}},"220":{"start":{"line":221,"column":0},"end":{"line":221,"column":54}},"221":{"start":{"line":222,"column":0},"end":{"line":222,"column":47}},"222":{"start":{"line":223,"column":0},"end":{"line":223,"column":62}},"223":{"start":{"line":224,"column":0},"end":{"line":224,"column":48}},"224":{"start":{"line":225,"column":0},"end":{"line":225,"column":73}},"225":{"start":{"line":226,"column":0},"end":{"line":226,"column":5}},"226":{"start":{"line":227,"column":0},"end":{"line":227,"column":1}}},"s":{"0":1,"2":1,"3":1,"4":4,"5":4,"6":4,"7":4,"8":4,"9":4,"10":4,"11":1,"13":1,"14":1,"15":1,"16":1,"17":1,"18":1,"19":1,"21":1,"22":1,"23":3,"24":3,"25":3,"26":3,"27":1,"29":1,"30":1,"31":7,"32":7,"33":7,"34":7,"35":1,"37":1,"38":1,"39":5,"40":5,"41":5,"42":5,"43":1,"45":1,"46":1,"47":2,"48":2,"49":2,"50":2,"51":1,"55":1,"56":1,"57":4,"58":4,"59":4,"60":4,"61":1,"65":1,"66":1,"67":2,"68":2,"69":2,"70":2,"71":1,"75":1,"76":1,"77":2,"78":2,"79":2,"80":2,"81":1,"83":1,"84":1,"85":2,"86":2,"87":2,"88":2,"89":1,"91":1,"92":1,"93":1,"94":1,"95":1,"96":1,"97":1,"99":1,"100":1,"101":1,"102":1,"103":1,"104":1,"105":1,"107":1,"108":1,"109":1,"110":1,"111":1,"112":1,"113":1,"115":1,"116":1,"117":2,"118":2,"119":2,"120":2,"121":1,"125":1,"126":1,"127":3,"128":3,"129":3,"130":3,"131":1,"133":1,"134":1,"135":3,"136":3,"137":3,"138":3,"139":1,"141":1,"142":1,"143":3,"144":3,"145":3,"146":3,"147":1,"149":1,"150":1,"151":3,"152":3,"153":3,"154":3,"155":1,"159":1,"160":1,"161":1,"162":1,"163":1,"164":1,"165":1,"169":1,"170":1,"171":1,"172":1,"173":1,"174":1,"175":1,"178":1,"179":1,"180":6,"181":6,"182":6,"183":6,"184":1,"186":1,"187":1,"188":4,"189":4,"190":4,"191":4,"192":1,"194":1,"195":1,"196":3,"197":3,"198":3,"199":3,"200":1,"202":1,"203":1,"204":3,"205":3,"206":3,"207":3,"208":1,"211":1,"212":1,"213":3,"214":3,"215":3,"216":3,"217":1,"220":1,"221":1,"222":3,"223":3,"224":3,"225":3,"226":1},"branchMap":{"0":{"type":"branch","line":4,"loc":{"start":{"line":4,"column":4},"end":{"line":11,"column":5}},"locations":[{"start":{"line":4,"column":4},"end":{"line":11,"column":5}}]},"1":{"type":"branch","line":15,"loc":{"start":{"line":15,"column":4},"end":{"line":19,"column":5}},"locations":[{"start":{"line":15,"column":4},"end":{"line":19,"column":5}}]},"2":{"type":"branch","line":23,"loc":{"start":{"line":23,"column":4},"end":{"line":27,"column":5}},"locations":[{"start":{"line":23,"column":4},"end":{"line":27,"column":5}}]},"3":{"type":"branch","line":31,"loc":{"start":{"line":31,"column":4},"end":{"line":35,"column":5}},"locations":[{"start":{"line":31,"column":4},"end":{"line":35,"column":5}}]},"4":{"type":"branch","line":39,"loc":{"start":{"line":39,"column":4},"end":{"line":43,"column":5}},"locations":[{"start":{"line":39,"column":4},"end":{"line":43,"column":5}}]},"5":{"type":"branch","line":47,"loc":{"start":{"line":47,"column":4},"end":{"line":51,"column":5}},"locations":[{"start":{"line":47,"column":4},"end":{"line":51,"column":5}}]},"6":{"type":"branch","line":57,"loc":{"start":{"line":57,"column":4},"end":{"line":61,"column":5}},"locations":[{"start":{"line":57,"column":4},"end":{"line":61,"column":5}}]},"7":{"type":"branch","line":67,"loc":{"start":{"line":67,"column":4},"end":{"line":71,"column":5}},"locations":[{"start":{"line":67,"column":4},"end":{"line":71,"column":5}}]},"8":{"type":"branch","line":77,"loc":{"start":{"line":77,"column":4},"end":{"line":81,"column":5}},"locations":[{"start":{"line":77,"column":4},"end":{"line":81,"column":5}}]},"9":{"type":"branch","line":85,"loc":{"start":{"line":85,"column":4},"end":{"line":89,"column":5}},"locations":[{"start":{"line":85,"column":4},"end":{"line":89,"column":5}}]},"10":{"type":"branch","line":93,"loc":{"start":{"line":93,"column":4},"end":{"line":97,"column":5}},"locations":[{"start":{"line":93,"column":4},"end":{"line":97,"column":5}}]},"11":{"type":"branch","line":101,"loc":{"start":{"line":101,"column":4},"end":{"line":105,"column":5}},"locations":[{"start":{"line":101,"column":4},"end":{"line":105,"column":5}}]},"12":{"type":"branch","line":109,"loc":{"start":{"line":109,"column":4},"end":{"line":113,"column":5}},"locations":[{"start":{"line":109,"column":4},"end":{"line":113,"column":5}}]},"13":{"type":"branch","line":117,"loc":{"start":{"line":117,"column":4},"end":{"line":121,"column":5}},"locations":[{"start":{"line":117,"column":4},"end":{"line":121,"column":5}}]},"14":{"type":"branch","line":127,"loc":{"start":{"line":127,"column":4},"end":{"line":131,"column":5}},"locations":[{"start":{"line":127,"column":4},"end":{"line":131,"column":5}}]},"15":{"type":"branch","line":135,"loc":{"start":{"line":135,"column":4},"end":{"line":139,"column":5}},"locations":[{"start":{"line":135,"column":4},"end":{"line":139,"column":5}}]},"16":{"type":"branch","line":143,"loc":{"start":{"line":143,"column":4},"end":{"line":147,"column":5}},"locations":[{"start":{"line":143,"column":4},"end":{"line":147,"column":5}}]},"17":{"type":"branch","line":151,"loc":{"start":{"line":151,"column":4},"end":{"line":155,"column":5}},"locations":[{"start":{"line":151,"column":4},"end":{"line":155,"column":5}}]},"18":{"type":"branch","line":161,"loc":{"start":{"line":161,"column":4},"end":{"line":165,"column":5}},"locations":[{"start":{"line":161,"column":4},"end":{"line":165,"column":5}}]},"19":{"type":"branch","line":171,"loc":{"start":{"line":171,"column":4},"end":{"line":175,"column":5}},"locations":[{"start":{"line":171,"column":4},"end":{"line":175,"column":5}}]},"20":{"type":"branch","line":180,"loc":{"start":{"line":180,"column":4},"end":{"line":184,"column":5}},"locations":[{"start":{"line":180,"column":4},"end":{"line":184,"column":5}}]},"21":{"type":"branch","line":188,"loc":{"start":{"line":188,"column":4},"end":{"line":192,"column":5}},"locations":[{"start":{"line":188,"column":4},"end":{"line":192,"column":5}}]},"22":{"type":"branch","line":196,"loc":{"start":{"line":196,"column":4},"end":{"line":200,"column":5}},"locations":[{"start":{"line":196,"column":4},"end":{"line":200,"column":5}}]},"23":{"type":"branch","line":204,"loc":{"start":{"line":204,"column":4},"end":{"line":208,"column":5}},"locations":[{"start":{"line":204,"column":4},"end":{"line":208,"column":5}}]},"24":{"type":"branch","line":213,"loc":{"start":{"line":213,"column":4},"end":{"line":217,"column":5}},"locations":[{"start":{"line":213,"column":4},"end":{"line":217,"column":5}}]},"25":{"type":"branch","line":222,"loc":{"start":{"line":222,"column":4},"end":{"line":226,"column":5}},"locations":[{"start":{"line":222,"column":4},"end":{"line":226,"column":5}}]}},"b":{"0":[4],"1":[1],"2":[3],"3":[7],"4":[5],"5":[2],"6":[4],"7":[2],"8":[2],"9":[2],"10":[1],"11":[1],"12":[1],"13":[2],"14":[3],"15":[3],"16":[3],"17":[3],"18":[1],"19":[1],"20":[6],"21":[4],"22":[3],"23":[3],"24":[3],"25":[3]},"fnMap":{"0":{"name":"ErrPlayerNotFound","decl":{"start":{"line":4,"column":4},"end":{"line":11,"column":5}},"loc":{"start":{"line":4,"column":4},"end":{"line":11,"column":5}},"line":4},"1":{"name":"ErrBallNotFound","decl":{"start":{"line":15,"column":4},"end":{"line":19,"column":5}},"loc":{"start":{"line":15,"column":4},"end":{"line":19,"column":5}},"line":15},"2":{"name":"ErrTeamNotFound","decl":{"start":{"line":23,"column":4},"end":{"line":27,"column":5}},"loc":{"start":{"line":23,"column":4},"end":{"line":27,"column":5}},"line":23},"3":{"name":"ErrMoveZeroDirection","decl":{"start":{"line":31,"column":4},"end":{"line":35,"column":5}},"loc":{"start":{"line":31,"column":4},"end":{"line":35,"column":5}},"line":31},"4":{"name":"ErrKickZeroDirection","decl":{"start":{"line":39,"column":4},"end":{"line":43,"column":5}},"loc":{"start":{"line":39,"column":4},"end":{"line":43,"column":5}},"line":39},"5":{"name":"ErrJumpZeroDirection","decl":{"start":{"line":47,"column":4},"end":{"line":51,"column":5}},"loc":{"start":{"line":47,"column":4},"end":{"line":51,"column":5}},"line":47},"6":{"name":"ErrBotInvalidNumber","decl":{"start":{"line":57,"column":4},"end":{"line":61,"column":5}},"loc":{"start":{"line":57,"column":4},"end":{"line":61,"column":5}},"line":57},"7":{"name":"ErrEnvNeedToken","decl":{"start":{"line":67,"column":4},"end":{"line":71,"column":5}},"loc":{"start":{"line":67,"column":4},"end":{"line":71,"column":5}},"line":67},"8":{"name":"ErrFormationPlayerPositionNotDefined","decl":{"start":{"line":77,"column":4},"end":{"line":81,"column":5}},"loc":{"start":{"line":77,"column":4},"end":{"line":81,"column":5}},"line":77},"9":{"name":"ErrFormationInvalidPlayerNumber","decl":{"start":{"line":85,"column":4},"end":{"line":89,"column":5}},"loc":{"start":{"line":85,"column":4},"end":{"line":89,"column":5}},"line":85},"10":{"name":"ErrFormationInvalidKey","decl":{"start":{"line":93,"column":4},"end":{"line":97,"column":5}},"loc":{"start":{"line":93,"column":4},"end":{"line":97,"column":5}},"line":93},"11":{"name":"ErrFormationInvalidPosition","decl":{"start":{"line":101,"column":4},"end":{"line":105,"column":5}},"loc":{"start":{"line":101,"column":4},"end":{"line":105,"column":5}},"line":101},"12":{"name":"ErrFormationInvalidType","decl":{"start":{"line":109,"column":4},"end":{"line":113,"column":5}},"loc":{"start":{"line":109,"column":4},"end":{"line":113,"column":5}},"line":109},"13":{"name":"ErrFormationMapperNotDefined","decl":{"start":{"line":117,"column":4},"end":{"line":121,"column":5}},"loc":{"start":{"line":117,"column":4},"end":{"line":121,"column":5}},"line":117},"14":{"name":"ErrMapperColsOutOfRange","decl":{"start":{"line":127,"column":4},"end":{"line":131,"column":5}},"loc":{"start":{"line":127,"column":4},"end":{"line":131,"column":5}},"line":127},"15":{"name":"ErrMapperRowsOutOfRange","decl":{"start":{"line":135,"column":4},"end":{"line":139,"column":5}},"loc":{"start":{"line":135,"column":4},"end":{"line":139,"column":5}},"line":135},"16":{"name":"ErrMapperRowOutOfMapped","decl":{"start":{"line":143,"column":4},"end":{"line":147,"column":5}},"loc":{"start":{"line":143,"column":4},"end":{"line":147,"column":5}},"line":143},"17":{"name":"ErrMapperColOutOfMapped","decl":{"start":{"line":151,"column":4},"end":{"line":155,"column":5}},"loc":{"start":{"line":151,"column":4},"end":{"line":155,"column":5}},"line":151},"18":{"name":"ErrSideInvalid","decl":{"start":{"line":161,"column":4},"end":{"line":165,"column":5}},"loc":{"start":{"line":161,"column":4},"end":{"line":165,"column":5}},"line":161},"19":{"name":"ErrPlayerInvalidState","decl":{"start":{"line":171,"column":4},"end":{"line":175,"column":5}},"loc":{"start":{"line":171,"column":4},"end":{"line":175,"column":5}},"line":171},"20":{"name":"ErrTeamInvalidSide","decl":{"start":{"line":180,"column":4},"end":{"line":184,"column":5}},"loc":{"start":{"line":180,"column":4},"end":{"line":184,"column":5}},"line":180},"21":{"name":"ErrTeamDuplicatePlayer","decl":{"start":{"line":188,"column":4},"end":{"line":192,"column":5}},"loc":{"start":{"line":188,"column":4},"end":{"line":192,"column":5}},"line":188},"22":{"name":"ErrTeamInvalidScore","decl":{"start":{"line":196,"column":4},"end":{"line":200,"column":5}},"loc":{"start":{"line":196,"column":4},"end":{"line":200,"column":5}},"line":196},"23":{"name":"ErrTeamEmpty","decl":{"start":{"line":204,"column":4},"end":{"line":208,"column":5}},"loc":{"start":{"line":204,"column":4},"end":{"line":208,"column":5}},"line":204},"24":{"name":"ErrMathInterpolationFactor","decl":{"start":{"line":213,"column":4},"end":{"line":217,"column":5}},"loc":{"start":{"line":213,"column":4},"end":{"line":217,"column":5}},"line":213},"25":{"name":"ErrGameInvalidPlayerState","decl":{"start":{"line":222,"column":4},"end":{"line":226,"column":5}},"loc":{"start":{"line":222,"column":4},"end":{"line":226,"column":5}},"line":222}},"f":{"0":4,"1":1,"2":3,"3":7,"4":5,"5":2,"6":4,"7":2,"8":2,"9":2,"10":1,"11":1,"12":1,"13":2,"14":3,"15":3,"16":3,"17":3,"18":1,"19":1,"20":6,"21":4,"22":3,"23":3,"24":3,"25":3}}
,"/Users/mauricio/Projects/lugo4ts/src/interfaces.ts": {"path":"/Users/mauricio/Projects/lugo4ts/src/interfaces.ts","all":false,"statementMap":{"0":{"start":{"line":1,"column":0},"end":{"line":1,"column":37}},"1":{"start":{"line":2,"column":0},"end":{"line":2,"column":36}},"2":{"start":{"line":3,"column":0},"end":{"line":3,"column":39}},"3":{"start":{"line":4,"column":0},"end":{"line":4,"column":43}},"4":{"start":{"line":5,"column":0},"end":{"line":5,"column":36}},"5":{"start":{"line":6,"column":0},"end":{"line":6,"column":42}},"6":{"start":{"line":7,"column":0},"end":{"line":7,"column":47}},"7":{"start":{"line":8,"column":0},"end":{"line":8,"column":46}},"8":{"start":{"line":9,"column":0},"end":{"line":9,"column":37}},"9":{"start":{"line":10,"column":0},"end":{"line":10,"column":44}},"10":{"start":{"line":11,"column":0},"end":{"line":11,"column":44}},"11":{"start":{"line":12,"column":0},"end":{"line":12,"column":36}},"12":{"start":{"line":13,"column":0},"end":{"line":13,"column":39}},"13":{"start":{"line":14,"column":0},"end":{"line":14,"column":39}},"14":{"start":{"line":15,"column":0},"end":{"line":15,"column":45}},"15":{"start":{"line":16,"column":0},"end":{"line":16,"column":39}},"16":{"start":{"line":17,"column":0},"end":{"line":17,"column":43}},"17":{"start":{"line":18,"column":0},"end":{"line":18,"column":37}},"18":{"start":{"line":19,"column":0},"end":{"line":19,"column":41}}},"s":{"0":1,"1":1,"2":1,"3":1,"4":1,"5":1,"6":1,"7":1,"8":1,"9":1,"10":1,"11":1,"12":1,"13":1,"14":1,"15":1,"16":1,"17":1,"18":1},"branchMap":{},"b":{},"fnMap":{},"f":{}}
,"/Users/mauricio/Projects/lugo4ts/src/lugo.ts": {"path":"/Users/mauricio/Projects/lugo4ts/src/lugo.ts","all":false,"statementMap":{"0":{"start":{"line":1,"column":0},"end":{"line":1,"column":108}},"1":{"start":{"line":2,"column":0},"end":{"line":2,"column":8}},"11":{"start":{"line":12,"column":0},"end":{"line":12,"column":8}},"23":{"start":{"line":24,"column":0},"end":{"line":24,"column":112}},"25":{"start":{"line":26,"column":0},"end":{"line":26,"column":66}},"31":{"start":{"line":32,"column":0},"end":{"line":32,"column":60}},"32":{"start":{"line":33,"column":0},"end":{"line":33,"column":47}},"33":{"start":{"line":34,"column":0},"end":{"line":34,"column":1}},"35":{"start":{"line":36,"column":0},"end":{"line":36,"column":55}},"36":{"start":{"line":37,"column":0},"end":{"line":37,"column":90}},"37":{"start":{"line":38,"column":0},"end":{"line":38,"column":1}},"39":{"start":{"line":40,"column":0},"end":{"line":40,"column":66}},"40":{"start":{"line":41,"column":0},"end":{"line":41,"column":52}},"41":{"start":{"line":42,"column":0},"end":{"line":42,"column":1}},"43":{"start":{"line":44,"column":0},"end":{"line":44,"column":61}},"44":{"start":{"line":45,"column":0},"end":{"line":45,"column":69}},"45":{"start":{"line":46,"column":0},"end":{"line":46,"column":1}},"47":{"start":{"line":48,"column":0},"end":{"line":48,"column":72}},"48":{"start":{"line":49,"column":0},"end":{"line":49,"column":119}},"49":{"start":{"line":50,"column":0},"end":{"line":50,"column":1}},"51":{"start":{"line":52,"column":0},"end":{"line":52,"column":67}},"52":{"start":{"line":53,"column":0},"end":{"line":53,"column":32}},"53":{"start":{"line":54,"column":0},"end":{"line":54,"column":57}},"54":{"start":{"line":55,"column":0},"end":{"line":55,"column":35}},"55":{"start":{"line":56,"column":0},"end":{"line":56,"column":7}},"56":{"start":{"line":57,"column":0},"end":{"line":57,"column":1}},"58":{"start":{"line":59,"column":0},"end":{"line":59,"column":64}},"59":{"start":{"line":60,"column":0},"end":{"line":60,"column":22}},"60":{"start":{"line":61,"column":0},"end":{"line":61,"column":26}},"61":{"start":{"line":62,"column":0},"end":{"line":62,"column":29}},"62":{"start":{"line":63,"column":0},"end":{"line":63,"column":71}},"63":{"start":{"line":64,"column":0},"end":{"line":64,"column":65}},"64":{"start":{"line":65,"column":0},"end":{"line":65,"column":69}},"65":{"start":{"line":66,"column":0},"end":{"line":66,"column":70}},"66":{"start":{"line":67,"column":0},"end":{"line":67,"column":6}},"67":{"start":{"line":68,"column":0},"end":{"line":68,"column":1}},"69":{"start":{"line":70,"column":0},"end":{"line":70,"column":59}},"70":{"start":{"line":71,"column":0},"end":{"line":71,"column":30}},"71":{"start":{"line":72,"column":0},"end":{"line":72,"column":35}},"72":{"start":{"line":73,"column":0},"end":{"line":73,"column":41}},"73":{"start":{"line":74,"column":0},"end":{"line":74,"column":50}},"74":{"start":{"line":75,"column":0},"end":{"line":75,"column":52}},"75":{"start":{"line":76,"column":0},"end":{"line":76,"column":60}},"76":{"start":{"line":77,"column":0},"end":{"line":77,"column":55}},"77":{"start":{"line":78,"column":0},"end":{"line":78,"column":7}},"78":{"start":{"line":79,"column":0},"end":{"line":79,"column":1}},"80":{"start":{"line":81,"column":0},"end":{"line":81,"column":56}},"81":{"start":{"line":82,"column":0},"end":{"line":82,"column":20}},"82":{"start":{"line":83,"column":0},"end":{"line":83,"column":117}},"83":{"start":{"line":84,"column":0},"end":{"line":84,"column":83}},"84":{"start":{"line":85,"column":0},"end":{"line":85,"column":64}},"85":{"start":{"line":86,"column":0},"end":{"line":86,"column":6}},"86":{"start":{"line":87,"column":0},"end":{"line":87,"column":1}},"88":{"start":{"line":89,"column":0},"end":{"line":89,"column":51}},"89":{"start":{"line":90,"column":0},"end":{"line":90,"column":28}},"90":{"start":{"line":91,"column":0},"end":{"line":91,"column":50}},"91":{"start":{"line":92,"column":0},"end":{"line":92,"column":53}},"92":{"start":{"line":93,"column":0},"end":{"line":93,"column":79}},"93":{"start":{"line":94,"column":0},"end":{"line":94,"column":7}},"94":{"start":{"line":95,"column":0},"end":{"line":95,"column":1}},"96":{"start":{"line":97,"column":0},"end":{"line":97,"column":72}},"97":{"start":{"line":98,"column":0},"end":{"line":98,"column":107}},"98":{"start":{"line":99,"column":0},"end":{"line":99,"column":1}},"100":{"start":{"line":101,"column":0},"end":{"line":101,"column":67}},"101":{"start":{"line":102,"column":0},"end":{"line":102,"column":33}},"102":{"start":{"line":103,"column":0},"end":{"line":103,"column":51}},"103":{"start":{"line":104,"column":0},"end":{"line":104,"column":58}},"104":{"start":{"line":105,"column":0},"end":{"line":105,"column":7}},"105":{"start":{"line":106,"column":0},"end":{"line":106,"column":1}},"107":{"start":{"line":108,"column":0},"end":{"line":108,"column":56}},"108":{"start":{"line":109,"column":0},"end":{"line":109,"column":48}},"110":{"start":{"line":111,"column":0},"end":{"line":111,"column":20}},"111":{"start":{"line":112,"column":0},"end":{"line":112,"column":28}},"112":{"start":{"line":113,"column":0},"end":{"line":113,"column":28}},"113":{"start":{"line":114,"column":0},"end":{"line":114,"column":38}},"114":{"start":{"line":115,"column":0},"end":{"line":115,"column":80}},"115":{"start":{"line":116,"column":0},"end":{"line":116,"column":6}},"116":{"start":{"line":117,"column":0},"end":{"line":117,"column":1}},"118":{"start":{"line":119,"column":0},"end":{"line":119,"column":51}},"119":{"start":{"line":120,"column":0},"end":{"line":120,"column":28}},"120":{"start":{"line":121,"column":0},"end":{"line":121,"column":29}},"121":{"start":{"line":122,"column":0},"end":{"line":122,"column":31}},"122":{"start":{"line":123,"column":0},"end":{"line":123,"column":40}},"123":{"start":{"line":124,"column":0},"end":{"line":124,"column":73}},"124":{"start":{"line":125,"column":0},"end":{"line":125,"column":7}},"125":{"start":{"line":126,"column":0},"end":{"line":126,"column":1}},"127":{"start":{"line":128,"column":0},"end":{"line":128,"column":75}},"128":{"start":{"line":129,"column":0},"end":{"line":129,"column":20}},"129":{"start":{"line":130,"column":0},"end":{"line":130,"column":40}},"130":{"start":{"line":131,"column":0},"end":{"line":131,"column":39}},"131":{"start":{"line":132,"column":0},"end":{"line":132,"column":42}},"132":{"start":{"line":133,"column":0},"end":{"line":133,"column":37}},"133":{"start":{"line":134,"column":0},"end":{"line":134,"column":42}},"134":{"start":{"line":135,"column":0},"end":{"line":135,"column":41}},"135":{"start":{"line":136,"column":0},"end":{"line":136,"column":40}},"136":{"start":{"line":137,"column":0},"end":{"line":137,"column":39}},"137":{"start":{"line":138,"column":0},"end":{"line":138,"column":41}},"138":{"start":{"line":139,"column":0},"end":{"line":139,"column":40}},"139":{"start":{"line":140,"column":0},"end":{"line":140,"column":37}},"140":{"start":{"line":141,"column":0},"end":{"line":141,"column":36}},"141":{"start":{"line":142,"column":0},"end":{"line":142,"column":16}},"142":{"start":{"line":143,"column":0},"end":{"line":143,"column":60}},"143":{"start":{"line":144,"column":0},"end":{"line":144,"column":5}},"144":{"start":{"line":145,"column":0},"end":{"line":145,"column":1}},"146":{"start":{"line":147,"column":0},"end":{"line":147,"column":73}},"147":{"start":{"line":148,"column":0},"end":{"line":148,"column":20}},"148":{"start":{"line":149,"column":0},"end":{"line":149,"column":33}},"149":{"start":{"line":150,"column":0},"end":{"line":150,"column":46}},"150":{"start":{"line":151,"column":0},"end":{"line":151,"column":31}},"151":{"start":{"line":152,"column":0},"end":{"line":152,"column":48}},"152":{"start":{"line":153,"column":0},"end":{"line":153,"column":35}},"153":{"start":{"line":154,"column":0},"end":{"line":154,"column":48}},"154":{"start":{"line":155,"column":0},"end":{"line":155,"column":33}},"155":{"start":{"line":156,"column":0},"end":{"line":156,"column":46}},"156":{"start":{"line":157,"column":0},"end":{"line":157,"column":34}},"157":{"start":{"line":158,"column":0},"end":{"line":158,"column":47}},"158":{"start":{"line":159,"column":0},"end":{"line":159,"column":30}},"159":{"start":{"line":160,"column":0},"end":{"line":160,"column":43}},"160":{"start":{"line":161,"column":0},"end":{"line":161,"column":16}},"161":{"start":{"line":162,"column":0},"end":{"line":162,"column":62}},"162":{"start":{"line":163,"column":0},"end":{"line":163,"column":5}},"163":{"start":{"line":164,"column":0},"end":{"line":164,"column":1}},"165":{"start":{"line":166,"column":0},"end":{"line":166,"column":80}},"166":{"start":{"line":167,"column":0},"end":{"line":167,"column":28}},"167":{"start":{"line":168,"column":0},"end":{"line":168,"column":42}},"168":{"start":{"line":169,"column":0},"end":{"line":169,"column":22}},"169":{"start":{"line":170,"column":0},"end":{"line":170,"column":72}},"170":{"start":{"line":171,"column":0},"end":{"line":171,"column":72}},"171":{"start":{"line":172,"column":0},"end":{"line":172,"column":64}},"172":{"start":{"line":173,"column":0},"end":{"line":173,"column":37}},"173":{"start":{"line":174,"column":0},"end":{"line":174,"column":78}},"174":{"start":{"line":175,"column":0},"end":{"line":175,"column":6}},"175":{"start":{"line":176,"column":0},"end":{"line":176,"column":1}},"177":{"start":{"line":178,"column":0},"end":{"line":178,"column":79}},"178":{"start":{"line":179,"column":0},"end":{"line":179,"column":36}},"179":{"start":{"line":180,"column":0},"end":{"line":180,"column":52}},"180":{"start":{"line":181,"column":0},"end":{"line":181,"column":33}},"181":{"start":{"line":182,"column":0},"end":{"line":182,"column":90}},"182":{"start":{"line":183,"column":0},"end":{"line":183,"column":90}},"183":{"start":{"line":184,"column":0},"end":{"line":184,"column":78}},"184":{"start":{"line":185,"column":0},"end":{"line":185,"column":63}},"185":{"start":{"line":186,"column":0},"end":{"line":186,"column":99}},"186":{"start":{"line":187,"column":0},"end":{"line":187,"column":7}},"187":{"start":{"line":188,"column":0},"end":{"line":188,"column":1}}},"s":{"0":1,"1":1,"11":1,"23":1,"25":1,"31":1,"32":11,"33":11,"35":1,"36":11,"37":11,"39":1,"40":7,"41":7,"43":1,"44":74,"45":74,"47":1,"48":6,"49":6,"51":1,"52":47,"53":47,"54":47,"55":47,"56":47,"58":1,"59":3,"60":3,"61":3,"62":3,"63":3,"64":3,"65":3,"66":3,"67":3,"69":1,"70":3,"71":3,"72":3,"73":3,"74":3,"75":3,"76":3,"77":3,"78":3,"80":1,"81":2,"82":2,"83":2,"84":2,"85":2,"86":2,"88":1,"89":2,"90":2,"91":2,"92":2,"93":2,"94":2,"96":1,"97":2,"98":2,"100":1,"101":2,"102":2,"103":2,"104":2,"105":2,"107":1,"108":3,"110":3,"111":3,"112":3,"113":3,"114":3,"115":3,"116":3,"118":1,"119":3,"120":3,"121":3,"122":3,"123":3,"124":3,"125":3,"127":1,"128":8,"129":8,"130":1,"131":8,"132":1,"133":8,"134":1,"135":8,"136":2,"137":8,"138":1,"139":8,"140":1,"141":8,"142":1,"143":8,"144":8,"146":1,"147":8,"148":8,"149":1,"150":8,"151":1,"152":8,"153":1,"154":8,"155":2,"156":8,"157":1,"158":8,"159":1,"160":8,"161":1,"162":8,"163":8,"165":1,"166":1,"167":1,"168":1,"169":1,"170":1,"171":1,"172":1,"173":1,"174":1,"175":1,"177":1,"178":1,"179":1,"180":1,"181":1,"182":1,"183":1,"184":1,"185":1,"186":1,"187":1},"branchMap":{"0":{"type":"branch","line":32,"loc":{"start":{"line":32,"column":7},"end":{"line":34,"column":1}},"locations":[{"start":{"line":32,"column":7},"end":{"line":34,"column":1}}]},"1":{"type":"branch","line":36,"loc":{"start":{"line":36,"column":7},"end":{"line":38,"column":1}},"locations":[{"start":{"line":36,"column":7},"end":{"line":38,"column":1}}]},"2":{"type":"branch","line":40,"loc":{"start":{"line":40,"column":7},"end":{"line":42,"column":1}},"locations":[{"start":{"line":40,"column":7},"end":{"line":42,"column":1}}]},"3":{"type":"branch","line":44,"loc":{"start":{"line":44,"column":7},"end":{"line":46,"column":1}},"locations":[{"start":{"line":44,"column":7},"end":{"line":46,"column":1}}]},"4":{"type":"branch","line":48,"loc":{"start":{"line":48,"column":7},"end":{"line":50,"column":1}},"locations":[{"start":{"line":48,"column":7},"end":{"line":50,"column":1}}]},"5":{"type":"branch","line":49,"loc":{"start":{"line":49,"column":52},"end":{"line":49,"column":84}},"locations":[{"start":{"line":49,"column":52},"end":{"line":49,"column":84}}]},"6":{"type":"branch","line":52,"loc":{"start":{"line":52,"column":7},"end":{"line":57,"column":1}},"locations":[{"start":{"line":52,"column":7},"end":{"line":57,"column":1}}]},"7":{"type":"branch","line":59,"loc":{"start":{"line":59,"column":7},"end":{"line":68,"column":1}},"locations":[{"start":{"line":59,"column":7},"end":{"line":68,"column":1}}]},"8":{"type":"branch","line":63,"loc":{"start":{"line":63,"column":42},"end":{"line":63,"column":61}},"locations":[{"start":{"line":63,"column":42},"end":{"line":63,"column":61}}]},"9":{"type":"branch","line":63,"loc":{"start":{"line":63,"column":54},"end":{"line":63,"column":71}},"locations":[{"start":{"line":63,"column":54},"end":{"line":63,"column":71}}]},"10":{"type":"branch","line":64,"loc":{"start":{"line":64,"column":33},"end":{"line":64,"column":63}},"locations":[{"start":{"line":64,"column":33},"end":{"line":64,"column":63}}]},"11":{"type":"branch","line":65,"loc":{"start":{"line":65,"column":33},"end":{"line":65,"column":67}},"locations":[{"start":{"line":65,"column":33},"end":{"line":65,"column":67}}]},"12":{"type":"branch","line":66,"loc":{"start":{"line":66,"column":36},"end":{"line":66,"column":69}},"locations":[{"start":{"line":66,"column":36},"end":{"line":66,"column":69}}]},"13":{"type":"branch","line":70,"loc":{"start":{"line":70,"column":7},"end":{"line":79,"column":1}},"locations":[{"start":{"line":70,"column":7},"end":{"line":79,"column":1}}]},"14":{"type":"branch","line":81,"loc":{"start":{"line":81,"column":7},"end":{"line":87,"column":1}},"locations":[{"start":{"line":81,"column":7},"end":{"line":87,"column":1}}]},"15":{"type":"branch","line":83,"loc":{"start":{"line":83,"column":59},"end":{"line":83,"column":117}},"locations":[{"start":{"line":83,"column":59},"end":{"line":83,"column":117}}]},"16":{"type":"branch","line":84,"loc":{"start":{"line":84,"column":62},"end":{"line":84,"column":83}},"locations":[{"start":{"line":84,"column":62},"end":{"line":84,"column":83}}]},"17":{"type":"branch","line":85,"loc":{"start":{"line":85,"column":17},"end":{"line":85,"column":60}},"locations":[{"start":{"line":85,"column":17},"end":{"line":85,"column":60}}]},"18":{"type":"branch","line":85,"loc":{"start":{"line":85,"column":56},"end":{"line":85,"column":64}},"locations":[{"start":{"line":85,"column":56},"end":{"line":85,"column":64}}]},"19":{"type":"branch","line":89,"loc":{"start":{"line":89,"column":7},"end":{"line":95,"column":1}},"locations":[{"start":{"line":89,"column":7},"end":{"line":95,"column":1}}]},"20":{"type":"branch","line":93,"loc":{"start":{"line":93,"column":31},"end":{"line":93,"column":69}},"locations":[{"start":{"line":93,"column":31},"end":{"line":93,"column":69}}]},"21":{"type":"branch","line":93,"loc":{"start":{"line":93,"column":65},"end":{"line":93,"column":79}},"locations":[{"start":{"line":93,"column":65},"end":{"line":93,"column":79}}]},"22":{"type":"branch","line":97,"loc":{"start":{"line":97,"column":7},"end":{"line":99,"column":1}},"locations":[{"start":{"line":97,"column":7},"end":{"line":99,"column":1}}]},"23":{"type":"branch","line":98,"loc":{"start":{"line":98,"column":66},"end":{"line":98,"column":105}},"locations":[{"start":{"line":98,"column":66},"end":{"line":98,"column":105}}]},"24":{"type":"branch","line":101,"loc":{"start":{"line":101,"column":7},"end":{"line":106,"column":1}},"locations":[{"start":{"line":101,"column":7},"end":{"line":106,"column":1}}]},"25":{"type":"branch","line":108,"loc":{"start":{"line":108,"column":7},"end":{"line":117,"column":1}},"locations":[{"start":{"line":108,"column":7},"end":{"line":117,"column":1}}]},"26":{"type":"branch","line":109,"loc":{"start":{"line":109,"column":34},"end":{"line":109,"column":48}},"locations":[{"start":{"line":109,"column":34},"end":{"line":109,"column":48}}]},"27":{"type":"branch","line":112,"loc":{"start":{"line":112,"column":17},"end":{"line":112,"column":28}},"locations":[{"start":{"line":112,"column":17},"end":{"line":112,"column":28}}]},"28":{"type":"branch","line":113,"loc":{"start":{"line":113,"column":17},"end":{"line":113,"column":28}},"locations":[{"start":{"line":113,"column":17},"end":{"line":113,"column":28}}]},"29":{"type":"branch","line":114,"loc":{"start":{"line":114,"column":27},"end":{"line":114,"column":36}},"locations":[{"start":{"line":114,"column":27},"end":{"line":114,"column":36}}]},"30":{"type":"branch","line":115,"loc":{"start":{"line":115,"column":25},"end":{"line":115,"column":79}},"locations":[{"start":{"line":115,"column":25},"end":{"line":115,"column":79}}]},"31":{"type":"branch","line":119,"loc":{"start":{"line":119,"column":7},"end":{"line":126,"column":1}},"locations":[{"start":{"line":119,"column":7},"end":{"line":126,"column":1}}]},"32":{"type":"branch","line":124,"loc":{"start":{"line":124,"column":39},"end":{"line":124,"column":71}},"locations":[{"start":{"line":124,"column":39},"end":{"line":124,"column":71}}]},"33":{"type":"branch","line":128,"loc":{"start":{"line":128,"column":7},"end":{"line":145,"column":1}},"locations":[{"start":{"line":128,"column":7},"end":{"line":145,"column":1}}]},"34":{"type":"branch","line":130,"loc":{"start":{"line":130,"column":8},"end":{"line":131,"column":39}},"locations":[{"start":{"line":130,"column":8},"end":{"line":131,"column":39}}]},"35":{"type":"branch","line":132,"loc":{"start":{"line":132,"column":8},"end":{"line":133,"column":37}},"locations":[{"start":{"line":132,"column":8},"end":{"line":133,"column":37}}]},"36":{"type":"branch","line":134,"loc":{"start":{"line":134,"column":8},"end":{"line":135,"column":41}},"locations":[{"start":{"line":134,"column":8},"end":{"line":135,"column":41}}]},"37":{"type":"branch","line":136,"loc":{"start":{"line":136,"column":8},"end":{"line":137,"column":39}},"locations":[{"start":{"line":136,"column":8},"end":{"line":137,"column":39}}]},"38":{"type":"branch","line":138,"loc":{"start":{"line":138,"column":8},"end":{"line":139,"column":40}},"locations":[{"start":{"line":138,"column":8},"end":{"line":139,"column":40}}]},"39":{"type":"branch","line":140,"loc":{"start":{"line":140,"column":8},"end":{"line":141,"column":36}},"locations":[{"start":{"line":140,"column":8},"end":{"line":141,"column":36}}]},"40":{"type":"branch","line":142,"loc":{"start":{"line":142,"column":8},"end":{"line":143,"column":60}},"locations":[{"start":{"line":142,"column":8},"end":{"line":143,"column":60}}]},"41":{"type":"branch","line":147,"loc":{"start":{"line":147,"column":7},"end":{"line":164,"column":1}},"locations":[{"start":{"line":147,"column":7},"end":{"line":164,"column":1}}]},"42":{"type":"branch","line":149,"loc":{"start":{"line":149,"column":8},"end":{"line":150,"column":46}},"locations":[{"start":{"line":149,"column":8},"end":{"line":150,"column":46}}]},"43":{"type":"branch","line":151,"loc":{"start":{"line":151,"column":8},"end":{"line":152,"column":48}},"locations":[{"start":{"line":151,"column":8},"end":{"line":152,"column":48}}]},"44":{"type":"branch","line":153,"loc":{"start":{"line":153,"column":8},"end":{"line":154,"column":48}},"locations":[{"start":{"line":153,"column":8},"end":{"line":154,"column":48}}]},"45":{"type":"branch","line":155,"loc":{"start":{"line":155,"column":8},"end":{"line":156,"column":46}},"locations":[{"start":{"line":155,"column":8},"end":{"line":156,"column":46}}]},"46":{"type":"branch","line":157,"loc":{"start":{"line":157,"column":8},"end":{"line":158,"column":47}},"locations":[{"start":{"line":157,"column":8},"end":{"line":158,"column":47}}]},"47":{"type":"branch","line":159,"loc":{"start":{"line":159,"column":8},"end":{"line":160,"column":43}},"locations":[{"start":{"line":159,"column":8},"end":{"line":160,"column":43}}]},"48":{"type":"branch","line":161,"loc":{"start":{"line":161,"column":8},"end":{"line":162,"column":62}},"locations":[{"start":{"line":161,"column":8},"end":{"line":162,"column":62}}]},"49":{"type":"branch","line":166,"loc":{"start":{"line":166,"column":7},"end":{"line":176,"column":1}},"locations":[{"start":{"line":166,"column":7},"end":{"line":176,"column":1}}]},"50":{"type":"branch","line":170,"loc":{"start":{"line":170,"column":58},"end":{"line":170,"column":72}},"locations":[{"start":{"line":170,"column":58},"end":{"line":170,"column":72}}]},"51":{"type":"branch","line":171,"loc":{"start":{"line":171,"column":58},"end":{"line":171,"column":72}},"locations":[{"start":{"line":171,"column":58},"end":{"line":171,"column":72}}]},"52":{"type":"branch","line":172,"loc":{"start":{"line":172,"column":50},"end":{"line":172,"column":64}},"locations":[{"start":{"line":172,"column":50},"end":{"line":172,"column":64}}]},"53":{"type":"branch","line":174,"loc":{"start":{"line":174,"column":65},"end":{"line":174,"column":78}},"locations":[{"start":{"line":174,"column":65},"end":{"line":174,"column":78}}]},"54":{"type":"branch","line":178,"loc":{"start":{"line":178,"column":7},"end":{"line":188,"column":1}},"locations":[{"start":{"line":178,"column":7},"end":{"line":188,"column":1}}]},"55":{"type":"branch","line":182,"loc":{"start":{"line":182,"column":76},"end":{"line":182,"column":90}},"locations":[{"start":{"line":182,"column":76},"end":{"line":182,"column":90}}]},"56":{"type":"branch","line":183,"loc":{"start":{"line":183,"column":76},"end":{"line":183,"column":90}},"locations":[{"start":{"line":183,"column":76},"end":{"line":183,"column":90}}]},"57":{"type":"branch","line":184,"loc":{"start":{"line":184,"column":64},"end":{"line":184,"column":78}},"locations":[{"start":{"line":184,"column":64},"end":{"line":184,"column":78}}]},"58":{"type":"branch","line":186,"loc":{"start":{"line":186,"column":85},"end":{"line":186,"column":99}},"locations":[{"start":{"line":186,"column":85},"end":{"line":186,"column":99}}]}},"b":{"0":[11],"1":[11],"2":[7],"3":[74],"4":[6],"5":[0],"6":[47],"7":[3],"8":[1],"9":[2],"10":[0],"11":[0],"12":[0],"13":[3],"14":[2],"15":[0],"16":[0],"17":[1],"18":[1],"19":[2],"20":[1],"21":[1],"22":[2],"23":[0],"24":[2],"25":[3],"26":[0],"27":[0],"28":[0],"29":[0],"30":[1],"31":[3],"32":[1],"33":[8],"34":[1],"35":[1],"36":[1],"37":[2],"38":[1],"39":[1],"40":[1],"41":[8],"42":[1],"43":[1],"44":[1],"45":[2],"46":[1],"47":[1],"48":[1],"49":[1],"50":[0],"51":[0],"52":[0],"53":[0],"54":[1],"55":[0],"56":[0],"57":[0],"58":[0]},"fnMap":{"0":{"name":"fromLugoPoint","decl":{"start":{"line":32,"column":7},"end":{"line":34,"column":1}},"loc":{"start":{"line":32,"column":7},"end":{"line":34,"column":1}},"line":32},"1":{"name":"toLugoPoint","decl":{"start":{"line":36,"column":7},"end":{"line":38,"column":1}},"loc":{"start":{"line":36,"column":7},"end":{"line":38,"column":1}},"line":36},"2":{"name":"fromLugoVector","decl":{"start":{"line":40,"column":7},"end":{"line":42,"column":1}},"loc":{"start":{"line":40,"column":7},"end":{"line":42,"column":1}},"line":40},"3":{"name":"toLugoVector","decl":{"start":{"line":44,"column":7},"end":{"line":46,"column":1}},"loc":{"start":{"line":44,"column":7},"end":{"line":46,"column":1}},"line":44},"4":{"name":"fromLugoVelocity","decl":{"start":{"line":48,"column":7},"end":{"line":50,"column":1}},"loc":{"start":{"line":48,"column":7},"end":{"line":50,"column":1}},"line":48},"5":{"name":"toLugoVelocity","decl":{"start":{"line":52,"column":7},"end":{"line":57,"column":1}},"loc":{"start":{"line":52,"column":7},"end":{"line":57,"column":1}},"line":52},"6":{"name":"fromLugoPlayer","decl":{"start":{"line":59,"column":7},"end":{"line":68,"column":1}},"loc":{"start":{"line":59,"column":7},"end":{"line":68,"column":1}},"line":59},"7":{"name":"toLugoPlayer","decl":{"start":{"line":70,"column":7},"end":{"line":79,"column":1}},"loc":{"start":{"line":70,"column":7},"end":{"line":79,"column":1}},"line":70},"8":{"name":"fromLugoBall","decl":{"start":{"line":81,"column":7},"end":{"line":87,"column":1}},"loc":{"start":{"line":81,"column":7},"end":{"line":87,"column":1}},"line":81},"9":{"name":"toLugoBall","decl":{"start":{"line":89,"column":7},"end":{"line":95,"column":1}},"loc":{"start":{"line":89,"column":7},"end":{"line":95,"column":1}},"line":89},"10":{"name":"fromLugoShotClock","decl":{"start":{"line":97,"column":7},"end":{"line":99,"column":1}},"loc":{"start":{"line":97,"column":7},"end":{"line":99,"column":1}},"line":97},"11":{"name":"toLugoShotClock","decl":{"start":{"line":101,"column":7},"end":{"line":106,"column":1}},"loc":{"start":{"line":101,"column":7},"end":{"line":106,"column":1}},"line":101},"12":{"name":"fromLugoTeam","decl":{"start":{"line":108,"column":7},"end":{"line":117,"column":1}},"loc":{"start":{"line":108,"column":7},"end":{"line":117,"column":1}},"line":108},"13":{"name":"toLugoTeam","decl":{"start":{"line":119,"column":7},"end":{"line":126,"column":1}},"loc":{"start":{"line":119,"column":7},"end":{"line":126,"column":1}},"line":119},"14":{"name":"fromLugoGameState","decl":{"start":{"line":128,"column":7},"end":{"line":145,"column":1}},"loc":{"start":{"line":128,"column":7},"end":{"line":145,"column":1}},"line":128},"15":{"name":"toLugoGameState","decl":{"start":{"line":147,"column":7},"end":{"line":164,"column":1}},"loc":{"start":{"line":147,"column":7},"end":{"line":164,"column":1}},"line":147},"16":{"name":"fromLugoGameSnapshot","decl":{"start":{"line":166,"column":7},"end":{"line":176,"column":1}},"loc":{"start":{"line":166,"column":7},"end":{"line":176,"column":1}},"line":166},"17":{"name":"toLugoGameSnapshot","decl":{"start":{"line":178,"column":7},"end":{"line":188,"column":1}},"loc":{"start":{"line":178,"column":7},"end":{"line":188,"column":1}},"line":178}},"f":{"0":11,"1":11,"2":7,"3":74,"4":6,"5":47,"6":3,"7":3,"8":2,"9":2,"10":2,"11":2,"12":3,"13":3,"14":8,"15":8,"16":1,"17":1}}
,"/Users/mauricio/Projects/lugo4ts/src/playground.ts": {"path":"/Users/mauricio/Projects/lugo4ts/src/playground.ts","all":false,"statementMap":{"0":{"start":{"line":1,"column":0},"end":{"line":1,"column":47}},"1":{"start":{"line":2,"column":0},"end":{"line":2,"column":47}},"2":{"start":{"line":3,"column":0},"end":{"line":3,"column":47}}},"s":{"0":1,"1":1,"2":1},"branchMap":{},"b":{},"fnMap":{},"f":{}}
,"/Users/mauricio/Projects/lugo4ts/src/utils.ts": {"path":"/Users/mauricio/Projects/lugo4ts/src/utils.ts","all":false,"statementMap":{"0":{"start":{"line":1,"column":0},"end":{"line":1,"column":32}},"1":{"start":{"line":2,"column":0},"end":{"line":2,"column":33}},"2":{"start":{"line":3,"column":0},"end":{"line":3,"column":37}},"3":{"start":{"line":4,"column":0},"end":{"line":4,"column":32}},"4":{"start":{"line":5,"column":0},"end":{"line":5,"column":42}},"5":{"start":{"line":6,"column":0},"end":{"line":6,"column":41}},"6":{"start":{"line":7,"column":0},"end":{"line":7,"column":34}},"7":{"start":{"line":8,"column":0},"end":{"line":8,"column":32}},"8":{"start":{"line":9,"column":0},"end":{"line":9,"column":34}},"9":{"start":{"line":10,"column":0},"end":{"line":10,"column":33}},"10":{"start":{"line":11,"column":0},"end":{"line":11,"column":34}},"11":{"start":{"line":12,"column":0},"end":{"line":12,"column":38}},"12":{"start":{"line":13,"column":0},"end":{"line":13,"column":32}},"13":{"start":{"line":14,"column":0},"end":{"line":14,"column":32}},"14":{"start":{"line":15,"column":0},"end":{"line":15,"column":32}},"15":{"start":{"line":16,"column":0},"end":{"line":16,"column":34}},"16":{"start":{"line":17,"column":0},"end":{"line":17,"column":36}}},"s":{"0":1,"1":1,"2":1,"3":1,"4":1,"5":1,"6":1,"7":1,"8":1,"9":1,"10":1,"11":1,"12":1,"13":1,"14":1,"15":1,"16":1},"branchMap":{},"b":{},"fnMap":{},"f":{}}
,"/Users/mauricio/Projects/lugo4ts/src/core/ball.ts": {"path":"/Users/mauricio/Projects/lugo4ts/src/core/ball.ts","all":false,"statementMap":{"2":{"start":{"line":3,"column":0},"end":{"line":3,"column":40}},"3":{"start":{"line":4,"column":0},"end":{"line":4,"column":40}},"5":{"start":{"line":6,"column":0},"end":{"line":6,"column":53}},"7":{"start":{"line":8,"column":0},"end":{"line":8,"column":36}},"8":{"start":{"line":9,"column":0},"end":{"line":9,"column":29}},"9":{"start":{"line":10,"column":0},"end":{"line":10,"column":32}},"11":{"start":{"line":12,"column":0},"end":{"line":12,"column":16}},"12":{"start":{"line":13,"column":0},"end":{"line":13,"column":32}},"13":{"start":{"line":14,"column":0},"end":{"line":14,"column":35}},"14":{"start":{"line":15,"column":0},"end":{"line":15,"column":38}},"15":{"start":{"line":16,"column":0},"end":{"line":16,"column":7}},"16":{"start":{"line":17,"column":0},"end":{"line":17,"column":90}},"17":{"start":{"line":18,"column":0},"end":{"line":18,"column":53}},"18":{"start":{"line":19,"column":0},"end":{"line":19,"column":5}},"20":{"start":{"line":21,"column":0},"end":{"line":21,"column":46}},"21":{"start":{"line":22,"column":0},"end":{"line":22,"column":62}},"22":{"start":{"line":23,"column":0},"end":{"line":23,"column":20}},"23":{"start":{"line":24,"column":0},"end":{"line":24,"column":5}},"25":{"start":{"line":26,"column":0},"end":{"line":26,"column":35}},"26":{"start":{"line":27,"column":0},"end":{"line":27,"column":54}},"27":{"start":{"line":28,"column":0},"end":{"line":28,"column":20}},"28":{"start":{"line":29,"column":0},"end":{"line":29,"column":5}},"30":{"start":{"line":31,"column":0},"end":{"line":31,"column":27}},"31":{"start":{"line":32,"column":0},"end":{"line":32,"column":29}},"32":{"start":{"line":33,"column":0},"end":{"line":33,"column":5}},"34":{"start":{"line":35,"column":0},"end":{"line":35,"column":41}},"35":{"start":{"line":36,"column":0},"end":{"line":36,"column":33}},"36":{"start":{"line":37,"column":0},"end":{"line":37,"column":20}},"37":{"start":{"line":38,"column":0},"end":{"line":38,"column":5}},"39":{"start":{"line":40,"column":0},"end":{"line":40,"column":30}},"40":{"start":{"line":41,"column":0},"end":{"line":41,"column":29}},"41":{"start":{"line":42,"column":0},"end":{"line":42,"column":5}},"43":{"start":{"line":44,"column":0},"end":{"line":44,"column":44}},"44":{"start":{"line":45,"column":0},"end":{"line":45,"column":33}},"45":{"start":{"line":46,"column":0},"end":{"line":46,"column":20}},"46":{"start":{"line":47,"column":0},"end":{"line":47,"column":5}},"48":{"start":{"line":49,"column":0},"end":{"line":49,"column":31}},"49":{"start":{"line":50,"column":0},"end":{"line":50,"column":49}},"50":{"start":{"line":51,"column":0},"end":{"line":51,"column":5}},"52":{"start":{"line":53,"column":0},"end":{"line":53,"column":24}},"53":{"start":{"line":54,"column":0},"end":{"line":54,"column":45}},"54":{"start":{"line":55,"column":0},"end":{"line":55,"column":5}},"56":{"start":{"line":57,"column":0},"end":{"line":57,"column":26}},"57":{"start":{"line":58,"column":0},"end":{"line":58,"column":29}},"58":{"start":{"line":59,"column":0},"end":{"line":59,"column":5}},"60":{"start":{"line":61,"column":0},"end":{"line":61,"column":33}},"61":{"start":{"line":62,"column":0},"end":{"line":62,"column":27}},"62":{"start":{"line":63,"column":0},"end":{"line":63,"column":5}},"64":{"start":{"line":65,"column":0},"end":{"line":65,"column":45}},"65":{"start":{"line":66,"column":0},"end":{"line":66,"column":29}},"66":{"start":{"line":67,"column":0},"end":{"line":67,"column":20}},"67":{"start":{"line":68,"column":0},"end":{"line":68,"column":5}},"69":{"start":{"line":70,"column":0},"end":{"line":70,"column":40}},"70":{"start":{"line":71,"column":0},"end":{"line":71,"column":39}},"71":{"start":{"line":72,"column":0},"end":{"line":72,"column":116}},"72":{"start":{"line":73,"column":0},"end":{"line":73,"column":5}},"74":{"start":{"line":75,"column":0},"end":{"line":75,"column":51}},"75":{"start":{"line":76,"column":0},"end":{"line":76,"column":68}},"76":{"start":{"line":77,"column":0},"end":{"line":77,"column":5}},"78":{"start":{"line":79,"column":0},"end":{"line":79,"column":48}},"79":{"start":{"line":80,"column":0},"end":{"line":80,"column":53}},"80":{"start":{"line":81,"column":0},"end":{"line":81,"column":5}},"82":{"start":{"line":83,"column":0},"end":{"line":83,"column":51}},"83":{"start":{"line":84,"column":0},"end":{"line":84,"column":66}},"84":{"start":{"line":85,"column":0},"end":{"line":85,"column":5}},"86":{"start":{"line":87,"column":0},"end":{"line":87,"column":47}},"87":{"start":{"line":88,"column":0},"end":{"line":88,"column":67}},"88":{"start":{"line":89,"column":0},"end":{"line":89,"column":5}},"90":{"start":{"line":91,"column":0},"end":{"line":91,"column":44}},"91":{"start":{"line":92,"column":0},"end":{"line":92,"column":52}},"92":{"start":{"line":93,"column":0},"end":{"line":93,"column":5}},"94":{"start":{"line":95,"column":0},"end":{"line":95,"column":47}},"95":{"start":{"line":96,"column":0},"end":{"line":96,"column":65}},"96":{"start":{"line":97,"column":0},"end":{"line":97,"column":5}},"97":{"start":{"line":98,"column":0},"end":{"line":98,"column":1}}},"s":{"2":1,"3":1,"5":1,"7":1,"8":202,"9":202,"11":202,"12":202,"13":202,"14":202,"15":202,"16":202,"17":202,"18":202,"20":202,"21":0,"22":0,"23":0,"25":202,"26":0,"27":0,"28":0,"30":202,"31":139,"32":139,"34":202,"35":3,"36":3,"37":3,"39":202,"40":67,"41":67,"43":202,"44":4,"45":4,"46":4,"48":202,"49":5,"50":5,"52":202,"53":5,"54":5,"56":202,"57":3,"58":3,"60":202,"61":160,"62":160,"64":202,"65":2,"66":2,"67":2,"69":202,"70":2,"71":2,"72":2,"74":202,"75":1,"76":1,"78":202,"79":1,"80":1,"82":202,"83":1,"84":1,"86":202,"87":1,"88":1,"90":202,"91":1,"92":1,"94":202,"95":1,"96":1,"97":202},"branchMap":{"0":{"type":"branch","line":8,"loc":{"start":{"line":8,"column":35},"end":{"line":98,"column":1}},"locations":[{"start":{"line":8,"column":35},"end":{"line":98,"column":1}}]},"1":{"type":"branch","line":12,"loc":{"start":{"line":12,"column":4},"end":{"line":19,"column":5}},"locations":[{"start":{"line":12,"column":4},"end":{"line":19,"column":5}}]},"2":{"type":"branch","line":17,"loc":{"start":{"line":17,"column":24},"end":{"line":17,"column":90}},"locations":[{"start":{"line":17,"column":24},"end":{"line":17,"column":90}}]},"3":{"type":"branch","line":18,"loc":{"start":{"line":18,"column":24},"end":{"line":18,"column":53}},"locations":[{"start":{"line":18,"column":24},"end":{"line":18,"column":53}}]},"4":{"type":"branch","line":31,"loc":{"start":{"line":31,"column":4},"end":{"line":33,"column":5}},"locations":[{"start":{"line":31,"column":4},"end":{"line":33,"column":5}}]},"5":{"type":"branch","line":35,"loc":{"start":{"line":35,"column":4},"end":{"line":38,"column":5}},"locations":[{"start":{"line":35,"column":4},"end":{"line":38,"column":5}}]},"6":{"type":"branch","line":40,"loc":{"start":{"line":40,"column":4},"end":{"line":42,"column":5}},"locations":[{"start":{"line":40,"column":4},"end":{"line":42,"column":5}}]},"7":{"type":"branch","line":44,"loc":{"start":{"line":44,"column":4},"end":{"line":47,"column":5}},"locations":[{"start":{"line":44,"column":4},"end":{"line":47,"column":5}}]},"8":{"type":"branch","line":49,"loc":{"start":{"line":49,"column":4},"end":{"line":51,"column":5}},"locations":[{"start":{"line":49,"column":4},"end":{"line":51,"column":5}}]},"9":{"type":"branch","line":53,"loc":{"start":{"line":53,"column":4},"end":{"line":55,"column":5}},"locations":[{"start":{"line":53,"column":4},"end":{"line":55,"column":5}}]},"10":{"type":"branch","line":57,"loc":{"start":{"line":57,"column":4},"end":{"line":59,"column":5}},"locations":[{"start":{"line":57,"column":4},"end":{"line":59,"column":5}}]},"11":{"type":"branch","line":61,"loc":{"start":{"line":61,"column":4},"end":{"line":63,"column":5}},"locations":[{"start":{"line":61,"column":4},"end":{"line":63,"column":5}}]},"12":{"type":"branch","line":65,"loc":{"start":{"line":65,"column":4},"end":{"line":68,"column":5}},"locations":[{"start":{"line":65,"column":4},"end":{"line":68,"column":5}}]},"13":{"type":"branch","line":70,"loc":{"start":{"line":70,"column":4},"end":{"line":73,"column":5}},"locations":[{"start":{"line":70,"column":4},"end":{"line":73,"column":5}}]},"14":{"type":"branch","line":71,"loc":{"start":{"line":71,"column":26},"end":{"line":71,"column":39}},"locations":[{"start":{"line":71,"column":26},"end":{"line":71,"column":39}}]},"15":{"type":"branch","line":72,"loc":{"start":{"line":72,"column":60},"end":{"line":72,"column":116}},"locations":[{"start":{"line":72,"column":60},"end":{"line":72,"column":116}}]},"16":{"type":"branch","line":75,"loc":{"start":{"line":75,"column":4},"end":{"line":77,"column":5}},"locations":[{"start":{"line":75,"column":4},"end":{"line":77,"column":5}}]},"17":{"type":"branch","line":79,"loc":{"start":{"line":79,"column":4},"end":{"line":81,"column":5}},"locations":[{"start":{"line":79,"column":4},"end":{"line":81,"column":5}}]},"18":{"type":"branch","line":83,"loc":{"start":{"line":83,"column":4},"end":{"line":85,"column":5}},"locations":[{"start":{"line":83,"column":4},"end":{"line":85,"column":5}}]},"19":{"type":"branch","line":87,"loc":{"start":{"line":87,"column":4},"end":{"line":89,"column":5}},"locations":[{"start":{"line":87,"column":4},"end":{"line":89,"column":5}}]},"20":{"type":"branch","line":91,"loc":{"start":{"line":91,"column":4},"end":{"line":93,"column":5}},"locations":[{"start":{"line":91,"column":4},"end":{"line":93,"column":5}}]},"21":{"type":"branch","line":95,"loc":{"start":{"line":95,"column":4},"end":{"line":97,"column":5}},"locations":[{"start":{"line":95,"column":4},"end":{"line":97,"column":5}}]}},"b":{"0":[202],"1":[202],"2":[0],"3":[0],"4":[139],"5":[3],"6":[67],"7":[4],"8":[5],"9":[5],"10":[3],"11":[160],"12":[2],"13":[2],"14":[0],"15":[1],"16":[1],"17":[1],"18":[1],"19":[1],"20":[1],"21":[1]},"fnMap":{"0":{"name":"<instance_members_initializer>","decl":{"start":{"line":8,"column":35},"end":{"line":98,"column":1}},"loc":{"start":{"line":8,"column":35},"end":{"line":98,"column":1}},"line":8},"1":{"name":"Ball","decl":{"start":{"line":12,"column":4},"end":{"line":19,"column":5}},"loc":{"start":{"line":12,"column":4},"end":{"line":19,"column":5}},"line":12},"2":{"name":"setDirection","decl":{"start":{"line":21,"column":4},"end":{"line":24,"column":5}},"loc":{"start":{"line":21,"column":4},"end":{"line":24,"column":5}},"line":21},"3":{"name":"setSpeed","decl":{"start":{"line":26,"column":4},"end":{"line":29,"column":5}},"loc":{"start":{"line":26,"column":4},"end":{"line":29,"column":5}},"line":26},"4":{"name":"getPosition","decl":{"start":{"line":31,"column":4},"end":{"line":33,"column":5}},"loc":{"start":{"line":31,"column":4},"end":{"line":33,"column":5}},"line":31},"5":{"name":"setPosition","decl":{"start":{"line":35,"column":4},"end":{"line":38,"column":5}},"loc":{"start":{"line":35,"column":4},"end":{"line":38,"column":5}},"line":35},"6":{"name":"getVelocity","decl":{"start":{"line":40,"column":4},"end":{"line":42,"column":5}},"loc":{"start":{"line":40,"column":4},"end":{"line":42,"column":5}},"line":40},"7":{"name":"setVelocity","decl":{"start":{"line":44,"column":4},"end":{"line":47,"column":5}},"loc":{"start":{"line":44,"column":4},"end":{"line":47,"column":5}},"line":44},"8":{"name":"getDirection","decl":{"start":{"line":49,"column":4},"end":{"line":51,"column":5}},"loc":{"start":{"line":49,"column":4},"end":{"line":51,"column":5}},"line":49},"9":{"name":"getSpeed","decl":{"start":{"line":53,"column":4},"end":{"line":55,"column":5}},"loc":{"start":{"line":53,"column":4},"end":{"line":55,"column":5}},"line":53},"10":{"name":"hasHolder","decl":{"start":{"line":57,"column":4},"end":{"line":59,"column":5}},"loc":{"start":{"line":57,"column":4},"end":{"line":59,"column":5}},"line":57},"11":{"name":"getHolder","decl":{"start":{"line":61,"column":4},"end":{"line":63,"column":5}},"loc":{"start":{"line":61,"column":4},"end":{"line":63,"column":5}},"line":61},"12":{"name":"setHolder","decl":{"start":{"line":65,"column":4},"end":{"line":68,"column":5}},"loc":{"start":{"line":65,"column":4},"end":{"line":68,"column":5}},"line":65},"13":{"name":"holderIs","decl":{"start":{"line":70,"column":4},"end":{"line":73,"column":5}},"loc":{"start":{"line":70,"column":4},"end":{"line":73,"column":5}},"line":70},"14":{"name":"directionToPlayer","decl":{"start":{"line":75,"column":4},"end":{"line":77,"column":5}},"loc":{"start":{"line":75,"column":4},"end":{"line":77,"column":5}},"line":75},"15":{"name":"directionToPoint","decl":{"start":{"line":79,"column":4},"end":{"line":81,"column":5}},"loc":{"start":{"line":79,"column":4},"end":{"line":81,"column":5}},"line":79},"16":{"name":"directionToRegion","decl":{"start":{"line":83,"column":4},"end":{"line":85,"column":5}},"loc":{"start":{"line":83,"column":4},"end":{"line":85,"column":5}},"line":83},"17":{"name":"distanceToPlayer","decl":{"start":{"line":87,"column":4},"end":{"line":89,"column":5}},"loc":{"start":{"line":87,"column":4},"end":{"line":89,"column":5}},"line":87},"18":{"name":"distanceToPoint","decl":{"start":{"line":91,"column":4},"end":{"line":93,"column":5}},"loc":{"start":{"line":91,"column":4},"end":{"line":93,"column":5}},"line":91},"19":{"name":"distanceToRegion","decl":{"start":{"line":95,"column":4},"end":{"line":97,"column":5}},"loc":{"start":{"line":95,"column":4},"end":{"line":97,"column":5}},"line":95}},"f":{"0":202,"1":202,"2":0,"3":0,"4":139,"5":3,"6":67,"7":4,"8":5,"9":5,"10":3,"11":160,"12":2,"13":2,"14":1,"15":1,"16":1,"17":1,"18":1,"19":1}}
,"/Users/mauricio/Projects/lugo4ts/src/core/client.ts": {"path":"/Users/mauricio/Projects/lugo4ts/src/core/client.ts","all":false,"statementMap":{"0":{"start":{"line":1,"column":0},"end":{"line":1,"column":46}},"2":{"start":{"line":3,"column":0},"end":{"line":3,"column":57}},"3":{"start":{"line":4,"column":0},"end":{"line":4,"column":44}},"4":{"start":{"line":5,"column":0},"end":{"line":5,"column":60}},"6":{"start":{"line":7,"column":0},"end":{"line":7,"column":58}},"7":{"start":{"line":8,"column":0},"end":{"line":8,"column":90}},"9":{"start":{"line":10,"column":0},"end":{"line":10,"column":62}},"15":{"start":{"line":16,"column":0},"end":{"line":16,"column":40}},"16":{"start":{"line":17,"column":0},"end":{"line":17,"column":32}},"17":{"start":{"line":18,"column":0},"end":{"line":18,"column":32}},"19":{"start":{"line":20,"column":0},"end":{"line":20,"column":16}},"20":{"start":{"line":21,"column":0},"end":{"line":21,"column":34}},"21":{"start":{"line":22,"column":0},"end":{"line":22,"column":30}},"22":{"start":{"line":23,"column":0},"end":{"line":23,"column":27}},"23":{"start":{"line":24,"column":0},"end":{"line":24,"column":31}},"24":{"start":{"line":25,"column":0},"end":{"line":25,"column":36}},"25":{"start":{"line":26,"column":0},"end":{"line":26,"column":8}},"27":{"start":{"line":28,"column":0},"end":{"line":28,"column":68}},"32":{"start":{"line":33,"column":0},"end":{"line":33,"column":45}},"33":{"start":{"line":34,"column":0},"end":{"line":34,"column":33}},"34":{"start":{"line":35,"column":0},"end":{"line":35,"column":61}},"35":{"start":{"line":36,"column":0},"end":{"line":36,"column":28}},"36":{"start":{"line":37,"column":0},"end":{"line":37,"column":82}},"37":{"start":{"line":38,"column":0},"end":{"line":38,"column":14}},"38":{"start":{"line":39,"column":0},"end":{"line":39,"column":11}},"45":{"start":{"line":46,"column":0},"end":{"line":46,"column":48}},"47":{"start":{"line":48,"column":0},"end":{"line":48,"column":20}},"48":{"start":{"line":49,"column":0},"end":{"line":49,"column":141}},"49":{"start":{"line":50,"column":0},"end":{"line":50,"column":10}},"51":{"start":{"line":52,"column":0},"end":{"line":52,"column":46}},"52":{"start":{"line":53,"column":0},"end":{"line":53,"column":30}},"53":{"start":{"line":54,"column":0},"end":{"line":54,"column":37}},"54":{"start":{"line":55,"column":0},"end":{"line":55,"column":43}},"55":{"start":{"line":56,"column":0},"end":{"line":56,"column":32}},"56":{"start":{"line":57,"column":0},"end":{"line":57,"column":57}},"57":{"start":{"line":58,"column":0},"end":{"line":58,"column":11}},"59":{"start":{"line":60,"column":0},"end":{"line":60,"column":73}},"61":{"start":{"line":62,"column":0},"end":{"line":62,"column":72}},"62":{"start":{"line":63,"column":0},"end":{"line":63,"column":26}},"63":{"start":{"line":64,"column":0},"end":{"line":64,"column":159}},"64":{"start":{"line":65,"column":0},"end":{"line":65,"column":14}},"66":{"start":{"line":67,"column":0},"end":{"line":67,"column":39}},"67":{"start":{"line":68,"column":0},"end":{"line":68,"column":11}},"69":{"start":{"line":70,"column":0},"end":{"line":70,"column":43}},"70":{"start":{"line":71,"column":0},"end":{"line":71,"column":109}},"71":{"start":{"line":72,"column":0},"end":{"line":72,"column":11}},"73":{"start":{"line":74,"column":0},"end":{"line":74,"column":87}},"77":{"start":{"line":78,"column":0},"end":{"line":78,"column":66}},"78":{"start":{"line":79,"column":0},"end":{"line":79,"column":107}},"79":{"start":{"line":80,"column":0},"end":{"line":80,"column":39}},"80":{"start":{"line":81,"column":0},"end":{"line":81,"column":13}},"86":{"start":{"line":87,"column":0},"end":{"line":87,"column":66}},"88":{"start":{"line":89,"column":0},"end":{"line":89,"column":107}},"89":{"start":{"line":90,"column":0},"end":{"line":90,"column":55}},"90":{"start":{"line":91,"column":0},"end":{"line":91,"column":13}},"94":{"start":{"line":95,"column":0},"end":{"line":95,"column":61}},"95":{"start":{"line":96,"column":0},"end":{"line":96,"column":45}},"96":{"start":{"line":97,"column":0},"end":{"line":97,"column":13}},"100":{"start":{"line":101,"column":0},"end":{"line":101,"column":64}},"101":{"start":{"line":102,"column":0},"end":{"line":102,"column":52}},"102":{"start":{"line":103,"column":0},"end":{"line":103,"column":13}},"108":{"start":{"line":109,"column":0},"end":{"line":109,"column":65}},"109":{"start":{"line":110,"column":0},"end":{"line":110,"column":51}},"110":{"start":{"line":111,"column":0},"end":{"line":111,"column":13}},"115":{"start":{"line":116,"column":0},"end":{"line":116,"column":64}},"116":{"start":{"line":117,"column":0},"end":{"line":117,"column":62}},"117":{"start":{"line":118,"column":0},"end":{"line":118,"column":13}},"118":{"start":{"line":119,"column":0},"end":{"line":119,"column":9}},"119":{"start":{"line":120,"column":0},"end":{"line":120,"column":5}},"121":{"start":{"line":122,"column":0},"end":{"line":122,"column":111}},"126":{"start":{"line":127,"column":0},"end":{"line":127,"column":45}},"127":{"start":{"line":128,"column":0},"end":{"line":128,"column":33}},"128":{"start":{"line":129,"column":0},"end":{"line":129,"column":61}},"129":{"start":{"line":130,"column":0},"end":{"line":130,"column":28}},"130":{"start":{"line":131,"column":0},"end":{"line":131,"column":82}},"131":{"start":{"line":132,"column":0},"end":{"line":132,"column":14}},"132":{"start":{"line":133,"column":0},"end":{"line":133,"column":11}},"139":{"start":{"line":140,"column":0},"end":{"line":140,"column":48}},"141":{"start":{"line":142,"column":0},"end":{"line":142,"column":20}},"142":{"start":{"line":143,"column":0},"end":{"line":143,"column":141}},"143":{"start":{"line":144,"column":0},"end":{"line":144,"column":10}},"145":{"start":{"line":146,"column":0},"end":{"line":146,"column":46}},"146":{"start":{"line":147,"column":0},"end":{"line":147,"column":30}},"147":{"start":{"line":148,"column":0},"end":{"line":148,"column":37}},"148":{"start":{"line":149,"column":0},"end":{"line":149,"column":43}},"149":{"start":{"line":150,"column":0},"end":{"line":150,"column":32}},"150":{"start":{"line":151,"column":0},"end":{"line":151,"column":57}},"151":{"start":{"line":152,"column":0},"end":{"line":152,"column":11}},"153":{"start":{"line":154,"column":0},"end":{"line":154,"column":52}},"155":{"start":{"line":156,"column":0},"end":{"line":156,"column":72}},"156":{"start":{"line":157,"column":0},"end":{"line":157,"column":26}},"157":{"start":{"line":158,"column":0},"end":{"line":158,"column":125}},"158":{"start":{"line":159,"column":0},"end":{"line":159,"column":14}},"159":{"start":{"line":160,"column":0},"end":{"line":160,"column":11}},"161":{"start":{"line":162,"column":0},"end":{"line":162,"column":43}},"162":{"start":{"line":163,"column":0},"end":{"line":163,"column":109}},"163":{"start":{"line":164,"column":0},"end":{"line":164,"column":11}},"165":{"start":{"line":166,"column":0},"end":{"line":166,"column":87}},"169":{"start":{"line":170,"column":0},"end":{"line":170,"column":66}},"170":{"start":{"line":171,"column":0},"end":{"line":171,"column":107}},"171":{"start":{"line":172,"column":0},"end":{"line":172,"column":42}},"172":{"start":{"line":173,"column":0},"end":{"line":173,"column":13}},"178":{"start":{"line":179,"column":0},"end":{"line":179,"column":66}},"180":{"start":{"line":181,"column":0},"end":{"line":181,"column":107}},"181":{"start":{"line":182,"column":0},"end":{"line":182,"column":57}},"182":{"start":{"line":183,"column":0},"end":{"line":183,"column":50}},"183":{"start":{"line":184,"column":0},"end":{"line":184,"column":92}},"184":{"start":{"line":185,"column":0},"end":{"line":185,"column":59}},"185":{"start":{"line":186,"column":0},"end":{"line":186,"column":46}},"186":{"start":{"line":187,"column":0},"end":{"line":187,"column":19}},"187":{"start":{"line":188,"column":0},"end":{"line":188,"column":56}},"188":{"start":{"line":189,"column":0},"end":{"line":189,"column":13}},"192":{"start":{"line":193,"column":0},"end":{"line":193,"column":61}},"193":{"start":{"line":194,"column":0},"end":{"line":194,"column":45}},"194":{"start":{"line":195,"column":0},"end":{"line":195,"column":13}},"198":{"start":{"line":199,"column":0},"end":{"line":199,"column":64}},"199":{"start":{"line":200,"column":0},"end":{"line":200,"column":52}},"200":{"start":{"line":201,"column":0},"end":{"line":201,"column":13}},"206":{"start":{"line":207,"column":0},"end":{"line":207,"column":65}},"207":{"start":{"line":208,"column":0},"end":{"line":208,"column":51}},"208":{"start":{"line":209,"column":0},"end":{"line":209,"column":13}},"213":{"start":{"line":214,"column":0},"end":{"line":214,"column":64}},"214":{"start":{"line":215,"column":0},"end":{"line":215,"column":62}},"215":{"start":{"line":216,"column":0},"end":{"line":216,"column":13}},"216":{"start":{"line":217,"column":0},"end":{"line":217,"column":9}},"217":{"start":{"line":218,"column":0},"end":{"line":218,"column":5}},"219":{"start":{"line":220,"column":0},"end":{"line":220,"column":55}},"220":{"start":{"line":221,"column":0},"end":{"line":221,"column":46}},"221":{"start":{"line":222,"column":0},"end":{"line":222,"column":5}},"223":{"start":{"line":224,"column":0},"end":{"line":224,"column":73}},"224":{"start":{"line":225,"column":0},"end":{"line":225,"column":37}},"226":{"start":{"line":227,"column":0},"end":{"line":227,"column":51}},"227":{"start":{"line":228,"column":0},"end":{"line":228,"column":37}},"229":{"start":{"line":230,"column":0},"end":{"line":230,"column":49}},"231":{"start":{"line":232,"column":0},"end":{"line":232,"column":32}},"232":{"start":{"line":233,"column":0},"end":{"line":233,"column":62}},"233":{"start":{"line":234,"column":0},"end":{"line":234,"column":16}},"234":{"start":{"line":235,"column":0},"end":{"line":235,"column":34}},"235":{"start":{"line":236,"column":0},"end":{"line":236,"column":43}},"236":{"start":{"line":237,"column":0},"end":{"line":237,"column":56}},"237":{"start":{"line":238,"column":0},"end":{"line":238,"column":26}},"238":{"start":{"line":239,"column":0},"end":{"line":239,"column":41}},"239":{"start":{"line":240,"column":0},"end":{"line":240,"column":54}},"240":{"start":{"line":241,"column":0},"end":{"line":241,"column":26}},"241":{"start":{"line":242,"column":0},"end":{"line":242,"column":43}},"242":{"start":{"line":243,"column":0},"end":{"line":243,"column":56}},"243":{"start":{"line":244,"column":0},"end":{"line":244,"column":26}},"244":{"start":{"line":245,"column":0},"end":{"line":245,"column":44}},"245":{"start":{"line":246,"column":0},"end":{"line":246,"column":57}},"246":{"start":{"line":247,"column":0},"end":{"line":247,"column":26}},"247":{"start":{"line":248,"column":0},"end":{"line":248,"column":24}},"248":{"start":{"line":249,"column":0},"end":{"line":249,"column":32}},"249":{"s
[...]
,"/Users/mauricio/Projects/lugo4ts/src/utils/shot-clock.ts": {"path":"/Users/mauricio/Projects/lugo4ts/src/utils/shot-clock.ts","all":false,"statementMap":{"2":{"start":{"line":3,"column":0},"end":{"line":3,"column":51}},"4":{"start":{"line":5,"column":0},"end":{"line":5,"column":51}},"14":{"start":{"line":15,"column":0},"end":{"line":15,"column":47}},"15":{"start":{"line":16,"column":0},"end":{"line":16,"column":39}},"16":{"start":{"line":17,"column":0},"end":{"line":17,"column":1}},"18":{"start":{"line":19,"column":0},"end":{"line":19,"column":33}},"19":{"start":{"line":20,"column":0},"end":{"line":20,"column":28}},"20":{"start":{"line":21,"column":0},"end":{"line":21,"column":19}},"21":{"start":{"line":22,"column":0},"end":{"line":22,"column":46}},"22":{"start":{"line":23,"column":0},"end":{"line":23,"column":4}},"26":{"start":{"line":27,"column":0},"end":{"line":27,"column":21}},"27":{"start":{"line":28,"column":0},"end":{"line":28,"column":86}},"28":{"start":{"line":29,"column":0},"end":{"line":29,"column":1}}},"s":{"2":1,"4":1,"14":1,"15":1,"16":1,"18":1,"19":108,"20":108,"21":108,"22":108,"26":108,"27":108,"28":108},"branchMap":{"0":{"type":"branch","line":15,"loc":{"start":{"line":15,"column":7},"end":{"line":17,"column":1}},"locations":[{"start":{"line":15,"column":7},"end":{"line":17,"column":1}}]},"1":{"type":"branch","line":19,"loc":{"start":{"line":19,"column":7},"end":{"line":29,"column":1}},"locations":[{"start":{"line":19,"column":7},"end":{"line":29,"column":1}}]},"2":{"type":"branch","line":28,"loc":{"start":{"line":28,"column":35},"end":{"line":28,"column":84}},"locations":[{"start":{"line":28,"column":35},"end":{"line":28,"column":84}}]}},"b":{"0":[1],"1":[108],"2":[107]},"fnMap":{"0":{"name":"zeroedShotClock","decl":{"start":{"line":15,"column":7},"end":{"line":17,"column":1}},"loc":{"start":{"line":15,"column":7},"end":{"line":17,"column":1}},"line":15},"1":{"name":"randomShotClock","decl":{"start":{"line":19,"column":7},"end":{"line":29,"column":1}},"loc":{"start":{"line":19,"column":7},"end":{"line":29,"column":1}},"line":19}},"f":{"0":1,"1":108}}
,"/Users/mauricio/Projects/lugo4ts/src/utils/side.ts": {"path":"/Users/mauricio/Projects/lugo4ts/src/utils/side.ts","all":false,"statementMap":{"0":{"start":{"line":1,"column":0},"end":{"line":1,"column":33}},"2":{"start":{"line":3,"column":0},"end":{"line":3,"column":47}},"3":{"start":{"line":4,"column":0},"end":{"line":4,"column":46}},"4":{"start":{"line":5,"column":0},"end":{"line":5,"column":1}},"6":{"start":{"line":7,"column":0},"end":{"line":7,"column":50}},"7":{"start":{"line":8,"column":0},"end":{"line":8,"column":56}},"8":{"start":{"line":9,"column":0},"end":{"line":9,"column":56}},"9":{"start":{"line":10,"column":0},"end":{"line":10,"column":45}},"10":{"start":{"line":11,"column":0},"end":{"line":11,"column":1}},"12":{"start":{"line":13,"column":0},"end":{"line":13,"column":44}},"13":{"start":{"line":14,"column":0},"end":{"line":14,"column":54}},"14":{"start":{"line":15,"column":0},"end":{"line":15,"column":1}},"16":{"start":{"line":17,"column":0},"end":{"line":17,"column":47}},"17":{"start":{"line":18,"column":0},"end":{"line":18,"column":38}},"18":{"start":{"line":19,"column":0},"end":{"line":19,"column":1}},"20":{"start":{"line":21,"column":0},"end":{"line":21,"column":36}},"21":{"start":{"line":22,"column":0},"end":{"line":22,"column":55}},"22":{"start":{"line":23,"column":0},"end":{"line":23,"column":1}}},"s":{"0":1,"2":1,"3":7,"4":7,"6":1,"7":13,"8":13,"9":3,"10":3,"12":1,"13":2,"14":2,"16":1,"17":10,"18":10,"20":1,"21":331,"22":331},"branchMap":{"0":{"type":"branch","line":3,"loc":{"start":{"line":3,"column":7},"end":{"line":5,"column":1}},"locations":[{"start":{"line":3,"column":7},"end":{"line":5,"column":1}}]},"1":{"type":"branch","line":4,"loc":{"start":{"line":4,"column":20},"end":{"line":4,"column":36}},"locations":[{"start":{"line":4,"column":20},"end":{"line":4,"column":36}}]},"2":{"type":"branch","line":4,"loc":{"start":{"line":4,"column":29},"end":{"line":4,"column":46}},"locations":[{"start":{"line":4,"column":29},"end":{"line":4,"column":46}}]},"3":{"type":"branch","line":7,"loc":{"start":{"line":7,"column":7},"end":{"line":11,"column":1}},"locations":[{"start":{"line":7,"column":7},"end":{"line":11,"column":1}}]},"4":{"type":"branch","line":8,"loc":{"start":{"line":8,"column":39},"end":{"line":8,"column":56}},"locations":[{"start":{"line":8,"column":39},"end":{"line":8,"column":56}}]},"5":{"type":"branch","line":8,"loc":{"start":{"line":8,"column":51},"end":{"line":9,"column":46}},"locations":[{"start":{"line":8,"column":51},"end":{"line":9,"column":46}}]},"6":{"type":"branch","line":9,"loc":{"start":{"line":9,"column":39},"end":{"line":9,"column":56}},"locations":[{"start":{"line":9,"column":39},"end":{"line":9,"column":56}}]},"7":{"type":"branch","line":9,"loc":{"start":{"line":9,"column":51},"end":{"line":11,"column":1}},"locations":[{"start":{"line":9,"column":51},"end":{"line":11,"column":1}}]},"8":{"type":"branch","line":13,"loc":{"start":{"line":13,"column":7},"end":{"line":15,"column":1}},"locations":[{"start":{"line":13,"column":7},"end":{"line":15,"column":1}}]},"9":{"type":"branch","line":14,"loc":{"start":{"line":14,"column":25},"end":{"line":14,"column":44}},"locations":[{"start":{"line":14,"column":25},"end":{"line":14,"column":44}}]},"10":{"type":"branch","line":14,"loc":{"start":{"line":14,"column":37},"end":{"line":14,"column":54}},"locations":[{"start":{"line":14,"column":37},"end":{"line":14,"column":54}}]},"11":{"type":"branch","line":17,"loc":{"start":{"line":17,"column":7},"end":{"line":19,"column":1}},"locations":[{"start":{"line":17,"column":7},"end":{"line":19,"column":1}}]},"12":{"type":"branch","line":18,"loc":{"start":{"line":18,"column":25},"end":{"line":18,"column":36}},"locations":[{"start":{"line":18,"column":25},"end":{"line":18,"column":36}}]},"13":{"type":"branch","line":18,"loc":{"start":{"line":18,"column":32},"end":{"line":18,"column":38}},"locations":[{"start":{"line":18,"column":32},"end":{"line":18,"column":38}}]},"14":{"type":"branch","line":21,"loc":{"start":{"line":21,"column":7},"end":{"line":23,"column":1}},"locations":[{"start":{"line":21,"column":7},"end":{"line":23,"column":1}}]},"15":{"type":"branch","line":22,"loc":{"start":{"line":22,"column":27},"end":{"line":22,"column":45}},"locations":[{"start":{"line":22,"column":27},"end":{"line":22,"column":45}}]},"16":{"type":"branch","line":22,"loc":{"start":{"line":22,"column":38},"end":{"line":22,"column":55}},"locations":[{"start":{"line":22,"column":38},"end":{"line":22,"column":55}}]}},"b":{"0":[7],"1":[4],"2":[3],"3":[13],"4":[8],"5":[5],"6":[2],"7":[3],"8":[2],"9":[1],"10":[1],"11":[10],"12":[5],"13":[5],"14":[331],"15":[185],"16":[146]},"fnMap":{"0":{"name":"intToSide","decl":{"start":{"line":3,"column":7},"end":{"line":5,"column":1}},"loc":{"start":{"line":3,"column":7},"end":{"line":5,"column":1}},"line":3},"1":{"name":"stringToSide","decl":{"start":{"line":7,"column":7},"end":{"line":11,"column":1}},"loc":{"start":{"line":7,"column":7},"end":{"line":11,"column":1}},"line":7},"2":{"name":"flipSide","decl":{"start":{"line":13,"column":7},"end":{"line":15,"column":1}},"loc":{"start":{"line":13,"column":7},"end":{"line":15,"column":1}},"line":13},"3":{"name":"sideToInt","decl":{"start":{"line":17,"column":7},"end":{"line":19,"column":1}},"loc":{"start":{"line":17,"column":7},"end":{"line":19,"column":1}},"line":17},"4":{"name":"randomSide","decl":{"start":{"line":21,"column":7},"end":{"line":23,"column":1}},"loc":{"start":{"line":21,"column":7},"end":{"line":23,"column":1}},"line":21}},"f":{"0":7,"1":13,"2":2,"3":10,"4":331}}
,"/Users/mauricio/Projects/lugo4ts/src/utils/team.ts": {"path":"/Users/mauricio/Projects/lugo4ts/src/utils/team.ts","all":false,"statementMap":{"2":{"start":{"line":3,"column":0},"end":{"line":3,"column":39}},"4":{"start":{"line":5,"column":0},"end":{"line":5,"column":65}},"6":{"start":{"line":7,"column":0},"end":{"line":7,"column":73}},"16":{"start":{"line":17,"column":0},"end":{"line":17,"column":37}},"17":{"start":{"line":18,"column":0},"end":{"line":18,"column":53}},"18":{"start":{"line":19,"column":0},"end":{"line":19,"column":1}},"20":{"start":{"line":21,"column":0},"end":{"line":21,"column":28}},"21":{"start":{"line":22,"column":0},"end":{"line":22,"column":40}},"22":{"start":{"line":23,"column":0},"end":{"line":23,"column":24}},"23":{"start":{"line":24,"column":0},"end":{"line":24,"column":18}},"24":{"start":{"line":25,"column":0},"end":{"line":25,"column":14}},"25":{"start":{"line":26,"column":0},"end":{"line":26,"column":17}},"26":{"start":{"line":27,"column":0},"end":{"line":27,"column":4}},"32":{"start":{"line":33,"column":0},"end":{"line":33,"column":16}},"33":{"start":{"line":34,"column":0},"end":{"line":34,"column":28}},"34":{"start":{"line":35,"column":0},"end":{"line":35,"column":88}},"35":{"start":{"line":36,"column":0},"end":{"line":36,"column":7}},"37":{"start":{"line":38,"column":0},"end":{"line":38,"column":43}},"38":{"start":{"line":39,"column":0},"end":{"line":39,"column":30}},"39":{"start":{"line":40,"column":0},"end":{"line":40,"column":46}},"40":{"start":{"line":41,"column":0},"end":{"line":41,"column":60}},"41":{"start":{"line":42,"column":0},"end":{"line":42,"column":9}},"42":{"start":{"line":43,"column":0},"end":{"line":43,"column":40}},"43":{"start":{"line":44,"column":0},"end":{"line":44,"column":5}},"45":{"start":{"line":46,"column":0},"end":{"line":46,"column":48}},"47":{"start":{"line":48,"column":0},"end":{"line":48,"column":61}},"48":{"start":{"line":49,"column":0},"end":{"line":49,"column":44}},"49":{"start":{"line":50,"column":0},"end":{"line":50,"column":62}},"50":{"start":{"line":51,"column":0},"end":{"line":51,"column":30}},"51":{"start":{"line":52,"column":0},"end":{"line":52,"column":5}},"53":{"start":{"line":54,"column":0},"end":{"line":54,"column":62}},"55":{"start":{"line":56,"column":0},"end":{"line":56,"column":52}},"56":{"start":{"line":57,"column":0},"end":{"line":57,"column":1}}},"s":{"2":1,"4":1,"6":1,"16":1,"17":1,"18":1,"20":1,"21":360,"22":360,"23":360,"24":360,"25":360,"26":360,"32":360,"33":360,"34":106,"35":360,"37":360,"38":360,"39":101,"40":1,"41":1,"42":100,"43":100,"45":356,"47":360,"48":3789,"49":3769,"50":3769,"51":3769,"53":356,"55":356,"56":356},"branchMap":{"0":{"type":"branch","line":17,"loc":{"start":{"line":17,"column":7},"end":{"line":19,"column":1}},"locations":[{"start":{"line":17,"column":7},"end":{"line":19,"column":1}}]},"1":{"type":"branch","line":21,"loc":{"start":{"line":21,"column":7},"end":{"line":57,"column":1}},"locations":[{"start":{"line":21,"column":7},"end":{"line":57,"column":1}}]},"2":{"type":"branch","line":39,"loc":{"start":{"line":39,"column":29},"end":{"line":44,"column":5}},"locations":[{"start":{"line":39,"column":29},"end":{"line":44,"column":5}}]},"3":{"type":"branch","line":40,"loc":{"start":{"line":40,"column":45},"end":{"line":42,"column":9}},"locations":[{"start":{"line":40,"column":45},"end":{"line":42,"column":9}}]},"4":{"type":"branch","line":42,"loc":{"start":{"line":42,"column":8},"end":{"line":44,"column":5}},"locations":[{"start":{"line":42,"column":8},"end":{"line":44,"column":5}}]},"5":{"type":"branch","line":44,"loc":{"start":{"line":44,"column":4},"end":{"line":48,"column":60}},"locations":[{"start":{"line":44,"column":4},"end":{"line":48,"column":60}}]},"6":{"type":"branch","line":48,"loc":{"start":{"line":48,"column":60},"end":{"line":52,"column":5}},"locations":[{"start":{"line":48,"column":60},"end":{"line":52,"column":5}}]},"7":{"type":"branch","line":49,"loc":{"start":{"line":49,"column":35},"end":{"line":49,"column":44}},"locations":[{"start":{"line":49,"column":35},"end":{"line":49,"column":44}}]},"8":{"type":"branch","line":49,"loc":{"start":{"line":49,"column":35},"end":{"line":52,"column":5}},"locations":[{"start":{"line":49,"column":35},"end":{"line":52,"column":5}}]},"9":{"type":"branch","line":52,"loc":{"start":{"line":52,"column":4},"end":{"line":57,"column":1}},"locations":[{"start":{"line":52,"column":4},"end":{"line":57,"column":1}}]},"10":{"type":"branch","line":34,"loc":{"start":{"line":34,"column":20},"end":{"line":36,"column":5}},"locations":[{"start":{"line":34,"column":20},"end":{"line":36,"column":5}}]},"11":{"type":"branch","line":35,"loc":{"start":{"line":35,"column":38},"end":{"line":35,"column":88}},"locations":[{"start":{"line":35,"column":38},"end":{"line":35,"column":88}}]},"12":{"type":"branch","line":54,"loc":{"start":{"line":54,"column":21},"end":{"line":54,"column":60}},"locations":[{"start":{"line":54,"column":21},"end":{"line":54,"column":60}}]}},"b":{"0":[1],"1":[360],"2":[101],"3":[1],"4":[100],"5":[356],"6":[3789],"7":[20],"8":[3769],"9":[356],"10":[106],"11":[3],"12":[3514]},"fnMap":{"0":{"name":"zeroedTeam","decl":{"start":{"line":17,"column":7},"end":{"line":19,"column":1}},"loc":{"start":{"line":17,"column":7},"end":{"line":19,"column":1}},"line":17},"1":{"name":"randomTeam","decl":{"start":{"line":21,"column":7},"end":{"line":57,"column":1}},"loc":{"start":{"line":21,"column":7},"end":{"line":57,"column":1}},"line":21}},"f":{"0":1,"1":360}}
,"/Users/mauricio/Projects/lugo4ts/src/utils/time.ts": {"path":"/Users/mauricio/Projects/lugo4ts/src/utils/time.ts","all":false,"statementMap":{"0":{"start":{"line":1,"column":0},"end":{"line":1,"column":50}},"1":{"start":{"line":2,"column":0},"end":{"line":2,"column":61}},"2":{"start":{"line":3,"column":0},"end":{"line":3,"column":1}}},"s":{"0":1,"1":1,"2":1},"branchMap":{"0":{"type":"branch","line":1,"loc":{"start":{"line":1,"column":7},"end":{"line":3,"column":1}},"locations":[{"start":{"line":1,"column":7},"end":{"line":3,"column":1}}]},"1":{"type":"branch","line":2,"loc":{"start":{"line":2,"column":23},"end":{"line":2,"column":59}},"locations":[{"start":{"line":2,"column":23},"end":{"line":2,"column":59}}]}},"b":{"0":[1],"1":[1]},"fnMap":{"0":{"name":"sleep","decl":{"start":{"line":1,"column":7},"end":{"line":3,"column":1}},"loc":{"start":{"line":1,"column":7},"end":{"line":3,"column":1}},"line":1}},"f":{"0":1}}
,"/Users/mauricio/Projects/lugo4ts/src/utils/vector.ts": {"path":"/Users/mauricio/Projects/lugo4ts/src/utils/vector.ts","all":false,"statementMap":{"2":{"start":{"line":3,"column":0},"end":{"line":3,"column":37}},"4":{"start":{"line":5,"column":0},"end":{"line":5,"column":41}},"10":{"start":{"line":11,"column":0},"end":{"line":11,"column":60}},"11":{"start":{"line":12,"column":0},"end":{"line":12,"column":54}},"12":{"start":{"line":13,"column":0},"end":{"line":13,"column":1}},"18":{"start":{"line":19,"column":0},"end":{"line":19,"column":43}},"19":{"start":{"line":20,"column":0},"end":{"line":20,"column":30}},"20":{"start":{"line":21,"column":0},"end":{"line":21,"column":1}},"22":{"start":{"line":23,"column":0},"end":{"line":23,"column":44}},"23":{"start":{"line":24,"column":0},"end":{"line":24,"column":33}},"24":{"start":{"line":25,"column":0},"end":{"line":25,"column":33}},"25":{"start":{"line":26,"column":0},"end":{"line":26,"column":42}},"26":{"start":{"line":27,"column":0},"end":{"line":27,"column":1}}},"s":{"2":1,"4":1,"10":1,"11":1,"12":1,"18":1,"19":1,"20":1,"22":1,"23":4345,"24":4345,"25":4345,"26":4345},"branchMap":{"0":{"type":"branch","line":11,"loc":{"start":{"line":11,"column":7},"end":{"line":13,"column":1}},"locations":[{"start":{"line":11,"column":7},"end":{"line":13,"column":1}}]},"1":{"type":"branch","line":19,"loc":{"start":{"line":19,"column":7},"end":{"line":21,"column":1}},"locations":[{"start":{"line":19,"column":7},"end":{"line":21,"column":1}}]},"2":{"type":"branch","line":23,"loc":{"start":{"line":23,"column":7},"end":{"line":27,"column":1}},"locations":[{"start":{"line":23,"column":7},"end":{"line":27,"column":1}}]}},"b":{"0":[1],"1":[1],"2":[4345]},"fnMap":{"0":{"name":"vector2DToPoint","decl":{"start":{"line":11,"column":7},"end":{"line":13,"column":1}},"loc":{"start":{"line":11,"column":7},"end":{"line":13,"column":1}},"line":11},"1":{"name":"zeroedVector","decl":{"start":{"line":19,"column":7},"end":{"line":21,"column":1}},"loc":{"start":{"line":19,"column":7},"end":{"line":21,"column":1}},"line":19},"2":{"name":"randomVector2D","decl":{"start":{"line":23,"column":7},"end":{"line":27,"column":1}},"loc":{"start":{"line":23,"column":7},"end":{"line":27,"column":1}},"line":23}},"f":{"0":1,"1":1,"2":4345}}
,"/Users/mauricio/Projects/lugo4ts/src/utils/velocity.ts": {"path":"/Users/mauricio/Projects/lugo4ts/src/utils/velocity.ts","all":false,"statementMap":{"2":{"start":{"line":3,"column":0},"end":{"line":3,"column":54}},"4":{"start":{"line":5,"column":0},"end":{"line":5,"column":57}},"14":{"start":{"line":15,"column":0},"end":{"line":15,"column":36}},"18":{"start":{"line":19,"column":0},"end":{"line":19,"column":20}},"19":{"start":{"line":20,"column":0},"end":{"line":20,"column":47}},"20":{"start":{"line":21,"column":0},"end":{"line":21,"column":1}},"22":{"start":{"line":23,"column":0},"end":{"line":23,"column":32}},"23":{"start":{"line":24,"column":0},"end":{"line":24,"column":33}},"24":{"start":{"line":25,"column":0},"end":{"line":25,"column":10}},"25":{"start":{"line":26,"column":0},"end":{"line":26,"column":38}},"26":{"start":{"line":27,"column":0},"end":{"line":27,"column":82}},"27":{"start":{"line":28,"column":0},"end":{"line":28,"column":92}},"28":{"start":{"line":29,"column":0},"end":{"line":29,"column":20}},"29":{"start":{"line":30,"column":0},"end":{"line":30,"column":1}}},"s":{"2":1,"4":1,"14":1,"18":9,"19":9,"20":9,"22":1,"23":4245,"24":4245,"25":4245,"26":4245,"27":4245,"28":4245,"29":4245},"branchMap":{"0":{"type":"branch","line":15,"loc":{"start":{"line":15,"column":7},"end":{"line":21,"column":1}},"locations":[{"start":{"line":15,"column":7},"end":{"line":21,"column":1}}]},"1":{"type":"branch","line":23,"loc":{"start":{"line":23,"column":7},"end":{"line":30,"column":1}},"locations":[{"start":{"line":23,"column":7},"end":{"line":30,"column":1}}]},"2":{"type":"branch","line":28,"loc":{"start":{"line":28,"column":57},"end":{"line":28,"column":90}},"locations":[{"start":{"line":28,"column":57},"end":{"line":28,"column":90}}]}},"b":{"0":[9],"1":[4245],"2":[4243]},"fnMap":{"0":{"name":"zeroedVelocity","decl":{"start":{"line":15,"column":7},"end":{"line":21,"column":1}},"loc":{"start":{"line":15,"column":7},"end":{"line":21,"column":1}},"line":15},"1":{"name":"randomVelocity","decl":{"start":{"line":23,"column":7},"end":{"line":30,"column":1}},"loc":{"start":{"line":23,"column":7},"end":{"line":30,"column":1}},"line":23}},"f":{"0":9,"1":4245}}
}
